#
# A fatal error has been detected by the Java Runtime Environment:
#
#  SIGSEGV (0xb) at pc=0x00007fff67400e52, pid=23864, tid=22535
#
# JRE version: Java(TM) SE Runtime Environment (8.0_45-b14) (build 1.8.0_45-b14)
# Java VM: Java HotSpot(TM) 64-Bit Server VM (25.45-b02 mixed mode bsd-amd64 compressed oops)
# Problematic frame:
# C  [libsystem_platform.dylib+0xe52]  _platform_strlen+0x12
#
# Failed to write core dump. Core dumps have been disabled. To enable core dumping, try "ulimit -c unlimited" before starting Java again
#
# If you would like to submit a bug report, please visit:
#   http://bugreport.java.com/bugreport/crash.jsp
# The crash happened outside the Java Virtual Machine in native code.
# See problematic frame for where to report the bug.
#

---------------  T H R E A D  ---------------

Current thread (0x00007fdc85301800):  JavaThread "clojure-agent-send-off-pool-4" [_thread_in_native, id=22535, stack(0x000070000f33f000,0x000070000f43f000)]

siginfo: si_signo: 11 (SIGSEGV), si_code: 1 (SEGV_MAPERR), si_addr: 0x0000000000000000

Registers:
RAX=0x000000000000000b, RBX=0x0000000000000001, RCX=0x000000000000000b, RDX=0x000000000000000b
RSP=0x000070000f43c090, RBP=0x000070000f43c090, RSI=0x0000000000000001, RDI=0x0000000000000000
R8 =0x0000000000000000, R9 =0x000070000f43cbb0, R10=0x00007fff8d992388, R11=0x00007fff296eb03c
R12=0x0000000000000073, R13=0x0000000000000000, R14=0xffffffffffffffff, R15=0x00007fff296eb03e
RIP=0x00007fff67400e52, EFLAGS=0x0000000000010246, ERR=0x0000000000000004
  TRAPNO=0x000000000000000e

Top of Stack: (sp=0x000070000f43c090)
0x000070000f43c090:   000070000f43c420 00007fff6729c891
0x000070000f43c0a0:   000000076ef373e0 000000010911d510
0x000070000f43c0b0:   000000072261ab48 0000000000000000
0x000070000f43c0c0:   00000007222ea7a0 0000000722c60dd0
0x000070000f43c0d0:   00000007223b14f8 0000000108ada918
0x000070000f43c0e0:   00000000d8095e0e 000070000f43c528
0x000070000f43c0f0:   0000000000000001 00007fdc8240e54c
0x000070000f43c100:   0000000000000001 0000000000000000
0x000070000f43c110:   0000000000000001 000000012badf190
0x000070000f43c120:   00007fff296eb031 000000078184a038
0x000070000f43c130:   000000078184a358 0000000622267dd8
0x000070000f43c140:   00007fff296eb03c 00000007c019a6a8
0x000070000f43c150:   0000000000000000 0000000000000000
0x000070000f43c160:   0000000000000009 000070000f43c528
0x000070000f43c170:   000070000f43c180 0000000b00000001
0x000070000f43c180:   00007fff296eb031 000000000000000b
0x000070000f43c190:   000070000f43c357 0000000000000009
0x000070000f43c1a0:   00000006c00a6540 0000000622269b70
0x000070000f43c1b0:   00000007c00016d0 00000001221d8908
0x000070000f43c1c0:   00000006221d7a88 0000000108650088
0x000070000f43c1d0:   00000006c01edab0 000000078184a4d0
0x000070000f43c1e0:   00000006c0055090 00000000f8011be8
0x000070000f43c1f0:   0000000000000000 000000078184ab68
0x000070000f43c200:   00000006c0055090 0000000622269b50
0x000070000f43c210:   00000006221d88e8 0000000000000000
0x000070000f43c220:   f8011ce4f8011d62 0000000600000000
0x000070000f43c230:   0000000600005d10 0000000000000000
0x000070000f43c240:   000070000f43cbb0 000070000f43cbb8
0x000070000f43c250:   00000006c0055090 0000000023abd484
0x000070000f43c260:   0000000000000000 000000000000000b
0x000070000f43c270:   000000022bb2a9f8 ffffffffffffffff
0x000070000f43c280:   000000000000000b 00007fff8d992388 

Instructions: (pc=0x00007fff67400e52)
0x00007fff67400e32:   90 90 90 90 90 90 90 90 90 90 90 90 90 90 55 48
0x00007fff67400e42:   89 e5 48 89 f9 48 89 fa 48 83 e7 f0 66 0f ef c0
0x00007fff67400e52:   66 0f 74 07 66 0f d7 f0 48 83 e1 0f 48 83 c8 ff
0x00007fff67400e62:   48 d3 e0 21 c6 74 17 0f bc c6 48 29 d7 48 01 f8 

Register to memory mapping:

RAX=0x000000000000000b is an unknown value
RBX=0x0000000000000001 is an unknown value
RCX=0x000000000000000b is an unknown value
RDX=0x000000000000000b is an unknown value
RSP=0x000070000f43c090 is pointing into the stack for thread: 0x00007fdc85301800
RBP=0x000070000f43c090 is pointing into the stack for thread: 0x00007fdc85301800
RSI=0x0000000000000001 is an unknown value
RDI=0x0000000000000000 is an unknown value
R8 =0x0000000000000000 is an unknown value
R9 =0x000070000f43cbb0 is pointing into the stack for thread: 0x00007fdc85301800
R10=0x00007fff8d992388: __global_locale+0 in /usr/lib/system/libsystem_c.dylib at 0x00007fff6725a000
R11=0x00007fff296eb03c: ATLU_DestroyThreadMemory+0x1379 in /System/Library/Frameworks/Accelerate.framework/Versions/A/Frameworks/vecLib.framework/Versions/A/libBLAS.dylib at 0x00007fff29486000
R12=0x0000000000000073 is an unknown value
R13=0x0000000000000000 is an unknown value
R14=0xffffffffffffffff is an unknown value
R15=0x00007fff296eb03e: ATLU_DestroyThreadMemory+0x137b in /System/Library/Frameworks/Accelerate.framework/Versions/A/Frameworks/vecLib.framework/Versions/A/libBLAS.dylib at 0x00007fff29486000


Stack: [0x000070000f33f000,0x000070000f43f000],  sp=0x000070000f43c090,  free space=1012k
Native frames: (J=compiled Java code, j=interpreted, Vv=VM code, C=native code)
C  [libsystem_platform.dylib+0xe52]  _platform_strlen+0x12
C  [libsystem_c.dylib+0x42891]  __vfprintf+0x1503
C  [libsystem_c.dylib+0x68ad3]  __v2printf+0x1db
C  [libsystem_c.dylib+0x68d5b]  __xvprintf+0x140
C  [libsystem_c.dylib+0x412b2]  vfprintf_l+0x36
C  [libsystem_c.dylib+0x3a15d]  fprintf+0xa0
C  [libBLAS.dylib+0x263b62]  cblas_ztrsv+0xca9
C  [libBLAS.dylib+0x263bbf]  cblas_xerbla+0x23
C  [libmkl_intel_lp64.dylib+0x10dd17]  cblas_dgemm+0x1f7
j  uncomplicate.neanderthal.internal.host.CBLAS.dgemm(IIIIIIDLjava/nio/Buffer;IILjava/nio/Buffer;IIDLjava/nio/Buffer;II)V+0
j  uncomplicate.neanderthal.internal.host.mkl.DoubleGEEngine.mm(Ljava/lang/Object;Ljava/lang/Object;Ljava/lang/Object;Ljava/lang/Object;Ljava/lang/Object;Ljava/lang/Object;)Ljava/lang/Object;+350
j  uncomplicate.neanderthal.core$mm_BANG_.invokeStatic(Ljava/lang/Object;Ljava/lang/Object;Ljava/lang/Object;Ljava/lang/Object;Ljava/lang/Object;)Ljava/lang/Object;+415
j  uncomplicate.neanderthal.core$mm_BANG_.invoke(Ljava/lang/Object;Ljava/lang/Object;Ljava/lang/Object;Ljava/lang/Object;Ljava/lang/Object;)Ljava/lang/Object;+19
j  uncomplicate.neanderthal.core$mm_STAR_.invokeStatic(Ljava/lang/Object;Ljava/lang/Object;Ljava/lang/Object;)Ljava/lang/Object;+181
j  uncomplicate.neanderthal.core$mm_STAR_.invoke(Ljava/lang/Object;Ljava/lang/Object;Ljava/lang/Object;)Ljava/lang/Object;+9
j  uncomplicate.neanderthal.core$mm.invokeStatic(Ljava/lang/Object;Ljava/lang/Object;)Ljava/lang/Object;+18
j  uncomplicate.neanderthal.core$mm.invoke(Ljava/lang/Object;Ljava/lang/Object;)Ljava/lang/Object;+6
j  provisdom.neanderthal_matrix.core$mx_STAR_.invokeStatic(Ljava/lang/Object;Ljava/lang/Object;)Ljava/lang/Object;+15
j  provisdom.neanderthal_matrix.core$mx_STAR_.invoke(Ljava/lang/Object;Ljava/lang/Object;)Ljava/lang/Object;+6
j  provisdom.neanderthal_matrix.core$lls_with_error.invokeStatic(Ljava/lang/Object;Ljava/lang/Object;)Ljava/lang/Object;+134
j  provisdom.neanderthal_matrix.core$lls_with_error.invoke(Ljava/lang/Object;Ljava/lang/Object;)Ljava/lang/Object;+6
J 4966 C2 clojure.lang.AFn.applyToHelper(Lclojure/lang/IFn;Lclojure/lang/ISeq;)Ljava/lang/Object; (3238 bytes) @ 0x00000001092b3578 [0x00000001092b2ec0+0x6b8]

Java frames: (J=compiled Java code, j=interpreted, Vv=VM code)
j  uncomplicate.neanderthal.internal.host.CBLAS.dgemm(IIIIIIDLjava/nio/Buffer;IILjava/nio/Buffer;IIDLjava/nio/Buffer;II)V+0
j  uncomplicate.neanderthal.internal.host.mkl.DoubleGEEngine.mm(Ljava/lang/Object;Ljava/lang/Object;Ljava/lang/Object;Ljava/lang/Object;Ljava/lang/Object;Ljava/lang/Object;)Ljava/lang/Object;+350
j  uncomplicate.neanderthal.core$mm_BANG_.invokeStatic(Ljava/lang/Object;Ljava/lang/Object;Ljava/lang/Object;Ljava/lang/Object;Ljava/lang/Object;)Ljava/lang/Object;+415
j  uncomplicate.neanderthal.core$mm_BANG_.invoke(Ljava/lang/Object;Ljava/lang/Object;Ljava/lang/Object;Ljava/lang/Object;Ljava/lang/Object;)Ljava/lang/Object;+19
j  uncomplicate.neanderthal.core$mm_STAR_.invokeStatic(Ljava/lang/Object;Ljava/lang/Object;Ljava/lang/Object;)Ljava/lang/Object;+181
j  uncomplicate.neanderthal.core$mm_STAR_.invoke(Ljava/lang/Object;Ljava/lang/Object;Ljava/lang/Object;)Ljava/lang/Object;+9
j  uncomplicate.neanderthal.core$mm.invokeStatic(Ljava/lang/Object;Ljava/lang/Object;)Ljava/lang/Object;+18
j  uncomplicate.neanderthal.core$mm.invoke(Ljava/lang/Object;Ljava/lang/Object;)Ljava/lang/Object;+6
j  provisdom.neanderthal_matrix.core$mx_STAR_.invokeStatic(Ljava/lang/Object;Ljava/lang/Object;)Ljava/lang/Object;+15
j  provisdom.neanderthal_matrix.core$mx_STAR_.invoke(Ljava/lang/Object;Ljava/lang/Object;)Ljava/lang/Object;+6
j  provisdom.neanderthal_matrix.core$lls_with_error.invokeStatic(Ljava/lang/Object;Ljava/lang/Object;)Ljava/lang/Object;+134
j  provisdom.neanderthal_matrix.core$lls_with_error.invoke(Ljava/lang/Object;Ljava/lang/Object;)Ljava/lang/Object;+6
J 4966 C2 clojure.lang.AFn.applyToHelper(Lclojure/lang/IFn;Lclojure/lang/ISeq;)Ljava/lang/Object; (3238 bytes) @ 0x00000001092b3578 [0x00000001092b2ec0+0x6b8]
J 3533 C2 clojure.lang.AFn.applyTo(Lclojure/lang/ISeq;)Ljava/lang/Object; (12 bytes) @ 0x00000001082ea9d4 [0x00000001082ea9a0+0x34]
j  orchestra.spec.test$spec_checking_fn$fn__1466.doInvoke(Ljava/lang/Object;)Ljava/lang/Object;+121
J 4165 C2 clojure.lang.RestFn.applyTo(Lclojure/lang/ISeq;)Ljava/lang/Object; (3076 bytes) @ 0x0000000109002dc0 [0x0000000109002920+0x4a0]
J 4356 C2 clojure.core$apply.invoke(Ljava/lang/Object;Ljava/lang/Object;)Ljava/lang/Object; (10 bytes) @ 0x0000000108752f68 [0x0000000108752ec0+0xa8]
j  clojure.spec.test.alpha$check_call.invokeStatic(Ljava/lang/Object;Ljava/lang/Object;Ljava/lang/Object;)Ljava/lang/Object;+204
j  clojure.spec.test.alpha$check_call.invoke(Ljava/lang/Object;Ljava/lang/Object;Ljava/lang/Object;)Ljava/lang/Object;+9
j  clojure.spec.test.alpha$quick_check$fn__3069.invoke(Ljava/lang/Object;)Ljava/lang/Object;+22
J 4966 C2 clojure.lang.AFn.applyToHelper(Lclojure/lang/IFn;Lclojure/lang/ISeq;)Ljava/lang/Object; (3238 bytes) @ 0x00000001092b3618 [0x00000001092b2ec0+0x758]
J 3533 C2 clojure.lang.AFn.applyTo(Lclojure/lang/ISeq;)Ljava/lang/Object; (12 bytes) @ 0x00000001082ea9d4 [0x00000001082ea9a0+0x34]
J 4356 C2 clojure.core$apply.invoke(Ljava/lang/Object;Ljava/lang/Object;)Ljava/lang/Object; (10 bytes) @ 0x0000000108752f68 [0x0000000108752ec0+0xa8]
j  clojure.test.check.properties$apply_gen$fn__34228$fn__34229.invoke()Ljava/lang/Object;+27
j  clojure.test.check.properties$apply_gen$fn__34228.invoke(Ljava/lang/Object;)Ljava/lang/Object;+15
J 5103 C2 clojure.test.check.generators$fmap$fn__33696.invoke(Ljava/lang/Object;)Ljava/lang/Object; (24 bytes) @ 0x00000001094a4a28 [0x00000001094a4920+0x108]
J 4881 C2 clojure.test.check.generators$gen_fmap$fn__33670.invoke(Ljava/lang/Object;Ljava/lang/Object;)Ljava/lang/Object; (33 bytes) @ 0x000000010911d510 [0x000000010911d460+0xb0]
J 4835 C2 clojure.test.check.generators$call_gen.invoke(Ljava/lang/Object;Ljava/lang/Object;Ljava/lang/Object;)Ljava/lang/Object; (13 bytes) @ 0x0000000108e0bc84 [0x0000000108e0bb40+0x144]
j  clojure.test.check$quick_check.invokeStatic(Ljava/lang/Object;Ljava/lang/Object;Lclojure/lang/ISeq;)Ljava/lang/Object;+425
j  clojure.test.check$quick_check.doInvoke(Ljava/lang/Object;Ljava/lang/Object;Ljava/lang/Object;)Ljava/lang/Object;+12
J 2540 C1 clojure.lang.RestFn.invoke(Ljava/lang/Object;Ljava/lang/Object;)Ljava/lang/Object; (119 bytes) @ 0x0000000108c06a64 [0x0000000108c05a20+0x1044]
J 4352 C2 clojure.lang.AFn.applyToHelper(Lclojure/lang/IFn;Lclojure/lang/ISeq;)Ljava/lang/Object; (3238 bytes) @ 0x0000000109104fd4 [0x0000000109104480+0xb54]
J 4165 C2 clojure.lang.RestFn.applyTo(Lclojure/lang/ISeq;)Ljava/lang/Object; (3076 bytes) @ 0x00000001090029cc [0x0000000109002920+0xac]
J 4356 C2 clojure.core$apply.invoke(Ljava/lang/Object;Ljava/lang/Object;)Ljava/lang/Object; (10 bytes) @ 0x0000000108752f68 [0x0000000108752ec0+0xa8]
j  clojure.spec.gen.alpha$quick_check.invokeStatic(Lclojure/lang/ISeq;)Ljava/lang/Object;+32
j  clojure.spec.gen.alpha$quick_check.doInvoke(Ljava/lang/Object;)Ljava/lang/Object;+6
J 4165 C2 clojure.lang.RestFn.applyTo(Lclojure/lang/ISeq;)Ljava/lang/Object; (3076 bytes) @ 0x0000000109002dc0 [0x0000000109002920+0x4a0]
j  clojure.core$apply.invokeStatic(Ljava/lang/Object;Ljava/lang/Object;Ljava/lang/Object;Ljava/lang/Object;)Ljava/lang/Object;+21
j  clojure.core$apply.invoke(Ljava/lang/Object;Ljava/lang/Object;Ljava/lang/Object;Ljava/lang/Object;)Ljava/lang/Object;+14
j  clojure.spec.test.alpha$quick_check.invokeStatic(Ljava/lang/Object;Ljava/lang/Object;Ljava/lang/Object;)Ljava/lang/Object;+327
j  clojure.spec.test.alpha$quick_check.invoke(Ljava/lang/Object;Ljava/lang/Object;Ljava/lang/Object;)Ljava/lang/Object;+9
j  clojure.spec.test.alpha$check_1.invokeStatic(Ljava/lang/Object;Ljava/lang/Object;)Ljava/lang/Object;+548
j  clojure.spec.test.alpha$check_1.invoke(Ljava/lang/Object;Ljava/lang/Object;)Ljava/lang/Object;+6
j  clojure.spec.test.alpha$check$fn__3088.invoke(Ljava/lang/Object;)Ljava/lang/Object;+32
j  clojure.core$pmap$fn__8462$fn__8463.invoke()Ljava/lang/Object;+23
j  clojure.core$binding_conveyor_fn$fn__5754.invoke()Ljava/lang/Object;+16
j  clojure.lang.AFn.call()Ljava/lang/Object;+1
j  java.util.concurrent.FutureTask.run()V+42
j  java.util.concurrent.ThreadPoolExecutor.runWorker(Ljava/util/concurrent/ThreadPoolExecutor$Worker;)V+95
j  java.util.concurrent.ThreadPoolExecutor$Worker.run()V+5
j  java.lang.Thread.run()V+11
v  ~StubRoutines::call_stub

---------------  P R O C E S S  ---------------

Java Threads: ( => current thread )
=>0x00007fdc85301800 JavaThread "clojure-agent-send-off-pool-4" [_thread_in_native, id=22535, stack(0x000070000f33f000,0x000070000f43f000)]
  0x00007fdc83d25800 JavaThread "nRepl-session-fb0ea8a1-f2ff-496b-b4fe-724a0dfcf3e0" daemon [_thread_blocked, id=41987, stack(0x000070000f84e000,0x000070000f94e000)]
  0x00007fdc8b88b000 JavaThread "nRepl-session-3c19b159-a130-4414-b6bf-ba8d2bd779ee" daemon [_thread_blocked, id=23811, stack(0x000070000f74b000,0x000070000f84b000)]
  0x00007fdc837fe800 JavaThread "clojure-agent-send-off-pool-3" [_thread_in_native, id=23555, stack(0x000070000f648000,0x000070000f748000)]
  0x00007fdc83d24800 JavaThread "clojure-agent-send-off-pool-2" [_thread_in_native, id=23299, stack(0x000070000f545000,0x000070000f645000)]
  0x00007fdc82cac800 JavaThread "clojure-agent-send-off-pool-1" [_thread_blocked, id=23043, stack(0x000070000f442000,0x000070000f542000)]
  0x00007fdc88821800 JavaThread "Attach Listener" daemon [_thread_blocked, id=22019, stack(0x000070000f23c000,0x000070000f33c000)]
  0x00007fdc85021800 JavaThread "Service Thread" daemon [_thread_blocked, id=16643, stack(0x000070000f036000,0x000070000f136000)]
  0x00007fdc83112800 JavaThread "C1 CompilerThread3" daemon [_thread_blocked, id=17411, stack(0x000070000ef33000,0x000070000f033000)]
  0x00007fdc83111800 JavaThread "C2 CompilerThread2" daemon [_thread_blocked, id=16131, stack(0x000070000ee30000,0x000070000ef30000)]
  0x00007fdc83111000 JavaThread "C2 CompilerThread1" daemon [_thread_blocked, id=15875, stack(0x000070000ed2d000,0x000070000ee2d000)]
  0x00007fdc85021000 JavaThread "C2 CompilerThread0" daemon [_thread_blocked, id=18179, stack(0x000070000ec2a000,0x000070000ed2a000)]
  0x00007fdc8501d800 JavaThread "Monitor Ctrl-Break" daemon [_thread_in_native, id=15619, stack(0x000070000eb27000,0x000070000ec27000)]
  0x00007fdc82810000 JavaThread "Signal Dispatcher" daemon [_thread_blocked, id=15363, stack(0x000070000ea24000,0x000070000eb24000)]
  0x00007fdc8304f000 JavaThread "Finalizer" daemon [_thread_blocked, id=13059, stack(0x000070000e81b000,0x000070000e91b000)]
  0x00007fdc8304e800 JavaThread "Reference Handler" daemon [_thread_blocked, id=12803, stack(0x000070000e718000,0x000070000e818000)]
  0x00007fdc84808800 JavaThread "main" [_thread_blocked, id=3843, stack(0x000070000dcfa000,0x000070000ddfa000)]

Other Threads:
  0x00007fdc8304c000 VMThread [stack: 0x000070000e615000,0x000070000e715000] [id=12547]
  0x00007fdc85028800 WatcherThread [stack: 0x000070000f139000,0x000070000f239000] [id=21763]

VM state:not at safepoint (normal execution)

VM Mutex/Monitor currently owned by a thread: None

Heap:
 PSYoungGen      total 428544K, used 383878K [0x000000076ab00000, 0x0000000786f80000, 0x00000007c0000000)
  eden space 418816K, 89% used [0x000000076ab00000,0x0000000781868d90,0x0000000784400000)
  from space 9728K, 99% used [0x0000000785380000,0x0000000785cf8cc8,0x0000000785d00000)
  to   space 15872K, 0% used [0x0000000784400000,0x0000000784400000,0x0000000785380000)
 ParOldGen       total 213504K, used 34884K [0x00000006c0000000, 0x00000006cd080000, 0x000000076ab00000)
  object space 213504K, 16% used [0x00000006c0000000,0x00000006c22111c8,0x00000006cd080000)
 Metaspace       used 47865K, capacity 68682K, committed 68992K, reserved 1099776K
  class space    used 12058K, capacity 18479K, committed 18560K, reserved 1048576K

Card table byte_map: [0x0000000105b29000,0x000000010632a000] byte_map_base: 0x0000000102529000

Marking Bits: (ParMarkBitMap*) 0x00000001050c27a0
 Begin Bits: [0x00000001171c4000, 0x000000011b1c4000)
 End Bits:   [0x000000011b1c4000, 0x000000011f1c4000)

Polling page: 0x000000010367e000

CodeCache: size=245760Kb used=18885Kb max_used=19293Kb free=226874Kb
 bounds [0x00000001081c4000, 0x00000001094b4000, 0x00000001171c4000]
 total_blobs=4441 nmethods=3925 adapters=428
 compilation: enabled

Compilation events (10 events):
Event: 189.282 Thread 0x00007fdc83112800 nmethod 5217 0x00000001087f7e50 code [0x00000001087f8000, 0x00000001087f8498]
Event: 189.282 Thread 0x00007fdc83112800 5218       3       java.lang.RuntimeException::<init> (7 bytes)
Event: 189.282 Thread 0x00007fdc83111800 nmethod 5173 0x0000000108ca1b50 code [0x0000000108ca22a0, 0x0000000108ca4ae8]
Event: 189.282 Thread 0x00007fdc83112800 nmethod 5218 0x0000000108a106d0 code [0x0000000108a10840, 0x0000000108a10a28]
Event: 189.282 Thread 0x00007fdc83111800 5220       4       clojure.test.check.generators$fifty_two_bit_reverse::invoke (7 bytes)
Event: 189.282 Thread 0x00007fdc85021000 nmethod 5188 0x0000000108eb6e90 code [0x0000000108eb6fe0, 0x0000000108eb7128]
Event: 189.283 Thread 0x00007fdc83112800 5221       1       clojure.core$format::getRequiredArity (2 bytes)
Event: 189.283 Thread 0x00007fdc83112800 nmethod 5221 0x00000001086d2450 code [0x00000001086d25a0, 0x00000001086d26b0]
Event: 189.284 Thread 0x00007fdc83111000 nmethod 5215 0x0000000108f7a910 code [0x0000000108f7aaa0, 0x0000000108f7adb8]
Event: 189.284 Thread 0x00007fdc83111800 nmethod 5220 0x0000000108d621d0 code [0x0000000108d62340, 0x0000000108d62538]

GC Heap History (10 events):
Event: 183.574 GC heap before
{Heap before GC invocations=17 (full 3):
 PSYoungGen      total 338432K, used 5329K [0x000000076ab00000, 0x0000000780e80000, 0x00000007c0000000)
  eden space 328192K, 0% used [0x000000076ab00000,0x000000076ab00000,0x000000077eb80000)
  from space 10240K, 52% used [0x000000077f500000,0x000000077fa34560,0x000000077ff00000)
  to   space 9728K, 0% used [0x000000077eb80000,0x000000077eb80000,0x000000077f500000)
 ParOldGen       total 153600K, used 17634K [0x00000006c0000000, 0x00000006c9600000, 0x000000076ab00000)
  object space 153600K, 11% used [0x00000006c0000000,0x00000006c1138ac0,0x00000006c9600000)
 Metaspace       used 41943K, capacity 59102K, committed 59160K, reserved 1093632K
  class space    used 10824K, capacity 15944K, committed 16000K, reserved 1048576K
Event: 183.800 GC heap after
Heap after GC invocations=17 (full 3):
 PSYoungGen      total 338432K, used 0K [0x000000076ab00000, 0x0000000780e80000, 0x00000007c0000000)
  eden space 328192K, 0% used [0x000000076ab00000,0x000000076ab00000,0x000000077eb80000)
  from space 10240K, 0% used [0x000000077f500000,0x000000077f500000,0x000000077ff00000)
  to   space 9728K, 0% used [0x000000077eb80000,0x000000077eb80000,0x000000077f500000)
 ParOldGen       total 213504K, used 22310K [0x00000006c0000000, 0x00000006cd080000, 0x000000076ab00000)
  object space 213504K, 10% used [0x00000006c0000000,0x00000006c15c9990,0x00000006cd080000)
 Metaspace       used 41937K, capacity 59090K, committed 59160K, reserved 1093632K
  class space    used 10821K, capacity 15940K, committed 16000K, reserved 1048576K
}
Event: 184.792 GC heap before
{Heap before GC invocations=18 (full 3):
 PSYoungGen      total 338432K, used 328192K [0x000000076ab00000, 0x0000000780e80000, 0x00000007c0000000)
  eden space 328192K, 100% used [0x000000076ab00000,0x000000077eb80000,0x000000077eb80000)
  from space 10240K, 0% used [0x000000077f500000,0x000000077f500000,0x000000077ff00000)
  to   space 9728K, 0% used [0x000000077eb80000,0x000000077eb80000,0x000000077f500000)
 ParOldGen       total 213504K, used 22310K [0x00000006c0000000, 0x00000006cd080000, 0x000000076ab00000)
  object space 213504K, 10% used [0x00000006c0000000,0x00000006c15c9990,0x00000006cd080000)
 Metaspace       used 43322K, capacity 61248K, committed 61336K, reserved 1093632K
  class space    used 11034K, capacity 16362K, committed 16384K, reserved 1048576K
Event: 184.794 GC heap after
Heap after GC invocations=18 (full 3):
 PSYoungGen      total 337920K, used 1408K [0x000000076ab00000, 0x0000000783e80000, 0x00000007c0000000)
  eden space 328192K, 0% used [0x000000076ab00000,0x000000076ab00000,0x000000077eb80000)
  from space 9728K, 14% used [0x000000077eb80000,0x000000077ece0000,0x000000077f500000)
  to   space 10240K, 0% used [0x0000000783480000,0x0000000783480000,0x0000000783e80000)
 ParOldGen       total 213504K, used 22318K [0x00000006c0000000, 0x00000006cd080000, 0x000000076ab00000)
  object space 213504K, 10% used [0x00000006c0000000,0x00000006c15cb990,0x00000006cd080000)
 Metaspace       used 43322K, capacity 61248K, committed 61336K, reserved 1093632K
  class space    used 11034K, capacity 16362K, committed 16384K, reserved 1048576K
}
Event: 185.288 GC heap before
{Heap before GC invocations=19 (full 3):
 PSYoungGen      total 337920K, used 329600K [0x000000076ab00000, 0x0000000783e80000, 0x00000007c0000000)
  eden space 328192K, 100% used [0x000000076ab00000,0x000000077eb80000,0x000000077eb80000)
  from space 9728K, 14% used [0x000000077eb80000,0x000000077ece0000,0x000000077f500000)
  to   space 10240K, 0% used [0x0000000783480000,0x0000000783480000,0x0000000783e80000)
 ParOldGen       total 213504K, used 22318K [0x00000006c0000000, 0x00000006cd080000, 0x000000076ab00000)
  object space 213504K, 10% used [0x00000006c0000000,0x00000006c15cb990,0x00000006cd080000)
 Metaspace       used 44419K, capacity 62764K, committed 63104K, reserved 1095680K
  class space    used 11191K, capacity 16670K, committed 16768K, reserved 1048576K
Event: 185.290 GC heap after
Heap after GC invocations=19 (full 3):
 PSYoungGen      total 388608K, used 1728K [0x000000076ab00000, 0x0000000783780000, 0x00000007c0000000)
  eden space 385536K, 0% used [0x000000076ab00000,0x000000076ab00000,0x0000000782380000)
  from space 3072K, 56% used [0x0000000783480000,0x0000000783630000,0x0000000783780000)
  to   space 10240K, 0% used [0x0000000782380000,0x0000000782380000,0x0000000782d80000)
 ParOldGen       total 213504K, used 22318K [0x00000006c0000000, 0x00000006cd080000, 0x000000076ab00000)
  object space 213504K, 10% used [0x00000006c0000000,0x00000006c15cb990,0x00000006cd080000)
 Metaspace       used 44419K, capacity 62764K, committed 63104K, reserved 1095680K
  class space    used 11191K, capacity 16670K, committed 16768K, reserved 1048576K
}
Event: 186.141 GC heap before
{Heap before GC invocations=20 (full 3):
 PSYoungGen      total 388608K, used 387264K [0x000000076ab00000, 0x0000000783780000, 0x00000007c0000000)
  eden space 385536K, 100% used [0x000000076ab00000,0x0000000782380000,0x0000000782380000)
  from space 3072K, 56% used [0x0000000783480000,0x0000000783630000,0x0000000783780000)
  to   space 10240K, 0% used [0x0000000782380000,0x0000000782380000,0x0000000782d80000)
 ParOldGen       total 213504K, used 22318K [0x00000006c0000000, 0x00000006cd080000, 0x000000076ab00000)
  object space 213504K, 10% used [0x00000006c0000000,0x00000006c15cb990,0x00000006cd080000)
 Metaspace       used 45952K, capacity 65368K, committed 65664K, reserved 1097728K
  class space    used 11481K, capacity 17413K, committed 17536K, reserved 1048576K
Event: 186.144 GC heap after
Heap after GC invocations=20 (full 3):
 PSYoungGen      total 395776K, used 4436K [0x000000076ab00000, 0x0000000785d00000, 0x00000007c0000000)
  eden space 385536K, 0% used [0x000000076ab00000,0x000000076ab00000,0x0000000782380000)
  from space 10240K, 43% used [0x0000000782380000,0x00000007827d5108,0x0000000782d80000)
  to   space 9728K, 0% used [0x0000000785380000,0x0000000785380000,0x0000000785d00000)
 ParOldGen       total 213504K, used 22326K [0x00000006c0000000, 0x00000006cd080000, 0x000000076ab00000)
  object space 213504K, 10% used [0x00000006c0000000,0x00000006c15cd990,0x00000006cd080000)
 Metaspace       used 45952K, capacity 65368K, committed 65664K, reserved 1097728K
  class space    used 11481K, capacity 17413K, committed 17536K, reserved 1048576K
}
Event: 187.214 GC heap before
{Heap before GC invocations=21 (full 3):
 PSYoungGen      total 395776K, used 389972K [0x000000076ab00000, 0x0000000785d00000, 0x00000007c0000000)
  eden space 385536K, 100% used [0x000000076ab00000,0x0000000782380000,0x0000000782380000)
  from space 10240K, 43% used [0x0000000782380000,0x00000007827d5108,0x0000000782d80000)
  to   space 9728K, 0% used [0x0000000785380000,0x0000000785380000,0x0000000785d00000)
 ParOldGen       total 213504K, used 22326K [0x00000006c0000000, 0x00000006cd080000, 0x000000076ab00000)
  object space 213504K, 10% used [0x00000006c0000000,0x00000006c15cd990,0x00000006cd080000)
 Metaspace       used 46559K, capacity 66386K, committed 66560K, reserved 1097728K
  class space    used 11685K, capacity 17795K, committed 17920K, reserved 1048576K
Event: 187.231 GC heap after
Heap after GC invocations=21 (full 3):
 PSYoungGen      total 428544K, used 9699K [0x000000076ab00000, 0x0000000786f80000, 0x00000007c0000000)
  eden space 418816K, 0% used [0x000000076ab00000,0x000000076ab00000,0x0000000784400000)
  from space 9728K, 99% used [0x0000000785380000,0x0000000785cf8cc8,0x0000000785d00000)
  to   space 15872K, 0% used [0x0000000784400000,0x0000000784400000,0x0000000785380000)
 ParOldGen       total 213504K, used 34884K [0x00000006c0000000, 0x00000006cd080000, 0x000000076ab00000)
  object space 213504K, 16% used [0x00000006c0000000,0x00000006c22111c8,0x00000006cd080000)
 Metaspace       used 46559K, capacity 66386K, committed 66560K, reserved 1097728K
  class space    used 11685K, capacity 17795K, committed 17920K, reserved 1048576K
}

Deoptimization events (10 events):
Event: 187.574 Thread 0x00007fdc85301800 Uncommon trap: reason=bimorphic action=maybe_recompile pc=0x0000000108900710 method=clojure.lang.Util.pcequiv(Ljava/lang/Object;Ljava/lang/Object;)Z @ 23
Event: 187.756 Thread 0x00007fdc83d25800 Uncommon trap: reason=bimorphic action=maybe_recompile pc=0x0000000108df3690 method=clojure.lang.RT.more(Ljava/lang/Object;)Lclojure/lang/ISeq; @ 31
Event: 188.774 Thread 0x00007fdc85301800 Uncommon trap: reason=unstable_if action=reinterpret pc=0x0000000108a83734 method=java.lang.Long.stringSize(J)I @ 11
Event: 188.880 Thread 0x00007fdc85301800 Uncommon trap: reason=bimorphic action=maybe_recompile pc=0x0000000108900710 method=clojure.lang.Util.pcequiv(Ljava/lang/Object;Ljava/lang/Object;)Z @ 23
Event: 188.883 Thread 0x00007fdc85301800 Uncommon trap: reason=bimorphic action=maybe_recompile pc=0x0000000108854798 method=clojure.lang.Util.pcequiv(Ljava/lang/Object;Ljava/lang/Object;)Z @ 23
Event: 188.979 Thread 0x00007fdc85301800 Uncommon trap: reason=bimorphic action=maybe_recompile pc=0x00000001091054c8 method=clojure.lang.AFn.applyToHelper(Lclojure/lang/IFn;Lclojure/lang/ISeq;)Ljava/lang/Object; @ 340
Event: 188.979 Thread 0x00007fdc85301800 Uncommon trap: reason=bimorphic action=maybe_recompile pc=0x00000001091054c8 method=clojure.lang.AFn.applyToHelper(Lclojure/lang/IFn;Lclojure/lang/ISeq;)Ljava/lang/Object; @ 340
Event: 189.110 Thread 0x00007fdc85301800 Uncommon trap: reason=bimorphic action=maybe_recompile pc=0x000000010911cc58 method=clojure.lang.RT.doubleCast(Ljava/lang/Object;)D @ 4
Event: 189.113 Thread 0x00007fdc85301800 Uncommon trap: reason=bimorphic action=maybe_recompile pc=0x000000010911cc58 method=clojure.lang.RT.doubleCast(Ljava/lang/Object;)D @ 4
Event: 189.181 Thread 0x00007fdc85301800 Uncommon trap: reason=bimorphic action=maybe_recompile pc=0x000000010911cc58 method=clojure.lang.RT.doubleCast(Ljava/lang/Object;)D @ 4

Internal exceptions (10 events):
Event: 1.359 Thread 0x00007fdc84808800 Exception <a 'java/lang/NullPointerException'> (0x000000076bbeadf0) thrown at [/Users/java_re/workspace/8-2-build-macosx-x86_64/jdk8u45/3457/hotspot/src/share/vm/interpreter/linkResolver.cpp, line 1178]
Event: 1.360 Thread 0x00007fdc84808800 Implicit null exception at 0x00000001088e4ecf to 0x00000001088e50b9
Event: 1.874 Thread 0x00007fdc84808800 Implicit null exception at 0x00000001089f2ea8 to 0x00000001089f31ed
Event: 1.874 Thread 0x00007fdc84808800 Implicit null exception at 0x0000000108a3fac6 to 0x0000000108a3fd01
Event: 3.024 Thread 0x00007fdc82cac800 Exception <a 'java/net/SocketException': Socket closed> (0x0000000771c596a0) thrown at [/Users/java_re/workspace/8-2-build-macosx-x86_64/jdk8u45/3457/hotspot/src/share/vm/prims/jni.cpp, line 735]
Event: 179.342 Thread 0x00007fdc8b88b000 Implicit null exception at 0x0000000108fd98b2 to 0x0000000108fe001d
Event: 179.566 Thread 0x00007fdc8b88b000 Implicit null exception at 0x0000000108fb990c to 0x0000000108fb9a1c
Event: 181.620 Thread 0x00007fdc8b88b000 Implicit null exception at 0x0000000108701ebf to 0x0000000108701f91
Event: 182.935 Thread 0x00007fdc8b88b000 Implicit null exception at 0x0000000108a2d44f to 0x0000000108a311f1
Event: 187.258 Thread 0x00007fdc85301800 Implicit null exception at 0x0000000108ed86c8 to 0x0000000108edb4b9

Events (10 events):
Event: 189.164 Thread 0x00007fdc83112800 flushing nmethod 0x0000000109036150
Event: 189.164 Thread 0x00007fdc83112800 flushing nmethod 0x00000001090365d0
Event: 189.164 Thread 0x00007fdc83112800 flushing nmethod 0x00000001090d0110
Event: 189.164 Thread 0x00007fdc83112800 flushing nmethod 0x000000010912a6d0
Event: 189.165 Thread 0x00007fdc83112800 flushing nmethod 0x00000001092ac0d0
Event: 189.165 Thread 0x00007fdc83112800 flushing nmethod 0x0000000109373fd0
Event: 189.165 Thread 0x00007fdc83112800 flushing nmethod 0x000000010937a7d0
Event: 189.181 Thread 0x00007fdc85301800 Uncommon trap: trap_request=0xffffffc6 fr.pc=0x000000010911cc58
Event: 189.181 Thread 0x00007fdc85301800 DEOPT PACKING pc=0x000000010911cc58 sp=0x000070000f43d2b0
Event: 189.181 Thread 0x00007fdc85301800 DEOPT UNPACKING pc=0x00000001081c9229 sp=0x000070000f43d268 mode 2


Dynamic libraries:
0x00000000000c1000 	/System/Library/Frameworks/Cocoa.framework/Versions/A/Cocoa
0x00000000000c1000 	/System/Library/Frameworks/Security.framework/Versions/A/Security
0x00000000000c1000 	/System/Library/Frameworks/ApplicationServices.framework/Versions/A/ApplicationServices
0x00000000000c1000 	/usr/lib/libz.1.dylib
0x00000000000c1000 	/usr/lib/libSystem.B.dylib
0x00000000000c1000 	/usr/lib/libobjc.A.dylib
0x00000000000c1000 	/System/Library/Frameworks/CoreFoundation.framework/Versions/A/CoreFoundation
0x00000000000c1000 	/System/Library/Frameworks/Foundation.framework/Versions/C/Foundation
0x00000000000c1000 	/System/Library/Frameworks/AppKit.framework/Versions/C/AppKit
0x00000000000c1000 	/System/Library/Frameworks/CoreData.framework/Versions/A/CoreData
0x00000000000c1000 	/System/Library/PrivateFrameworks/UIFoundation.framework/Versions/A/UIFoundation
0x00000000000c1000 	/System/Library/PrivateFrameworks/RemoteViewServices.framework/Versions/A/RemoteViewServices
0x00000000000c1000 	/System/Library/PrivateFrameworks/XCTTargetBootstrap.framework/Versions/A/XCTTargetBootstrap
0x00000000000c1000 	/System/Library/Frameworks/CoreDisplay.framework/Versions/A/CoreDisplay
0x00000000000c1000 	/System/Library/Frameworks/Metal.framework/Versions/A/Metal
0x00000000000c1000 	/System/Library/PrivateFrameworks/DesktopServicesPriv.framework/Versions/A/DesktopServicesPriv
0x00000000000c1000 	/usr/lib/liblangid.dylib
0x00000000000c1000 	/System/Library/PrivateFrameworks/CoreSVG.framework/Versions/A/CoreSVG
0x00000000000c1000 	/System/Library/PrivateFrameworks/SkyLight.framework/Versions/A/SkyLight
0x00000000000c1000 	/System/Library/Frameworks/CoreGraphics.framework/Versions/A/CoreGraphics
0x00000000000c1000 	/System/Library/Frameworks/Accelerate.framework/Versions/A/Accelerate
0x00000000000c1000 	/usr/lib/libxml2.2.dylib
0x00000000000c1000 	/System/Library/PrivateFrameworks/IconServices.framework/Versions/A/IconServices
0x00000000000c1000 	/System/Library/Frameworks/IOSurface.framework/Versions/A/IOSurface
0x00000000000c1000 	/usr/lib/libDiagnosticMessagesClient.dylib
0x00000000000c1000 	/System/Library/PrivateFrameworks/DFRFoundation.framework/Versions/A/DFRFoundation
0x00000000000c1000 	/usr/lib/libicucore.A.dylib
0x00000000000c1000 	/System/Library/Frameworks/AudioToolbox.framework/Versions/A/AudioToolbox
0x00000000000c1000 	/System/Library/Frameworks/AudioUnit.framework/Versions/A/AudioUnit
0x00000000000c1000 	/usr/lib/libauto.dylib
0x00000000000c1000 	/System/Library/PrivateFrameworks/DataDetectorsCore.framework/Versions/A/DataDetectorsCore
0x00000000000c1000 	/System/Library/Frameworks/Carbon.framework/Versions/A/Frameworks/HIToolbox.framework/Versions/A/HIToolbox
0x00000000000c1000 	/System/Library/Frameworks/QuartzCore.framework/Versions/A/QuartzCore
0x00000000000c1000 	/System/Library/Frameworks/Carbon.framework/Versions/A/Frameworks/SpeechRecognition.framework/Versions/A/SpeechRecognition
0x00000000000c1000 	/System/Library/PrivateFrameworks/CoreUI.framework/Versions/A/CoreUI
0x00000000000c1000 	/System/Library/Frameworks/CoreAudio.framework/Versions/A/CoreAudio
0x00000000000c1000 	/System/Library/Frameworks/DiskArbitration.framework/Versions/A/DiskArbitration
0x00000000000c1000 	/System/Library/PrivateFrameworks/MultitouchSupport.framework/Versions/A/MultitouchSupport
0x00000000000c1000 	/usr/lib/libenergytrace.dylib
0x00000000000c1000 	/System/Library/Frameworks/IOKit.framework/Versions/A/IOKit
0x00000000000c1000 	/System/Library/Frameworks/CoreServices.framework/Versions/A/CoreServices
0x00000000000c1000 	/System/Library/PrivateFrameworks/PerformanceAnalysis.framework/Versions/A/PerformanceAnalysis
0x00000000000c1000 	/System/Library/Frameworks/OpenGL.framework/Versions/A/OpenGL
0x00000000000c1000 	/System/Library/Frameworks/ColorSync.framework/Versions/A/ColorSync
0x00000000000c1000 	/System/Library/Frameworks/CoreImage.framework/Versions/A/CoreImage
0x00000000000c1000 	/System/Library/Frameworks/CoreText.framework/Versions/A/CoreText
0x00000000000c1000 	/System/Library/Frameworks/ImageIO.framework/Versions/A/ImageIO
0x00000000000c1000 	/usr/lib/libc++.1.dylib
0x00000000000c1000 	/usr/lib/libcompression.dylib
0x00000000000c1000 	/usr/lib/libMobileGestalt.dylib
0x00000000000c1000 	/System/Library/PrivateFrameworks/TextureIO.framework/Versions/A/TextureIO
0x00000000000c1000 	/usr/lib/libate.dylib
0x00000000000c1000 	/System/Library/PrivateFrameworks/InternationalSupport.framework/Versions/A/InternationalSupport
0x00000000000c1000 	/usr/lib/system/libcache.dylib
0x00000000000c1000 	/usr/lib/system/libcommonCrypto.dylib
0x00000000000c1000 	/usr/lib/system/libcompiler_rt.dylib
0x00000000000c1000 	/usr/lib/system/libcopyfile.dylib
0x00000000000c1000 	/usr/lib/system/libcorecrypto.dylib
0x00000000000c1000 	/usr/lib/system/libdispatch.dylib
0x00000000000c1000 	/usr/lib/system/libdyld.dylib
0x00000000000c1000 	/usr/lib/system/libkeymgr.dylib
0x00000000000c1000 	/usr/lib/system/liblaunch.dylib
0x00000000000c1000 	/usr/lib/system/libmacho.dylib
0x00000000000c1000 	/usr/lib/system/libquarantine.dylib
0x00000000000c1000 	/usr/lib/system/libremovefile.dylib
0x00000000000c1000 	/usr/lib/system/libsystem_asl.dylib
0x00000000000c1000 	/usr/lib/system/libsystem_blocks.dylib
0x00000000000c1000 	/usr/lib/system/libsystem_c.dylib
0x00000000000c1000 	/usr/lib/system/libsystem_configuration.dylib
0x00000000000c1000 	/usr/lib/system/libsystem_coreservices.dylib
0x00000000000c1000 	/usr/lib/system/libsystem_darwin.dylib
0x00000000000c1000 	/usr/lib/system/libsystem_dnssd.dylib
0x00000000000c1000 	/usr/lib/system/libsystem_featureflags.dylib
0x00000000000c1000 	/usr/lib/system/libsystem_info.dylib
0x00000000000c1000 	/usr/lib/system/libsystem_m.dylib
0x00000000000c1000 	/usr/lib/system/libsystem_malloc.dylib
0x00000000000c1000 	/usr/lib/system/libsystem_networkextension.dylib
0x00000000000c1000 	/usr/lib/system/libsystem_notify.dylib
0x00000000000c1000 	/usr/lib/system/libsystem_sandbox.dylib
0x00000000000c1000 	/usr/lib/system/libsystem_secinit.dylib
0x00000000000c1000 	/usr/lib/system/libsystem_kernel.dylib
0x00000000000c1000 	/usr/lib/system/libsystem_platform.dylib
0x00000000000c1000 	/usr/lib/system/libsystem_pthread.dylib
0x00000000000c1000 	/usr/lib/system/libsystem_symptoms.dylib
0x00000000000c1000 	/usr/lib/system/libsystem_trace.dylib
0x00000000000c1000 	/usr/lib/system/libunwind.dylib
0x00000000000c1000 	/usr/lib/system/libxpc.dylib
0x00000000000c1000 	/usr/lib/libc++abi.dylib
0x00000000000c1000 	/usr/lib/liblzma.5.dylib
0x00000000000c1000 	/usr/lib/libfakelink.dylib
0x00000000000c1000 	/usr/lib/libarchive.2.dylib
0x00000000000c1000 	/System/Library/Frameworks/SystemConfiguration.framework/Versions/A/SystemConfiguration
0x00000000000c1000 	/usr/lib/libCRFSuite.dylib
0x00000000000c1000 	/System/Library/Frameworks/CFNetwork.framework/Versions/A/CFNetwork
0x00000000000c1000 	/usr/lib/libbsm.0.dylib
0x00000000000c1000 	/usr/lib/system/libkxld.dylib
0x00000000000c1000 	/System/Library/PrivateFrameworks/AppleFSCompression.framework/Versions/A/AppleFSCompression
0x00000000000c1000 	/usr/lib/libcoretls.dylib
0x00000000000c1000 	/usr/lib/libcoretls_cfhelpers.dylib
0x00000000000c1000 	/usr/lib/libpam.2.dylib
0x00000000000c1000 	/usr/lib/libsqlite3.dylib
0x00000000000c1000 	/usr/lib/libxar.1.dylib
0x00000000000c1000 	/usr/lib/libbz2.1.0.dylib
0x00000000000c1000 	/usr/lib/libiconv.2.dylib
0x00000000000c1000 	/usr/lib/libcharset.1.dylib
0x00000000000c1000 	/usr/lib/libnetwork.dylib
0x00000000000c1000 	/usr/lib/libpcap.A.dylib
0x00000000000c1000 	/usr/lib/libapple_nghttp2.dylib
0x00000000000c1000 	/System/Library/Frameworks/CoreServices.framework/Versions/A/Frameworks/FSEvents.framework/Versions/A/FSEvents
0x00000000000c1000 	/System/Library/Frameworks/CoreServices.framework/Versions/A/Frameworks/CarbonCore.framework/Versions/A/CarbonCore
0x00000000000c1000 	/System/Library/Frameworks/CoreServices.framework/Versions/A/Frameworks/Metadata.framework/Versions/A/Metadata
0x00000000000c1000 	/System/Library/Frameworks/CoreServices.framework/Versions/A/Frameworks/OSServices.framework/Versions/A/OSServices
0x00000000000c1000 	/System/Library/Frameworks/CoreServices.framework/Versions/A/Frameworks/SearchKit.framework/Versions/A/SearchKit
0x00000000000c1000 	/System/Library/Frameworks/CoreServices.framework/Versions/A/Frameworks/AE.framework/Versions/A/AE
0x00000000000c1000 	/System/Library/Frameworks/CoreServices.framework/Versions/A/Frameworks/LaunchServices.framework/Versions/A/LaunchServices
0x00000000000c1000 	/System/Library/Frameworks/CoreServices.framework/Versions/A/Frameworks/DictionaryServices.framework/Versions/A/DictionaryServices
0x00000000000c1000 	/System/Library/Frameworks/CoreServices.framework/Versions/A/Frameworks/SharedFileList.framework/Versions/A/SharedFileList
0x00000000000c1000 	/System/Library/Frameworks/NetFS.framework/Versions/A/NetFS
0x00000000000c1000 	/System/Library/PrivateFrameworks/NetAuth.framework/Versions/A/NetAuth
0x00000000000c1000 	/System/Library/PrivateFrameworks/login.framework/Versions/A/Frameworks/loginsupport.framework/Versions/A/loginsupport
0x00000000000c1000 	/System/Library/PrivateFrameworks/TCC.framework/Versions/A/TCC
0x00000000000c1000 	/System/Library/PrivateFrameworks/CoreNLP.framework/Versions/A/CoreNLP
0x00000000000c1000 	/System/Library/PrivateFrameworks/MetadataUtilities.framework/Versions/A/MetadataUtilities
0x00000000000c1000 	/usr/lib/libmecabra.dylib
0x00000000000c1000 	/usr/lib/libmecab.dylib
0x00000000000c1000 	/usr/lib/libgermantok.dylib
0x00000000000c1000 	/usr/lib/libThaiTokenizer.dylib
0x00000000000c1000 	/usr/lib/libChineseTokenizer.dylib
0x00000000000c1000 	/System/Library/Frameworks/Accelerate.framework/Versions/A/Frameworks/vImage.framework/Versions/A/vImage
0x00000000000c1000 	/System/Library/Frameworks/Accelerate.framework/Versions/A/Frameworks/vecLib.framework/Versions/A/vecLib
0x00000000000c1000 	/System/Library/Frameworks/Accelerate.framework/Versions/A/Frameworks/vecLib.framework/Versions/A/libvMisc.dylib
0x00000000000c1000 	/System/Library/Frameworks/Accelerate.framework/Versions/A/Frameworks/vecLib.framework/Versions/A/libvDSP.dylib
0x00000000000c1000 	/System/Library/Frameworks/Accelerate.framework/Versions/A/Frameworks/vecLib.framework/Versions/A/libBLAS.dylib
0x00000000000c1000 	/System/Library/Frameworks/Accelerate.framework/Versions/A/Frameworks/vecLib.framework/Versions/A/libLAPACK.dylib
0x00000000000c1000 	/System/Library/Frameworks/Accelerate.framework/Versions/A/Frameworks/vecLib.framework/Versions/A/libLinearAlgebra.dylib
0x00000000000c1000 	/System/Library/Frameworks/Accelerate.framework/Versions/A/Frameworks/vecLib.framework/Versions/A/libSparseBLAS.dylib
0x00000000000c1000 	/System/Library/Frameworks/Accelerate.framework/Versions/A/Frameworks/vecLib.framework/Versions/A/libQuadrature.dylib
0x00000000000c1000 	/System/Library/Frameworks/Accelerate.framework/Versions/A/Frameworks/vecLib.framework/Versions/A/libBNNS.dylib
0x00000000000c1000 	/System/Library/Frameworks/Accelerate.framework/Versions/A/Frameworks/vecLib.framework/Versions/A/libSparse.dylib
0x00000000000c1000 	/System/Library/PrivateFrameworks/LanguageModeling.framework/Versions/A/LanguageModeling
0x00000000000c1000 	/System/Library/PrivateFrameworks/CoreEmoji.framework/Versions/A/CoreEmoji
0x00000000000c1000 	/System/Library/PrivateFrameworks/LinguisticData.framework/Versions/A/LinguisticData
0x00000000000c1000 	/System/Library/PrivateFrameworks/Lexicon.framework/Versions/A/Lexicon
0x00000000000c1000 	/usr/lib/libcmph.dylib
0x00000000000c1000 	/System/Library/Frameworks/OpenDirectory.framework/Versions/A/Frameworks/CFOpenDirectory.framework/Versions/A/CFOpenDirectory
0x00000000000c1000 	/System/Library/Frameworks/OpenDirectory.framework/Versions/A/OpenDirectory
0x00000000000c1000 	/System/Library/PrivateFrameworks/APFS.framework/Versions/A/APFS
0x00000000000c1000 	/System/Library/Frameworks/SecurityFoundation.framework/Versions/A/SecurityFoundation
0x00000000000c1000 	/usr/lib/libutil.dylib
0x00000000000c1000 	/System/Library/PrivateFrameworks/CoreServicesStore.framework/Versions/A/CoreServicesStore
0x00000000000c1000 	/System/Library/Frameworks/ServiceManagement.framework/Versions/A/ServiceManagement
0x00000000000c1000 	/System/Library/PrivateFrameworks/BackgroundTaskManagement.framework/Versions/A/BackgroundTaskManagement
0x00000000000c1000 	/usr/lib/libxslt.1.dylib
0x00000000000c1000 	/System/Library/PrivateFrameworks/AppleSystemInfo.framework/Versions/A/AppleSystemInfo
0x00000000000c1000 	/System/Library/Frameworks/ImageIO.framework/Versions/A/Resources/libJPEG.dylib
0x00000000000c1000 	/System/Library/Frameworks/ImageIO.framework/Versions/A/Resources/libTIFF.dylib
0x00000000000c1000 	/System/Library/Frameworks/ImageIO.framework/Versions/A/Resources/libPng.dylib
0x00000000000c1000 	/System/Library/Frameworks/ImageIO.framework/Versions/A/Resources/libGIF.dylib
0x00000000000c1000 	/System/Library/Frameworks/ImageIO.framework/Versions/A/Resources/libJP2.dylib
0x00000000000c1000 	/System/Library/Frameworks/ImageIO.framework/Versions/A/Resources/libRadiance.dylib
0x00000000000c1000 	/usr/lib/libexpat.1.dylib
0x00000000000c1000 	/System/Library/PrivateFrameworks/AppleJPEG.framework/Versions/A/AppleJPEG
0x00000000000c1000 	/System/Library/PrivateFrameworks/FontServices.framework/libFontParser.dylib
0x00000000000c1000 	/System/Library/PrivateFrameworks/WatchdogClient.framework/Versions/A/WatchdogClient
0x00000000000c1000 	/System/Library/PrivateFrameworks/IOAccelerator.framework/Versions/A/IOAccelerator
0x00000000000c1000 	/System/Library/Frameworks/MetalPerformanceShaders.framework/Versions/A/MetalPerformanceShaders
0x00000000000c1000 	/System/Library/PrivateFrameworks/GPUWrangler.framework/Versions/A/GPUWrangler
0x00000000000c1000 	/System/Library/PrivateFrameworks/IOPresentment.framework/Versions/A/IOPresentment
0x00000000000c1000 	/System/Library/PrivateFrameworks/DSExternalDisplay.framework/Versions/A/DSExternalDisplay
0x00000000000c1000 	/System/Library/Frameworks/OpenGL.framework/Versions/A/Libraries/libCoreFSCache.dylib
0x00000000000c1000 	/System/Library/Frameworks/MetalPerformanceShaders.framework/Frameworks/MPSCore.framework/Versions/A/MPSCore
0x00000000000c1000 	/System/Library/Frameworks/MetalPerformanceShaders.framework/Frameworks/MPSImage.framework/Versions/A/MPSImage
0x00000000000c1000 	/System/Library/Frameworks/MetalPerformanceShaders.framework/Frameworks/MPSNeuralNetwork.framework/Versions/A/MPSNeuralNetwork
0x00000000000c1000 	/System/Library/Frameworks/MetalPerformanceShaders.framework/Frameworks/MPSMatrix.framework/Versions/A/MPSMatrix
0x00000000000c1000 	/System/Library/Frameworks/MetalPerformanceShaders.framework/Frameworks/MPSRayIntersector.framework/Versions/A/MPSRayIntersector
0x00000000000c1000 	/System/Library/Frameworks/MetalPerformanceShaders.framework/Frameworks/MPSNDArray.framework/Versions/A/MPSNDArray
0x00000000000c1000 	/System/Library/PrivateFrameworks/MetalTools.framework/Versions/A/MetalTools
0x00000000000c1000 	/System/Library/PrivateFrameworks/AggregateDictionary.framework/Versions/A/AggregateDictionary
0x00000000000c1000 	/System/Library/PrivateFrameworks/CoreAnalytics.framework/Versions/A/CoreAnalytics
0x00000000000c1000 	/System/Library/PrivateFrameworks/AppleSauce.framework/Versions/A/AppleSauce
0x00000000000c1000 	/usr/lib/libIOReport.dylib
0x00000000000c1000 	/System/Library/Frameworks/CoreVideo.framework/Versions/A/CoreVideo
0x00000000000c1000 	/System/Library/PrivateFrameworks/GraphVisualizer.framework/Versions/A/GraphVisualizer
0x00000000000c1000 	/System/Library/PrivateFrameworks/FaceCore.framework/Versions/A/FaceCore
0x00000000000c1000 	/System/Library/Frameworks/OpenCL.framework/Versions/A/OpenCL
0x00000000000c1000 	/usr/lib/libFosl_dynamic.dylib
0x00000000000c1000 	/System/Library/PrivateFrameworks/OTSVG.framework/Versions/A/OTSVG
0x00000000000c1000 	/System/Library/Frameworks/ApplicationServices.framework/Versions/A/Frameworks/ATS.framework/Versions/A/Resources/libFontRegistry.dylib
0x00000000000c1000 	/System/Library/PrivateFrameworks/FontServices.framework/libhvf.dylib
0x00000000000c1000 	/System/Library/Frameworks/OpenGL.framework/Versions/A/Libraries/libGFXShared.dylib
0x00000000000c1000 	/System/Library/Frameworks/OpenGL.framework/Versions/A/Libraries/libGLU.dylib
0x00000000000c1000 	/System/Library/Frameworks/OpenGL.framework/Versions/A/Libraries/libGL.dylib
0x00000000000c1000 	/System/Library/Frameworks/OpenGL.framework/Versions/A/Libraries/libGLImage.dylib
0x00000000000c1000 	/System/Library/Frameworks/OpenGL.framework/Versions/A/Libraries/libCVMSPluginSupport.dylib
0x00000000000c1000 	/System/Library/Frameworks/OpenGL.framework/Versions/A/Libraries/libCoreVMClient.dylib
0x00000000000c1000 	/usr/lib/libncurses.5.4.dylib
0x00000000000c1000 	/System/Library/Frameworks/ApplicationServices.framework/Versions/A/Frameworks/ATS.framework/Versions/A/ATS
0x00000000000c1000 	/System/Library/Frameworks/ApplicationServices.framework/Versions/A/Frameworks/ColorSyncLegacy.framework/Versions/A/ColorSyncLegacy
0x00000000000c1000 	/System/Library/Frameworks/ApplicationServices.framework/Versions/A/Frameworks/HIServices.framework/Versions/A/HIServices
0x00000000000c1000 	/System/Library/Frameworks/ApplicationServices.framework/Versions/A/Frameworks/LangAnalysis.framework/Versions/A/LangAnalysis
0x00000000000c1000 	/System/Library/Frameworks/ApplicationServices.framework/Versions/A/Frameworks/PrintCore.framework/Versions/A/PrintCore
0x00000000000c1000 	/System/Library/Frameworks/ApplicationServices.framework/Versions/A/Frameworks/QD.framework/Versions/A/QD
0x00000000000c1000 	/System/Library/Frameworks/ApplicationServices.framework/Versions/A/Frameworks/SpeechSynthesis.framework/Versions/A/SpeechSynthesis
0x00000000000c1000 	/System/Library/Frameworks/ApplicationServices.framework/Versions/A/Frameworks/ATSUI.framework/Versions/A/ATSUI
0x00000000000c1000 	/usr/lib/libcups.2.dylib
0x00000000000c1000 	/System/Library/Frameworks/Kerberos.framework/Versions/A/Kerberos
0x00000000000c1000 	/System/Library/Frameworks/GSS.framework/Versions/A/GSS
0x00000000000c1000 	/usr/lib/libresolv.9.dylib
0x00000000000c1000 	/System/Library/PrivateFrameworks/Heimdal.framework/Versions/A/Heimdal
0x00000000000c1000 	/System/Library/Frameworks/Kerberos.framework/Versions/A/Libraries/libHeimdalProxy.dylib
0x00000000000c1000 	/usr/lib/libheimdal-asn1.dylib
0x00000000000c1000 	/System/Library/PrivateFrameworks/CommonAuth.framework/Versions/A/CommonAuth
0x00000000000c1000 	/System/Library/PrivateFrameworks/AssertionServices.framework/Versions/A/AssertionServices
0x00000000000c1000 	/System/Library/PrivateFrameworks/AudioToolboxCore.framework/Versions/A/AudioToolboxCore
0x00000000000c1000 	/System/Library/PrivateFrameworks/caulk.framework/Versions/A/caulk
0x00000000000c1000 	/System/Library/PrivateFrameworks/BaseBoard.framework/Versions/A/BaseBoard
0x00000000000c1000 	/System/Library/PrivateFrameworks/RunningBoardServices.framework/Versions/A/RunningBoardServices
0x00000000000c1000 	/System/Library/PrivateFrameworks/PersistentConnection.framework/Versions/A/PersistentConnection
0x00000000000c1000 	/System/Library/PrivateFrameworks/ProtocolBuffer.framework/Versions/A/ProtocolBuffer
0x00000000000c1000 	/System/Library/PrivateFrameworks/CommonUtilities.framework/Versions/A/CommonUtilities
0x00000000000c1000 	/System/Library/PrivateFrameworks/Bom.framework/Versions/A/Bom
0x00000000000c1000 	/usr/lib/libAudioToolboxUtility.dylib
0x00000000000c1000 	/System/Library/PrivateFrameworks/Backup.framework/Versions/A/Backup
0x00000000000c1000 	/System/Library/PrivateFrameworks/CrashReporterSupport.framework/Versions/A/CrashReporterSupport
0x00000000000c1000 	/System/Library/PrivateFrameworks/Sharing.framework/Versions/A/Sharing
0x00000000000c1000 	/System/Library/PrivateFrameworks/Apple80211.framework/Versions/A/Apple80211
0x00000000000c1000 	/System/Library/PrivateFrameworks/AuthKit.framework/Versions/A/AuthKit
0x00000000000c1000 	/System/Library/PrivateFrameworks/CoreUtils.framework/Versions/A/CoreUtils
0x00000000000c1000 	/System/Library/Frameworks/CoreWLAN.framework/Versions/A/CoreWLAN
0x00000000000c1000 	/System/Library/Frameworks/IOBluetooth.framework/Versions/A/IOBluetooth
0x00000000000c1000 	/System/Library/PrivateFrameworks/MobileKeyBag.framework/Versions/A/MobileKeyBag
0x00000000000c1000 	/System/Library/PrivateFrameworks/CorePhoneNumbers.framework/Versions/A/CorePhoneNumbers
0x00000000000c1000 	/System/Library/PrivateFrameworks/AppleIDAuthSupport.framework/Versions/A/AppleIDAuthSupport
0x00000000000c1000 	/System/Library/Frameworks/Network.framework/Versions/A/Network
0x00000000000c1000 	/System/Library/PrivateFrameworks/KeychainCircle.framework/Versions/A/KeychainCircle
0x00000000000c1000 	/System/Library/Frameworks/CoreBluetooth.framework/Versions/A/CoreBluetooth
0x00000000000c1000 	/System/Library/PrivateFrameworks/SpeechRecognitionCore.framework/Versions/A/SpeechRecognitionCore
0x0000000104800000 	/Library/Java/JavaVirtualMachines/jdk1.8.0_45.jdk/Contents/Home/jre/lib/server/libjvm.dylib
0x00000000000c1000 	/usr/lib/libstdc++.6.dylib
0x000000010363b000 	/Library/Java/JavaVirtualMachines/jdk1.8.0_45.jdk/Contents/Home/jre/lib/libverify.dylib
0x0000000103649000 	/Library/Java/JavaVirtualMachines/jdk1.8.0_45.jdk/Contents/Home/jre/lib/libjava.dylib
0x000000010367f000 	/Library/Java/JavaVirtualMachines/jdk1.8.0_45.jdk/Contents/Home/jre/lib/libinstrument.dylib
0x00000001036eb000 	/Library/Java/JavaVirtualMachines/jdk1.8.0_45.jdk/Contents/Home/jre/lib/libzip.dylib
0x00000000000c1000 	/System/Library/Frameworks/JavaVM.framework/Versions/A/Frameworks/JavaRuntimeSupport.framework/Versions/A/JavaRuntimeSupport
0x00000000000c1000 	/System/Library/Frameworks/JavaVM.framework/Versions/A/Frameworks/JavaNativeFoundation.framework/Versions/A/JavaNativeFoundation
0x00000000000c1000 	/System/Library/Frameworks/JavaVM.framework/Versions/A/JavaVM
0x00000000000c1000 	/System/Library/Frameworks/Carbon.framework/Versions/A/Carbon
0x00000000000c1000 	/System/Library/PrivateFrameworks/CoreSymbolication.framework/Versions/A/CoreSymbolication
0x00000000000c1000 	/System/Library/PrivateFrameworks/JavaLaunching.framework/Versions/A/JavaLaunching
0x00000000000c1000 	/System/Library/Frameworks/Carbon.framework/Versions/A/Frameworks/CommonPanels.framework/Versions/A/CommonPanels
0x00000000000c1000 	/System/Library/Frameworks/Carbon.framework/Versions/A/Frameworks/Help.framework/Versions/A/Help
0x00000000000c1000 	/System/Library/Frameworks/Carbon.framework/Versions/A/Frameworks/ImageCapture.framework/Versions/A/ImageCapture
0x00000000000c1000 	/System/Library/Frameworks/Carbon.framework/Versions/A/Frameworks/OpenScripting.framework/Versions/A/OpenScripting
0x00000000000c1000 	/System/Library/Frameworks/Carbon.framework/Versions/A/Frameworks/Ink.framework/Versions/A/Ink
0x00000000000c1000 	/System/Library/Frameworks/Carbon.framework/Versions/A/Frameworks/Print.framework/Versions/A/Print
0x00000000000c1000 	/System/Library/Frameworks/Carbon.framework/Versions/A/Frameworks/SecurityHI.framework/Versions/A/SecurityHI
0x00000000000c1000 	/System/Library/PrivateFrameworks/DebugSymbols.framework/Versions/A/DebugSymbols
0x0000000107b7f000 	/Library/Java/JavaVirtualMachines/jdk1.8.0_45.jdk/Contents/Home/jre/lib/libnet.dylib
0x0000000107fc2000 	/private/var/folders/tc/dww5xbg95jd7fky8pq6jdr0c0000gp/T/libneanderthal-mkl-0.30.04606707340771351690.jnilib
0x0000000122cf8000 	/opt/intel/compilers_and_libraries_2018.3.185/mac/mkl/lib/libmkl_intel_lp64.dylib
0x0000000124174000 	/opt/intel/compilers_and_libraries_2018.3.185/mac/mkl/lib/libmkl_intel_thread.dylib
0x0000000126bca000 	/opt/intel/compilers_and_libraries_2018.3.185/mac/mkl/lib/libmkl_core.dylib
0x000000012aae6000 	/opt/intel/compilers_and_libraries_2018.3.185/mac/compiler/lib/libiomp5.dylib
0x000000012ac71000 	/opt/intel/compilers_and_libraries_2018.3.185/mac/mkl/lib/libmkl_vml_avx2.dylib
0x000000012bead000 	/opt/intel/compilers_and_libraries_2018.3.185/mac/mkl/lib/libmkl_avx2.dylib
0x0000000107fec000 	/private/var/folders/tc/dww5xbg95jd7fky8pq6jdr0c0000gp/T/libneanderthal-mkl-0.30.08057396144141691647.jnilib
0x0000000108066000 	/private/var/folders/tc/dww5xbg95jd7fky8pq6jdr0c0000gp/T/libneanderthal-mkl-0.30.03208581546712288409.jnilib

VM Arguments:
jvm_args: -javaagent:/Users/Mark1/Library/Application Support/JetBrains/Toolbox/apps/IDEA-C/ch-0/201.7846.76/IntelliJ IDEA CE.app/Contents/lib/idea_rt.jar=51460:/Users/Mark1/Library/Application Support/JetBrains/Toolbox/apps/IDEA-C/ch-0/201.7846.76/IntelliJ IDEA CE.app/Contents/bin -Dfile.encoding=UTF-8 
java_command: clojure.main -i /private/var/folders/tc/dww5xbg95jd7fky8pq6jdr0c0000gp/T/form-init9455016988533722665.clj
java_class_path (initial): /Users/Mark1/Library/Application Support/JetBrains/Toolbox/apps/IDEA-C/ch-0/201.7846.76/IntelliJ IDEA CE.app.plugins/clojure-plugin/lib/nrepl-0.6.0.jar:/Library/Java/JavaVirtualMachines/jdk1.8.0_45.jdk/Contents/Home/lib/ant-javafx.jar:/Library/Java/JavaVirtualMachines/jdk1.8.0_45.jdk/Contents/Home/lib/dt.jar:/Library/Java/JavaVirtualMachines/jdk1.8.0_45.jdk/Contents/Home/lib/javafx-mx.jar:/Library/Java/JavaVirtualMachines/jdk1.8.0_45.jdk/Contents/Home/lib/jconsole.jar:/Library/Java/JavaVirtualMachines/jdk1.8.0_45.jdk/Contents/Home/lib/packager.jar:/Library/Java/JavaVirtualMachines/jdk1.8.0_45.jdk/Contents/Home/lib/sa-jdi.jar:/Library/Java/JavaVirtualMachines/jdk1.8.0_45.jdk/Contents/Home/lib/tools.jar:/Library/Java/JavaVirtualMachines/jdk1.8.0_45.jdk/Contents/Home/jre/lib/charsets.jar:/Library/Java/JavaVirtualMachines/jdk1.8.0_45.jdk/Contents/Home/jre/lib/deploy.jar:/Library/Java/JavaVirtualMachines/jdk1.8.0_45.jdk/Contents/Home/jre/lib/javaws.jar:/Library/Java/JavaVirtualMachines/jdk1.8.0_45.jdk/Contents/Home/jre/lib/jce.jar:/Library/Java/JavaVirtualMachines/jdk1.8.0_45.jdk/Contents/Home/jre/lib/jfr.jar:/Library/Java/JavaVirtualMachines/jdk1.8.0_45.jdk/Contents/Home/jre/lib/jfxswt.jar:/Library/Java/JavaVirtualMachines/jdk1.8.0_45.jdk/Contents/Home/jre/lib/jsse.jar:/Library/Java/JavaVirtualMachines/jdk1.8.0_45.jdk/Contents/Home/jre/lib/management-agent.jar:/Library/Java/JavaVirtualMachines/jdk1.8.0_45.jdk/Contents/Home/jre/lib/plugin.jar:/Library/Java/JavaVirtualMachines/jdk1.8.0_45.jdk/Contents/Home/jre/lib/resources.jar:/Library/Java/JavaVirtualMachines/jdk1.8.0_45.jdk/Contents/Home/jre/lib/rt.jar:/Library/Java/JavaVirtualMachines/jdk1.8.0_45.jdk/Contents/Home/jre/lib/ext/cldrdata.jar:/Library/Java/JavaVirtualMachines/jdk1.8.0_45.jdk/Contents/Home/jre/lib/ext/dnsns.jar:/Library/Java/JavaVirtualMachines/jdk1.8.0_45.jdk/Contents/Home/jre/lib/ext/jfxrt.jar:/Library/Java/JavaVirtualMachines/jdk1.8.0_45.jdk/Contents/Home/jre/lib/ext/localed
Launcher Type: SUN_STANDARD

Environment Variables:
PATH=/usr/local/bin:/usr/bin:/bin:/usr/sbin:/sbin:/Users/Mark1/anaconda3/bin:/usr/local/git/bin:/usr/local/go/bin:/usr/texbin:
SHELL=/usr/local/bin/fish

Signal Handlers:
SIGSEGV: [libjvm.dylib+0x58ef95], sa_mask[0]=11111111011111110111111111111111, sa_flags=SA_ONSTACK|SA_RESTART|SA_SIGINFO
SIGBUS: [libjvm.dylib+0x58ef95], sa_mask[0]=11111111011111110111111111111111, sa_flags=SA_RESTART|SA_SIGINFO
SIGFPE: [libjvm.dylib+0x46c108], sa_mask[0]=11111111011111110111111111111111, sa_flags=SA_RESTART|SA_SIGINFO
SIGPIPE: [libjvm.dylib+0x46c108], sa_mask[0]=11111111011111110111111111111111, sa_flags=SA_RESTART|SA_SIGINFO
SIGXFSZ: [libjvm.dylib+0x46c108], sa_mask[0]=11111111011111110111111111111111, sa_flags=SA_RESTART|SA_SIGINFO
SIGILL: [libjvm.dylib+0x46c108], sa_mask[0]=11111111011111110111111111111111, sa_flags=SA_RESTART|SA_SIGINFO
SIGUSR1: SIG_DFL, sa_mask[0]=00000000000000000000000000000000, sa_flags=none
SIGUSR2: [libjvm.dylib+0x46bc26], sa_mask[0]=00100000000000000000000000000000, sa_flags=SA_RESTART|SA_SIGINFO
SIGHUP: [libjvm.dylib+0x46a1f9], sa_mask[0]=11111111011111110111111111111111, sa_flags=SA_RESTART|SA_SIGINFO
SIGINT: [libjvm.dylib+0x46a1f9], sa_mask[0]=11111111011111110111111111111111, sa_flags=SA_RESTART|SA_SIGINFO
SIGTERM: [libjvm.dylib+0x46a1f9], sa_mask[0]=11111111011111110111111111111111, sa_flags=SA_RESTART|SA_SIGINFO
SIGQUIT: [libjvm.dylib+0x46a1f9], sa_mask[0]=11111111011111110111111111111111, sa_flags=SA_RESTART|SA_SIGINFO


---------------  S Y S T E M  ---------------

OS:Bsduname:Darwin 19.5.0 Darwin Kernel Version 19.5.0: Tue May 26 20:41:44 PDT 2020; root:xnu-6153.121.2~2/RELEASE_X86_64 x86_64
rlimit: STACK 8192k, CORE 0k, NPROC 2784, NOFILE 10240, AS infinity
load average:4.32 3.04 2.82

CPU:total 8 (4 cores per cpu, 2 threads per core) family 6 model 70 stepping 1, cmov, cx8, fxsr, mmx, sse, sse2, sse3, ssse3, sse4.1, sse4.2, popcnt, avx, avx2, aes, clmul, erms, lzcnt, ht, tsc, tscinvbit, bmi1, bmi2

Memory: 4k page, physical 16777216k(1730848k free)

/proc/meminfo:


vm_info: Java HotSpot(TM) 64-Bit Server VM (25.45-b02) for bsd-amd64 JRE (1.8.0_45-b14), built on Apr 10 2015 10:46:38 by "java_re" with gcc 4.2.1 (Based on Apple Inc. build 5658) (LLVM build 2336.11.00)

time: Tue Jun 23 19:11:28 2020
elapsed time: 189 seconds (0d 0h 3m 9s)

