#
# A fatal error has been detected by the Java Runtime Environment:
#
#  SIGSEGV (0xb) at pc=0x00007fff67400e52, pid=23996, tid=42755
#
# JRE version: Java(TM) SE Runtime Environment (8.0_45-b14) (build 1.8.0_45-b14)
# Java VM: Java HotSpot(TM) 64-Bit Server VM (25.45-b02 mixed mode bsd-amd64 compressed oops)
# Problematic frame:
# C  [libsystem_platform.dylib+0xe52]  _platform_strlen+0x12
#
# Failed to write core dump. Core dumps have been disabled. To enable core dumping, try "ulimit -c unlimited" before starting Java again
#
# If you would like to submit a bug report, please visit:
#   http://bugreport.java.com/bugreport/crash.jsp
# The crash happened outside the Java Virtual Machine in native code.
# See problematic frame for where to report the bug.
#

---------------  T H R E A D  ---------------

Current thread (0x00007fbe8a1da800):  JavaThread "clojure-agent-send-off-pool-0" [_thread_in_native, id=42755, stack(0x000070000f383000,0x000070000f483000)]

siginfo: si_signo: 11 (SIGSEGV), si_code: 1 (SEGV_MAPERR), si_addr: 0x0000000000000000

Registers:
RAX=0x000000000000000b, RBX=0x0000000000000001, RCX=0x000000000000000b, RDX=0x000000000000000b
RSP=0x000070000f480260, RBP=0x000070000f480260, RSI=0x0000000000000001, RDI=0x0000000000000000
R8 =0x0000000000000000, R9 =0x000070000f480d80, R10=0x00007fff8d992388, R11=0x00007fff296eb03c
R12=0x0000000000000073, R13=0x0000000000000000, R14=0xffffffffffffffff, R15=0x00007fff296eb03e
RIP=0x00007fff67400e52, EFLAGS=0x0000000000010246, ERR=0x0000000000000004
  TRAPNO=0x000000000000000e

Top of Stack: (sp=0x000070000f480260)
0x000070000f480260:   000070000f4805f0 00007fff6729c891
0x000070000f480270:   000000076af8c618 00000006c016bab0
0x000070000f480280:   00000000f0aa9eef 0000000000000000
0x000070000f480290:   0000000721812df8 00000007218957a0
0x000070000f4802a0:   000000072220bdd0 000000072195c4f8
0x000070000f4802b0:   0000000774c09ac8 000070000f4806f8
0x000070000f4802c0:   0000000000000001 00007fbe844187ac
0x000070000f4802d0:   0000000000000001 0000000000000000
0x000070000f4802e0:   0000000000000001 0000000774c09ae8
0x000070000f4802f0:   00007fff296eb031 0000000774c09b80
0x000070000f480300:   00000007c0078430 000000010f92b320
0x000070000f480310:   00007fff296eb03c 000000012b2b7028
0x000070000f480320:   0000000000000000 0000000000000000
0x000070000f480330:   0000000000000009 000070000f4806f8
0x000070000f480340:   000070000f480350 0000000b00000001
0x000070000f480350:   00007fff296eb031 000000000000000b
0x000070000f480360:   000070000f480527 0000000000000009
0x000070000f480370:   0000000774c09e78 000000072159b5f0
0x000070000f480380:   0000000721814b70 000000010fc2841c
0x000070000f480390:   0000000021783908 0000000121782a88
0x000070000f4803a0:   00000006c0023690 000000076af8cad0
0x000070000f4803b0:   0000000700000014 00000006c0000258
0x000070000f4803c0:   000070000f480438 000000010f576aa4
0x000070000f4803d0:   000000010f5769d0 000000010f576aa4
0x000070000f4803e0:   0000000721814b50 0000000000000000
0x000070000f4803f0:   0000000621782a68 0000700000000000
0x000070000f480400:   0000000600093180 0000000000000000
0x000070000f480410:   000070000f480d80 000070000f480d88
0x000070000f480420:   00000006c064bcf8 0000000023068484
0x000070000f480430:   0000000000000000 000000000000000b
0x000070000f480440:   00000002f80022a7 ffffffffffffffff
0x000070000f480450:   000000000000000b 00007fff8d992388 

Instructions: (pc=0x00007fff67400e52)
0x00007fff67400e32:   90 90 90 90 90 90 90 90 90 90 90 90 90 90 55 48
0x00007fff67400e42:   89 e5 48 89 f9 48 89 fa 48 83 e7 f0 66 0f ef c0
0x00007fff67400e52:   66 0f 74 07 66 0f d7 f0 48 83 e1 0f 48 83 c8 ff
0x00007fff67400e62:   48 d3 e0 21 c6 74 17 0f bc c6 48 29 d7 48 01 f8 

Register to memory mapping:

RAX=0x000000000000000b is an unknown value
RBX=0x0000000000000001 is an unknown value
RCX=0x000000000000000b is an unknown value
RDX=0x000000000000000b is an unknown value
RSP=0x000070000f480260 is pointing into the stack for thread: 0x00007fbe8a1da800
RBP=0x000070000f480260 is pointing into the stack for thread: 0x00007fbe8a1da800
RSI=0x0000000000000001 is an unknown value
RDI=0x0000000000000000 is an unknown value
R8 =0x0000000000000000 is an unknown value
R9 =0x000070000f480d80 is pointing into the stack for thread: 0x00007fbe8a1da800
R10=0x00007fff8d992388: __global_locale+0 in /usr/lib/system/libsystem_c.dylib at 0x00007fff6725a000
R11=0x00007fff296eb03c: ATLU_DestroyThreadMemory+0x1379 in /System/Library/Frameworks/Accelerate.framework/Versions/A/Frameworks/vecLib.framework/Versions/A/libBLAS.dylib at 0x00007fff29486000
R12=0x0000000000000073 is an unknown value
R13=0x0000000000000000 is an unknown value
R14=0xffffffffffffffff is an unknown value
R15=0x00007fff296eb03e: ATLU_DestroyThreadMemory+0x137b in /System/Library/Frameworks/Accelerate.framework/Versions/A/Frameworks/vecLib.framework/Versions/A/libBLAS.dylib at 0x00007fff29486000


Stack: [0x000070000f383000,0x000070000f483000],  sp=0x000070000f480260,  free space=1012k
Native frames: (J=compiled Java code, j=interpreted, Vv=VM code, C=native code)
C  [libsystem_platform.dylib+0xe52]  _platform_strlen+0x12
C  [libsystem_c.dylib+0x42891]  __vfprintf+0x1503
C  [libsystem_c.dylib+0x68ad3]  __v2printf+0x1db
C  [libsystem_c.dylib+0x68d5b]  __xvprintf+0x140
C  [libsystem_c.dylib+0x412b2]  vfprintf_l+0x36
C  [libsystem_c.dylib+0x3a15d]  fprintf+0xa0
C  [libBLAS.dylib+0x263b62]  cblas_ztrsv+0xca9
C  [libBLAS.dylib+0x263bbf]  cblas_xerbla+0x23
C  [libmkl_intel_lp64.dylib+0x10dd17]  cblas_dgemm+0x1f7
j  uncomplicate.neanderthal.internal.host.CBLAS.dgemm(IIIIIIDLjava/nio/Buffer;IILjava/nio/Buffer;IIDLjava/nio/Buffer;II)V+0
j  uncomplicate.neanderthal.internal.host.mkl.DoubleGEEngine.mm(Ljava/lang/Object;Ljava/lang/Object;Ljava/lang/Object;Ljava/lang/Object;Ljava/lang/Object;Ljava/lang/Object;)Ljava/lang/Object;+350
j  uncomplicate.neanderthal.core$mm_BANG_.invokeStatic(Ljava/lang/Object;Ljava/lang/Object;Ljava/lang/Object;Ljava/lang/Object;Ljava/lang/Object;)Ljava/lang/Object;+415
j  uncomplicate.neanderthal.core$mm_BANG_.invoke(Ljava/lang/Object;Ljava/lang/Object;Ljava/lang/Object;Ljava/lang/Object;Ljava/lang/Object;)Ljava/lang/Object;+19
j  uncomplicate.neanderthal.core$mm_STAR_.invokeStatic(Ljava/lang/Object;Ljava/lang/Object;Ljava/lang/Object;)Ljava/lang/Object;+181
j  uncomplicate.neanderthal.core$mm_STAR_.invoke(Ljava/lang/Object;Ljava/lang/Object;Ljava/lang/Object;)Ljava/lang/Object;+9
j  uncomplicate.neanderthal.core$mm.invokeStatic(Ljava/lang/Object;Ljava/lang/Object;)Ljava/lang/Object;+18
j  uncomplicate.neanderthal.core$mm.invoke(Ljava/lang/Object;Ljava/lang/Object;)Ljava/lang/Object;+6
j  provisdom.neanderthal_matrix.core$mx_STAR_.invokeStatic(Ljava/lang/Object;Ljava/lang/Object;)Ljava/lang/Object;+15
j  provisdom.neanderthal_matrix.core$mx_STAR_.invoke(Ljava/lang/Object;Ljava/lang/Object;)Ljava/lang/Object;+6
j  provisdom.neanderthal_matrix.core$lls_with_error.invokeStatic(Ljava/lang/Object;Ljava/lang/Object;)Ljava/lang/Object;+134
j  provisdom.neanderthal_matrix.core$lls_with_error.invoke(Ljava/lang/Object;Ljava/lang/Object;)Ljava/lang/Object;+6
j  clojure.lang.AFn.applyToHelper(Lclojure/lang/IFn;Lclojure/lang/ISeq;)Ljava/lang/Object;+158
J 3281 C2 clojure.lang.AFn.applyTo(Lclojure/lang/ISeq;)Ljava/lang/Object; (12 bytes) @ 0x0000000110362114 [0x00000001103620e0+0x34]
j  orchestra.spec.test$spec_checking_fn$fn__1466.doInvoke(Ljava/lang/Object;)Ljava/lang/Object;+121
J 4084 C2 clojure.lang.RestFn.applyTo(Lclojure/lang/ISeq;)Ljava/lang/Object; (3076 bytes) @ 0x000000010f8038d0 [0x000000010f803700+0x1d0]

Java frames: (J=compiled Java code, j=interpreted, Vv=VM code)
j  uncomplicate.neanderthal.internal.host.CBLAS.dgemm(IIIIIIDLjava/nio/Buffer;IILjava/nio/Buffer;IIDLjava/nio/Buffer;II)V+0
j  uncomplicate.neanderthal.internal.host.mkl.DoubleGEEngine.mm(Ljava/lang/Object;Ljava/lang/Object;Ljava/lang/Object;Ljava/lang/Object;Ljava/lang/Object;Ljava/lang/Object;)Ljava/lang/Object;+350
j  uncomplicate.neanderthal.core$mm_BANG_.invokeStatic(Ljava/lang/Object;Ljava/lang/Object;Ljava/lang/Object;Ljava/lang/Object;Ljava/lang/Object;)Ljava/lang/Object;+415
j  uncomplicate.neanderthal.core$mm_BANG_.invoke(Ljava/lang/Object;Ljava/lang/Object;Ljava/lang/Object;Ljava/lang/Object;Ljava/lang/Object;)Ljava/lang/Object;+19
j  uncomplicate.neanderthal.core$mm_STAR_.invokeStatic(Ljava/lang/Object;Ljava/lang/Object;Ljava/lang/Object;)Ljava/lang/Object;+181
j  uncomplicate.neanderthal.core$mm_STAR_.invoke(Ljava/lang/Object;Ljava/lang/Object;Ljava/lang/Object;)Ljava/lang/Object;+9
j  uncomplicate.neanderthal.core$mm.invokeStatic(Ljava/lang/Object;Ljava/lang/Object;)Ljava/lang/Object;+18
j  uncomplicate.neanderthal.core$mm.invoke(Ljava/lang/Object;Ljava/lang/Object;)Ljava/lang/Object;+6
j  provisdom.neanderthal_matrix.core$mx_STAR_.invokeStatic(Ljava/lang/Object;Ljava/lang/Object;)Ljava/lang/Object;+15
j  provisdom.neanderthal_matrix.core$mx_STAR_.invoke(Ljava/lang/Object;Ljava/lang/Object;)Ljava/lang/Object;+6
j  provisdom.neanderthal_matrix.core$lls_with_error.invokeStatic(Ljava/lang/Object;Ljava/lang/Object;)Ljava/lang/Object;+134
j  provisdom.neanderthal_matrix.core$lls_with_error.invoke(Ljava/lang/Object;Ljava/lang/Object;)Ljava/lang/Object;+6
j  clojure.lang.AFn.applyToHelper(Lclojure/lang/IFn;Lclojure/lang/ISeq;)Ljava/lang/Object;+158
J 3281 C2 clojure.lang.AFn.applyTo(Lclojure/lang/ISeq;)Ljava/lang/Object; (12 bytes) @ 0x0000000110362114 [0x00000001103620e0+0x34]
j  orchestra.spec.test$spec_checking_fn$fn__1466.doInvoke(Ljava/lang/Object;)Ljava/lang/Object;+121
J 4084 C2 clojure.lang.RestFn.applyTo(Lclojure/lang/ISeq;)Ljava/lang/Object; (3076 bytes) @ 0x000000010f8038d0 [0x000000010f803700+0x1d0]
J 4318 C2 clojure.core$apply.invoke(Ljava/lang/Object;Ljava/lang/Object;)Ljava/lang/Object; (10 bytes) @ 0x00000001105f45a8 [0x00000001105f4500+0xa8]
j  clojure.spec.test.alpha$check_call.invokeStatic(Ljava/lang/Object;Ljava/lang/Object;Ljava/lang/Object;)Ljava/lang/Object;+204
J 5110 C1 clojure.spec.test.alpha$check_call.invoke(Ljava/lang/Object;Ljava/lang/Object;Ljava/lang/Object;)Ljava/lang/Object; (13 bytes) @ 0x0000000110580104 [0x0000000110580080+0x84]
J 5109 C1 clojure.spec.test.alpha$quick_check$fn__3069.invoke(Ljava/lang/Object;)Ljava/lang/Object; (28 bytes) @ 0x0000000110580714 [0x0000000110580460+0x2b4]
j  clojure.lang.AFn.applyToHelper(Lclojure/lang/IFn;Lclojure/lang/ISeq;)Ljava/lang/Object;+126
J 3281 C2 clojure.lang.AFn.applyTo(Lclojure/lang/ISeq;)Ljava/lang/Object; (12 bytes) @ 0x0000000110362114 [0x00000001103620e0+0x34]
J 4318 C2 clojure.core$apply.invoke(Ljava/lang/Object;Ljava/lang/Object;)Ljava/lang/Object; (10 bytes) @ 0x00000001105f45a8 [0x00000001105f4500+0xa8]
J 5108 C1 clojure.test.check.properties$apply_gen$fn__34156$fn__34157.invoke()Ljava/lang/Object; (112 bytes) @ 0x0000000110580e1c [0x0000000110580b40+0x2dc]
J 5106 C1 clojure.test.check.properties$apply_gen$fn__34156.invoke(Ljava/lang/Object;)Ljava/lang/Object; (67 bytes) @ 0x000000011058252c [0x00000001105822e0+0x24c]
J 4948 C2 clojure.test.check.generators$fmap$fn__33624.invoke(Ljava/lang/Object;)Ljava/lang/Object; (24 bytes) @ 0x000000011009b568 [0x000000011009b460+0x108]
J 4763 C2 clojure.test.check.generators$gen_fmap$fn__33598.invoke(Ljava/lang/Object;Ljava/lang/Object;)Ljava/lang/Object; (33 bytes) @ 0x000000011034d550 [0x000000011034d4a0+0xb0]
J 4726 C2 clojure.test.check.generators$call_gen.invoke(Ljava/lang/Object;Ljava/lang/Object;Ljava/lang/Object;)Ljava/lang/Object; (13 bytes) @ 0x000000010fdac584 [0x000000010fdac440+0x144]
j  clojure.test.check$quick_check.invokeStatic(Ljava/lang/Object;Ljava/lang/Object;Lclojure/lang/ISeq;)Ljava/lang/Object;+425
j  clojure.test.check$quick_check.doInvoke(Ljava/lang/Object;Ljava/lang/Object;Ljava/lang/Object;)Ljava/lang/Object;+12
J 2545 C1 clojure.lang.RestFn.invoke(Ljava/lang/Object;Ljava/lang/Object;)Ljava/lang/Object; (119 bytes) @ 0x000000010ffd5d24 [0x000000010ffd4ce0+0x1044]
J 4085 C2 clojure.lang.AFn.applyToHelper(Lclojure/lang/IFn;Lclojure/lang/ISeq;)Ljava/lang/Object; (3238 bytes) @ 0x00000001105c2ebc [0x00000001105c0ac0+0x23fc]
J 4084 C2 clojure.lang.RestFn.applyTo(Lclojure/lang/ISeq;)Ljava/lang/Object; (3076 bytes) @ 0x000000010f8037ac [0x000000010f803700+0xac]
J 4318 C2 clojure.core$apply.invoke(Ljava/lang/Object;Ljava/lang/Object;)Ljava/lang/Object; (10 bytes) @ 0x00000001105f45a8 [0x00000001105f4500+0xa8]
j  clojure.spec.gen.alpha$quick_check.invokeStatic(Lclojure/lang/ISeq;)Ljava/lang/Object;+32
j  clojure.spec.gen.alpha$quick_check.doInvoke(Ljava/lang/Object;)Ljava/lang/Object;+6
J 4084 C2 clojure.lang.RestFn.applyTo(Lclojure/lang/ISeq;)Ljava/lang/Object; (3076 bytes) @ 0x000000010f8038d0 [0x000000010f803700+0x1d0]
j  clojure.core$apply.invokeStatic(Ljava/lang/Object;Ljava/lang/Object;Ljava/lang/Object;Ljava/lang/Object;)Ljava/lang/Object;+21
j  clojure.core$apply.invoke(Ljava/lang/Object;Ljava/lang/Object;Ljava/lang/Object;Ljava/lang/Object;)Ljava/lang/Object;+14
j  clojure.spec.test.alpha$quick_check.invokeStatic(Ljava/lang/Object;Ljava/lang/Object;Ljava/lang/Object;)Ljava/lang/Object;+327
j  clojure.spec.test.alpha$quick_check.invoke(Ljava/lang/Object;Ljava/lang/Object;Ljava/lang/Object;)Ljava/lang/Object;+9
j  clojure.spec.test.alpha$check_1.invokeStatic(Ljava/lang/Object;Ljava/lang/Object;)Ljava/lang/Object;+548
j  clojure.spec.test.alpha$check_1.invoke(Ljava/lang/Object;Ljava/lang/Object;)Ljava/lang/Object;+6
j  clojure.spec.test.alpha$check$fn__3088.invoke(Ljava/lang/Object;)Ljava/lang/Object;+32
j  clojure.core$pmap$fn__8462$fn__8463.invoke()Ljava/lang/Object;+23
j  clojure.core$binding_conveyor_fn$fn__5754.invoke()Ljava/lang/Object;+16
j  clojure.lang.AFn.call()Ljava/lang/Object;+1
j  java.util.concurrent.FutureTask.run()V+42
j  java.util.concurrent.ThreadPoolExecutor.runWorker(Ljava/util/concurrent/ThreadPoolExecutor$Worker;)V+95
j  java.util.concurrent.ThreadPoolExecutor$Worker.run()V+5
j  java.lang.Thread.run()V+11
v  ~StubRoutines::call_stub

---------------  P R O C E S S  ---------------

Java Threads: ( => current thread )
  0x00007fbe86f58000 JavaThread "nRepl-session-799c362a-464e-45db-8729-c4c1145f03a8" daemon [_thread_blocked, id=23299, stack(0x000070000f892000,0x000070000f992000)]
  0x00007fbe86f66000 JavaThread "nRepl-session-9f8e968a-4657-43f5-aa02-d97ce212cfac" daemon [_thread_blocked, id=22787, stack(0x000070000f78f000,0x000070000f88f000)]
  0x00007fbe856c2800 JavaThread "clojure-agent-send-off-pool-3" [_thread_in_native, id=41731, stack(0x000070000f68c000,0x000070000f78c000)]
  0x00007fbe8562e000 JavaThread "clojure-agent-send-off-pool-2" [_thread_in_native, id=41987, stack(0x000070000f589000,0x000070000f689000)]
  0x00007fbe86f4b000 JavaThread "clojure-agent-send-off-pool-1" [_thread_blocked, id=42499, stack(0x000070000f486000,0x000070000f586000)]
=>0x00007fbe8a1da800 JavaThread "clojure-agent-send-off-pool-0" [_thread_in_native, id=42755, stack(0x000070000f383000,0x000070000f483000)]
  0x00007fbe84a0f000 JavaThread "Attach Listener" daemon [_thread_blocked, id=43267, stack(0x000070000f280000,0x000070000f380000)]
  0x00007fbe848ac800 JavaThread "Service Thread" daemon [_thread_blocked, id=16387, stack(0x000070000f07a000,0x000070000f17a000)]
  0x00007fbe8488c000 JavaThread "C1 CompilerThread3" daemon [_thread_blocked, id=15619, stack(0x000070000ef77000,0x000070000f077000)]
  0x00007fbe8a808800 JavaThread "C2 CompilerThread2" daemon [_thread_in_native, id=16899, stack(0x000070000ee74000,0x000070000ef74000)]
  0x00007fbe85101800 JavaThread "C2 CompilerThread1" daemon [_thread_in_native, id=15107, stack(0x000070000ed71000,0x000070000ee71000)]
  0x00007fbe88809000 JavaThread "C2 CompilerThread0" daemon [_thread_in_native, id=14851, stack(0x000070000ec6e000,0x000070000ed6e000)]
  0x00007fbe8686d800 JavaThread "Monitor Ctrl-Break" daemon [_thread_in_native, id=14595, stack(0x000070000eb6b000,0x000070000ec6b000)]
  0x00007fbe8500c800 JavaThread "Signal Dispatcher" daemon [_thread_blocked, id=17923, stack(0x000070000ea68000,0x000070000eb68000)]
  0x00007fbe85031000 JavaThread "Finalizer" daemon [_thread_blocked, id=19715, stack(0x000070000e85f000,0x000070000e95f000)]
  0x00007fbe8580c800 JavaThread "Reference Handler" daemon [_thread_blocked, id=12291, stack(0x000070000e75c000,0x000070000e85c000)]
  0x00007fbe8500b800 JavaThread "main" [_thread_blocked, id=2819, stack(0x000070000dd3e000,0x000070000de3e000)]

Other Threads:
  0x00007fbe84829000 VMThread [stack: 0x000070000e659000,0x000070000e759000] [id=11779]
  0x00007fbe8514c800 WatcherThread [stack: 0x000070000f17d000,0x000070000f27d000] [id=21763]

VM state:not at safepoint (normal execution)

VM Mutex/Monitor currently owned by a thread: None

Heap:
 PSYoungGen      total 436224K, used 171825K [0x000000076ab00000, 0x0000000788000000, 0x00000007c0000000)
  eden space 424960K, 38% used [0x000000076ab00000,0x0000000774c19660,0x0000000784a00000)
  from space 11264K, 60% used [0x0000000785500000,0x0000000785bb3060,0x0000000786000000)
  to   space 11264K, 0% used [0x0000000784a00000,0x0000000784a00000,0x0000000785500000)
 ParOldGen       total 239616K, used 22405K [0x00000006c0000000, 0x00000006cea00000, 0x000000076ab00000)
  object space 239616K, 9% used [0x00000006c0000000,0x00000006c15e1590,0x00000006cea00000)
 Metaspace       used 47700K, capacity 68374K, committed 68608K, reserved 1099776K
  class space    used 12015K, capacity 18387K, committed 18432K, reserved 1048576K

Card table byte_map: [0x0000000104fc1000,0x00000001057c2000] byte_map_base: 0x00000001019c1000

Marking Bits: (ParMarkBitMap*) 0x00000001044c27a0
 Begin Bits: [0x0000000105d18000, 0x0000000109d18000)
 End Bits:   [0x0000000109d18000, 0x000000010dd18000)

Polling page: 0x0000000102be2000

CodeCache: size=245760Kb used=18675Kb max_used=18711Kb free=227085Kb
 bounds [0x000000010f56f000, 0x00000001107ef000, 0x000000011e56f000]
 total_blobs=4411 nmethods=3894 adapters=429
 compilation: enabled

Compilation events (10 events):
Event: 17.505 Thread 0x00007fbe8488c000 5120       3       uncomplicate.neanderthal.internal.navigation.GERegion::info (190 bytes)
Event: 17.507 Thread 0x00007fbe8488c000 nmethod 5120 0x00000001101418d0 code [0x0000000110141c60, 0x0000000110144078]
Event: 17.507 Thread 0x00007fbe8488c000 5121       3       uncomplicate.neanderthal.internal.navigation.GERegion::kl (8 bytes)
Event: 17.507 Thread 0x00007fbe8488c000 nmethod 5121 0x000000011015a890 code [0x000000011015aa20, 0x000000011015ad28]
Event: 17.507 Thread 0x00007fbe8488c000 5122       3       uncomplicate.neanderthal.internal.navigation.GERegion::ku (8 bytes)
Event: 17.508 Thread 0x00007fbe8488c000 nmethod 5122 0x000000011015a2d0 code [0x000000011015a460, 0x000000011015a768]
Event: 17.508 Thread 0x00007fbe8488c000 5118       3       uncomplicate.neanderthal.internal.navigation.RealColumnNavigator::info (4 bytes)
Event: 17.508 Thread 0x00007fbe8488c000 nmethod 5118 0x0000000110156610 code [0x0000000110156780, 0x00000001101568d0]
Event: 17.508 Thread 0x00007fbe8488c000 5123       1       uncomplicate.commons.utils$cond_into::getRequiredArity (2 bytes)
Event: 17.508 Thread 0x00007fbe8488c000 nmethod 5123 0x000000011015a010 code [0x000000011015a160, 0x000000011015a270]

GC Heap History (10 events):
Event: 11.421 GC heap before
{Heap before GC invocations=13 (full 2):
 PSYoungGen      total 352256K, used 301708K [0x000000076ab00000, 0x0000000780d80000, 0x00000007c0000000)
  eden space 342016K, 86% used [0x000000076ab00000,0x000000077cb7d910,0x000000077f900000)
  from space 10240K, 61% used [0x0000000780300000,0x0000000780925718,0x0000000780d00000)
  to   space 10240K, 0% used [0x000000077f900000,0x000000077f900000,0x0000000780300000)
 ParOldGen       total 163328K, used 15075K [0x00000006c0000000, 0x00000006c9f80000, 0x000000076ab00000)
  object space 163328K, 9% used [0x00000006c0000000,0x00000006c0eb8ec8,0x00000006c9f80000)
 Metaspace       used 41942K, capacity 59102K, committed 59160K, reserved 1093632K
  class space    used 10824K, capacity 15944K, committed 16000K, reserved 1048576K
Event: 11.427 GC heap after
Heap after GC invocations=13 (full 2):
 PSYoungGen      total 352256K, used 7886K [0x000000076ab00000, 0x0000000786180000, 0x00000007c0000000)
  eden space 342016K, 0% used [0x000000076ab00000,0x000000076ab00000,0x000000077f900000)
  from space 10240K, 77% used [0x000000077f900000,0x00000007800b39e8,0x0000000780300000)
  to   space 10240K, 0% used [0x0000000785780000,0x0000000785780000,0x0000000786180000)
 ParOldGen       total 163328K, used 15083K [0x00000006c0000000, 0x00000006c9f80000, 0x000000076ab00000)
  object space 163328K, 9% used [0x00000006c0000000,0x00000006c0ebaec8,0x00000006c9f80000)
 Metaspace       used 41942K, capacity 59102K, committed 59160K, reserved 1093632K
  class space    used 10824K, capacity 15944K, committed 16000K, reserved 1048576K
}
Event: 11.427 GC heap before
{Heap before GC invocations=14 (full 3):
 PSYoungGen      total 352256K, used 7886K [0x000000076ab00000, 0x0000000786180000, 0x00000007c0000000)
  eden space 342016K, 0% used [0x000000076ab00000,0x000000076ab00000,0x000000077f900000)
  from space 10240K, 77% used [0x000000077f900000,0x00000007800b39e8,0x0000000780300000)
  to   space 10240K, 0% used [0x0000000785780000,0x0000000785780000,0x0000000786180000)
 ParOldGen       total 163328K, used 15083K [0x00000006c0000000, 0x00000006c9f80000, 0x000000076ab00000)
  object space 163328K, 9% used [0x00000006c0000000,0x00000006c0ebaec8,0x00000006c9f80000)
 Metaspace       used 41942K, capacity 59102K, committed 59160K, reserved 1093632K
  class space    used 10824K, capacity 15944K, committed 16000K, reserved 1048576K
Event: 11.627 GC heap after
Heap after GC invocations=14 (full 3):
 PSYoungGen      total 352256K, used 0K [0x000000076ab00000, 0x0000000786180000, 0x00000007c0000000)
  eden space 342016K, 0% used [0x000000076ab00000,0x000000076ab00000,0x000000077f900000)
  from space 10240K, 0% used [0x000000077f900000,0x000000077f900000,0x0000000780300000)
  to   space 10240K, 0% used [0x0000000785780000,0x0000000785780000,0x0000000786180000)
 ParOldGen       total 239616K, used 22397K [0x00000006c0000000, 0x00000006cea00000, 0x000000076ab00000)
  object space 239616K, 9% used [0x00000006c0000000,0x00000006c15df590,0x00000006cea00000)
 Metaspace       used 41935K, capacity 59090K, committed 59160K, reserved 1093632K
  class space    used 10821K, capacity 15940K, committed 16000K, reserved 1048576K
}
Event: 12.340 GC heap before
{Heap before GC invocations=15 (full 3):
 PSYoungGen      total 352256K, used 342016K [0x000000076ab00000, 0x0000000786180000, 0x00000007c0000000)
  eden space 342016K, 100% used [0x000000076ab00000,0x000000077f900000,0x000000077f900000)
  from space 10240K, 0% used [0x000000077f900000,0x000000077f900000,0x0000000780300000)
  to   space 10240K, 0% used [0x0000000785780000,0x0000000785780000,0x0000000786180000)
 ParOldGen       total 239616K, used 22397K [0x00000006c0000000, 0x00000006cea00000, 0x000000076ab00000)
  object space 239616K, 9% used [0x00000006c0000000,0x00000006c15df590,0x00000006cea00000)
 Metaspace       used 43319K, capacity 61248K, committed 61336K, reserved 1093632K
  class space    used 11034K, capacity 16362K, committed 16384K, reserved 1048576K
Event: 12.342 GC heap after
Heap after GC invocations=15 (full 3):
 PSYoungGen      total 384512K, used 1824K [0x000000076ab00000, 0x0000000785980000, 0x00000007c0000000)
  eden space 382464K, 0% used [0x000000076ab00000,0x000000076ab00000,0x0000000782080000)
  from space 2048K, 89% used [0x0000000785780000,0x0000000785948000,0x0000000785980000)
  to   space 10752K, 0% used [0x0000000784480000,0x0000000784480000,0x0000000784f00000)
 ParOldGen       total 239616K, used 22405K [0x00000006c0000000, 0x00000006cea00000, 0x000000076ab00000)
  object space 239616K, 9% used [0x00000006c0000000,0x00000006c15e1590,0x00000006cea00000)
 Metaspace       used 43319K, capacity 61248K, committed 61336K, reserved 1093632K
  class space    used 11034K, capacity 16362K, committed 16384K, reserved 1048576K
}
Event: 12.864 GC heap before
{Heap before GC invocations=16 (full 3):
 PSYoungGen      total 384512K, used 384288K [0x000000076ab00000, 0x0000000785980000, 0x00000007c0000000)
  eden space 382464K, 100% used [0x000000076ab00000,0x0000000782080000,0x0000000782080000)
  from space 2048K, 89% used [0x0000000785780000,0x0000000785948000,0x0000000785980000)
  to   space 10752K, 0% used [0x0000000784480000,0x0000000784480000,0x0000000784f00000)
 ParOldGen       total 239616K, used 22405K [0x00000006c0000000, 0x00000006cea00000, 0x000000076ab00000)
  object space 239616K, 9% used [0x00000006c0000000,0x00000006c15e1590,0x00000006cea00000)
 Metaspace       used 44739K, capacity 63308K, committed 63488K, reserved 1095680K
  class space    used 11228K, capacity 16806K, committed 16896K, reserved 1048576K
Event: 12.867 GC heap after
Heap after GC invocations=16 (full 3):
 PSYoungGen      total 430080K, used 1120K [0x000000076ab00000, 0x0000000786000000, 0x00000007c0000000)
  eden space 419328K, 0% used [0x000000076ab00000,0x000000076ab00000,0x0000000784480000)
  from space 10752K, 10% used [0x0000000784480000,0x0000000784598000,0x0000000784f00000)
  to   space 11264K, 0% used [0x0000000785500000,0x0000000785500000,0x0000000786000000)
 ParOldGen       total 239616K, used 22405K [0x00000006c0000000, 0x00000006cea00000, 0x000000076ab00000)
  object space 239616K, 9% used [0x00000006c0000000,0x00000006c15e1590,0x00000006cea00000)
 Metaspace       used 44739K, capacity 63308K, committed 63488K, reserved 1095680K
  class space    used 11228K, capacity 16806K, committed 16896K, reserved 1048576K
}
Event: 16.811 GC heap before
{Heap before GC invocations=17 (full 3):
 PSYoungGen      total 430080K, used 420448K [0x000000076ab00000, 0x0000000786000000, 0x00000007c0000000)
  eden space 419328K, 100% used [0x000000076ab00000,0x0000000784480000,0x0000000784480000)
  from space 10752K, 10% used [0x0000000784480000,0x0000000784598000,0x0000000784f00000)
  to   space 11264K, 0% used [0x0000000785500000,0x0000000785500000,0x0000000786000000)
 ParOldGen       total 239616K, used 22405K [0x00000006c0000000, 0x00000006cea00000, 0x000000076ab00000)
  object space 239616K, 9% used [0x00000006c0000000,0x00000006c15e1590,0x00000006cea00000)
 Metaspace       used 46830K, capacity 66860K, committed 66944K, reserved 1097728K
  class space    used 11810K, capacity 17989K, committed 18048K, reserved 1048576K
Event: 16.815 GC heap after
Heap after GC invocations=17 (full 3):
 PSYoungGen      total 436224K, used 6860K [0x000000076ab00000, 0x0000000788000000, 0x00000007c0000000)
  eden space 424960K, 0% used [0x000000076ab00000,0x000000076ab00000,0x0000000784a00000)
  from space 11264K, 60% used [0x0000000785500000,0x0000000785bb3060,0x0000000786000000)
  to   space 11264K, 0% used [0x0000000784a00000,0x0000000784a00000,0x0000000785500000)
 ParOldGen       total 239616K, used 22405K [0x00000006c0000000, 0x00000006cea00000, 0x000000076ab00000)
  object space 239616K, 9% used [0x00000006c0000000,0x00000006c15e1590,0x00000006cea00000)
 Metaspace       used 46830K, capacity 66860K, committed 66944K, reserved 1097728K
  class space    used 11810K, capacity 17989K, committed 18048K, reserved 1048576K
}

Deoptimization events (10 events):
Event: 16.926 Thread 0x00007fbe8a1da800 Uncommon trap: reason=unstable_if action=reinterpret pc=0x000000010fe8ef04 method=clojure.lang.PersistentHashMap$BitmapIndexedNode.without(IILjava/lang/Object;)Lclojure/lang/PersistentHashMap$INode; @ 121
Event: 16.984 Thread 0x00007fbe8a1da800 Uncommon trap: reason=unstable_if action=reinterpret pc=0x000000010f683d74 method=java.lang.Long.stringSize(J)I @ 11
Event: 17.200 Thread 0x00007fbe8a1da800 Uncommon trap: reason=bimorphic action=maybe_recompile pc=0x00000001105c66e0 method=clojure.lang.AFn.applyToHelper(Lclojure/lang/IFn;Lclojure/lang/ISeq;)Ljava/lang/Object; @ 269
Event: 17.200 Thread 0x00007fbe8a1da800 Uncommon trap: reason=bimorphic action=maybe_recompile pc=0x00000001105c66e0 method=clojure.lang.AFn.applyToHelper(Lclojure/lang/IFn;Lclojure/lang/ISeq;)Ljava/lang/Object; @ 269
Event: 17.264 Thread 0x00007fbe8a1da800 Uncommon trap: reason=bimorphic action=maybe_recompile pc=0x000000010fe88c18 method=clojure.lang.RT.doubleCast(Ljava/lang/Object;)D @ 4
Event: 17.367 Thread 0x00007fbe8a1da800 Uncommon trap: reason=bimorphic action=maybe_recompile pc=0x000000010fe88c18 method=clojure.lang.RT.doubleCast(Ljava/lang/Object;)D @ 4
Event: 17.431 Thread 0x00007fbe8a1da800 Uncommon trap: reason=bimorphic action=maybe_recompile pc=0x000000010fe88c18 method=clojure.lang.RT.doubleCast(Ljava/lang/Object;)D @ 4
Event: 17.498 Thread 0x00007fbe8a1da800 Uncommon trap: reason=bimorphic action=maybe_recompile pc=0x00000001102b1010 method=clojure.lang.AFn.applyToHelper(Lclojure/lang/IFn;Lclojure/lang/ISeq;)Ljava/lang/Object; @ 340
Event: 17.498 Thread 0x00007fbe8a1da800 Uncommon trap: reason=bimorphic action=maybe_recompile pc=0x00000001102b1010 method=clojure.lang.AFn.applyToHelper(Lclojure/lang/IFn;Lclojure/lang/ISeq;)Ljava/lang/Object; @ 340
Event: 17.510 Thread 0x00007fbe8a1da800 Uncommon trap: reason=bimorphic action=maybe_recompile pc=0x000000010fe88c18 method=clojure.lang.RT.doubleCast(Ljava/lang/Object;)D @ 4

Internal exceptions (10 events):
Event: 1.185 Thread 0x00007fbe8500b800 Implicit null exception at 0x000000010fad3334 to 0x000000010fad3ba5
Event: 1.472 Thread 0x00007fbe8500b800 Exception <a 'java/lang/NullPointerException'> (0x000000076bd30518) thrown at [/Users/java_re/workspace/8-2-build-macosx-x86_64/jdk8u45/3457/hotspot/src/share/vm/interpreter/linkResolver.cpp, line 1178]
Event: 1.473 Thread 0x00007fbe8500b800 Implicit null exception at 0x000000010fcb6a8f to 0x000000010fcb6c79
Event: 2.075 Thread 0x00007fbe8500b800 Implicit null exception at 0x000000010fd8aa28 to 0x000000010fd8ad6d
Event: 2.075 Thread 0x00007fbe8500b800 Implicit null exception at 0x000000010fdc0646 to 0x000000010fdc0881
Event: 3.228 Thread 0x00007fbe86f4b000 Exception <a 'java/net/SocketException': Socket closed> (0x0000000771ca9230) thrown at [/Users/java_re/workspace/8-2-build-macosx-x86_64/jdk8u45/3457/hotspot/src/share/vm/prims/jni.cpp, line 735]
Event: 7.465 Thread 0x00007fbe86f66000 Implicit null exception at 0x000000011031a68c to 0x000000011031a79c
Event: 8.942 Thread 0x00007fbe86f66000 Implicit null exception at 0x000000011013b9ff to 0x000000011013bad1
Event: 10.808 Thread 0x00007fbe86f66000 Implicit null exception at 0x000000010fb5d9ef to 0x000000010fb5fd45
Event: 16.816 Thread 0x00007fbe8a1da800 Implicit null exception at 0x0000000110657712 to 0x0000000110659be5

Events (10 events):
Event: 17.431 Thread 0x00007fbe8a1da800 DEOPT UNPACKING pc=0x000000010f574229 sp=0x000070000f47f7d8 mode 2
Event: 17.498 Thread 0x00007fbe8a1da800 Uncommon trap: trap_request=0xffffffc6 fr.pc=0x00000001102b1010
Event: 17.498 Thread 0x00007fbe8a1da800 DEOPT PACKING pc=0x00000001102b1010 sp=0x000070000f480cf0
Event: 17.498 Thread 0x00007fbe8a1da800 DEOPT UNPACKING pc=0x000000010f574229 sp=0x000070000f480dc0 mode 2
Event: 17.498 Thread 0x00007fbe8a1da800 Uncommon trap: trap_request=0xffffffc6 fr.pc=0x00000001102b1010
Event: 17.498 Thread 0x00007fbe8a1da800 DEOPT PACKING pc=0x00000001102b1010 sp=0x000070000f480cf0
Event: 17.498 Thread 0x00007fbe8a1da800 DEOPT UNPACKING pc=0x000000010f574229 sp=0x000070000f480dc0 mode 2
Event: 17.510 Thread 0x00007fbe8a1da800 Uncommon trap: trap_request=0xffffffc6 fr.pc=0x000000010fe88c18
Event: 17.510 Thread 0x00007fbe8a1da800 DEOPT PACKING pc=0x000000010fe88c18 sp=0x000070000f4812b0
Event: 17.510 Thread 0x00007fbe8a1da800 DEOPT UNPACKING pc=0x000000010f574229 sp=0x000070000f481268 mode 2


Dynamic libraries:
0x00000000000c1000 	/System/Library/Frameworks/Cocoa.framework/Versions/A/Cocoa
0x00000000000c1000 	/System/Library/Frameworks/Security.framework/Versions/A/Security
0x00000000000c1000 	/System/Library/Frameworks/ApplicationServices.framework/Versions/A/ApplicationServices
0x00000000000c1000 	/usr/lib/libz.1.dylib
0x00000000000c1000 	/usr/lib/libSystem.B.dylib
0x00000000000c1000 	/usr/lib/libobjc.A.dylib
0x00000000000c1000 	/System/Library/Frameworks/CoreFoundation.framework/Versions/A/CoreFoundation
0x00000000000c1000 	/System/Library/Frameworks/Foundation.framework/Versions/C/Foundation
0x00000000000c1000 	/System/Library/Frameworks/AppKit.framework/Versions/C/AppKit
0x00000000000c1000 	/System/Library/Frameworks/CoreData.framework/Versions/A/CoreData
0x00000000000c1000 	/System/Library/PrivateFrameworks/UIFoundation.framework/Versions/A/UIFoundation
0x00000000000c1000 	/System/Library/PrivateFrameworks/RemoteViewServices.framework/Versions/A/RemoteViewServices
0x00000000000c1000 	/System/Library/PrivateFrameworks/XCTTargetBootstrap.framework/Versions/A/XCTTargetBootstrap
0x00000000000c1000 	/System/Library/Frameworks/CoreDisplay.framework/Versions/A/CoreDisplay
0x00000000000c1000 	/System/Library/Frameworks/Metal.framework/Versions/A/Metal
0x00000000000c1000 	/System/Library/PrivateFrameworks/DesktopServicesPriv.framework/Versions/A/DesktopServicesPriv
0x00000000000c1000 	/usr/lib/liblangid.dylib
0x00000000000c1000 	/System/Library/PrivateFrameworks/CoreSVG.framework/Versions/A/CoreSVG
0x00000000000c1000 	/System/Library/PrivateFrameworks/SkyLight.framework/Versions/A/SkyLight
0x00000000000c1000 	/System/Library/Frameworks/CoreGraphics.framework/Versions/A/CoreGraphics
0x00000000000c1000 	/System/Library/Frameworks/Accelerate.framework/Versions/A/Accelerate
0x00000000000c1000 	/usr/lib/libxml2.2.dylib
0x00000000000c1000 	/System/Library/PrivateFrameworks/IconServices.framework/Versions/A/IconServices
0x00000000000c1000 	/System/Library/Frameworks/IOSurface.framework/Versions/A/IOSurface
0x00000000000c1000 	/usr/lib/libDiagnosticMessagesClient.dylib
0x00000000000c1000 	/System/Library/PrivateFrameworks/DFRFoundation.framework/Versions/A/DFRFoundation
0x00000000000c1000 	/usr/lib/libicucore.A.dylib
0x00000000000c1000 	/System/Library/Frameworks/AudioToolbox.framework/Versions/A/AudioToolbox
0x00000000000c1000 	/System/Library/Frameworks/AudioUnit.framework/Versions/A/AudioUnit
0x00000000000c1000 	/usr/lib/libauto.dylib
0x00000000000c1000 	/System/Library/PrivateFrameworks/DataDetectorsCore.framework/Versions/A/DataDetectorsCore
0x00000000000c1000 	/System/Library/Frameworks/Carbon.framework/Versions/A/Frameworks/HIToolbox.framework/Versions/A/HIToolbox
0x00000000000c1000 	/System/Library/Frameworks/QuartzCore.framework/Versions/A/QuartzCore
0x00000000000c1000 	/System/Library/Frameworks/Carbon.framework/Versions/A/Frameworks/SpeechRecognition.framework/Versions/A/SpeechRecognition
0x00000000000c1000 	/System/Library/PrivateFrameworks/CoreUI.framework/Versions/A/CoreUI
0x00000000000c1000 	/System/Library/Frameworks/CoreAudio.framework/Versions/A/CoreAudio
0x00000000000c1000 	/System/Library/Frameworks/DiskArbitration.framework/Versions/A/DiskArbitration
0x00000000000c1000 	/System/Library/PrivateFrameworks/MultitouchSupport.framework/Versions/A/MultitouchSupport
0x00000000000c1000 	/usr/lib/libenergytrace.dylib
0x00000000000c1000 	/System/Library/Frameworks/IOKit.framework/Versions/A/IOKit
0x00000000000c1000 	/System/Library/Frameworks/CoreServices.framework/Versions/A/CoreServices
0x00000000000c1000 	/System/Library/PrivateFrameworks/PerformanceAnalysis.framework/Versions/A/PerformanceAnalysis
0x00000000000c1000 	/System/Library/Frameworks/OpenGL.framework/Versions/A/OpenGL
0x00000000000c1000 	/System/Library/Frameworks/ColorSync.framework/Versions/A/ColorSync
0x00000000000c1000 	/System/Library/Frameworks/CoreImage.framework/Versions/A/CoreImage
0x00000000000c1000 	/System/Library/Frameworks/CoreText.framework/Versions/A/CoreText
0x00000000000c1000 	/System/Library/Frameworks/ImageIO.framework/Versions/A/ImageIO
0x00000000000c1000 	/usr/lib/libc++.1.dylib
0x00000000000c1000 	/usr/lib/libcompression.dylib
0x00000000000c1000 	/usr/lib/libMobileGestalt.dylib
0x00000000000c1000 	/System/Library/PrivateFrameworks/TextureIO.framework/Versions/A/TextureIO
0x00000000000c1000 	/usr/lib/libate.dylib
0x00000000000c1000 	/System/Library/PrivateFrameworks/InternationalSupport.framework/Versions/A/InternationalSupport
0x00000000000c1000 	/usr/lib/system/libcache.dylib
0x00000000000c1000 	/usr/lib/system/libcommonCrypto.dylib
0x00000000000c1000 	/usr/lib/system/libcompiler_rt.dylib
0x00000000000c1000 	/usr/lib/system/libcopyfile.dylib
0x00000000000c1000 	/usr/lib/system/libcorecrypto.dylib
0x00000000000c1000 	/usr/lib/system/libdispatch.dylib
0x00000000000c1000 	/usr/lib/system/libdyld.dylib
0x00000000000c1000 	/usr/lib/system/libkeymgr.dylib
0x00000000000c1000 	/usr/lib/system/liblaunch.dylib
0x00000000000c1000 	/usr/lib/system/libmacho.dylib
0x00000000000c1000 	/usr/lib/system/libquarantine.dylib
0x00000000000c1000 	/usr/lib/system/libremovefile.dylib
0x00000000000c1000 	/usr/lib/system/libsystem_asl.dylib
0x00000000000c1000 	/usr/lib/system/libsystem_blocks.dylib
0x00000000000c1000 	/usr/lib/system/libsystem_c.dylib
0x00000000000c1000 	/usr/lib/system/libsystem_configuration.dylib
0x00000000000c1000 	/usr/lib/system/libsystem_coreservices.dylib
0x00000000000c1000 	/usr/lib/system/libsystem_darwin.dylib
0x00000000000c1000 	/usr/lib/system/libsystem_dnssd.dylib
0x00000000000c1000 	/usr/lib/system/libsystem_featureflags.dylib
0x00000000000c1000 	/usr/lib/system/libsystem_info.dylib
0x00000000000c1000 	/usr/lib/system/libsystem_m.dylib
0x00000000000c1000 	/usr/lib/system/libsystem_malloc.dylib
0x00000000000c1000 	/usr/lib/system/libsystem_networkextension.dylib
0x00000000000c1000 	/usr/lib/system/libsystem_notify.dylib
0x00000000000c1000 	/usr/lib/system/libsystem_sandbox.dylib
0x00000000000c1000 	/usr/lib/system/libsystem_secinit.dylib
0x00000000000c1000 	/usr/lib/system/libsystem_kernel.dylib
0x00000000000c1000 	/usr/lib/system/libsystem_platform.dylib
0x00000000000c1000 	/usr/lib/system/libsystem_pthread.dylib
0x00000000000c1000 	/usr/lib/system/libsystem_symptoms.dylib
0x00000000000c1000 	/usr/lib/system/libsystem_trace.dylib
0x00000000000c1000 	/usr/lib/system/libunwind.dylib
0x00000000000c1000 	/usr/lib/system/libxpc.dylib
0x00000000000c1000 	/usr/lib/libc++abi.dylib
0x00000000000c1000 	/usr/lib/liblzma.5.dylib
0x00000000000c1000 	/usr/lib/libfakelink.dylib
0x00000000000c1000 	/usr/lib/libarchive.2.dylib
0x00000000000c1000 	/System/Library/Frameworks/SystemConfiguration.framework/Versions/A/SystemConfiguration
0x00000000000c1000 	/usr/lib/libCRFSuite.dylib
0x00000000000c1000 	/System/Library/Frameworks/CFNetwork.framework/Versions/A/CFNetwork
0x00000000000c1000 	/usr/lib/libbsm.0.dylib
0x00000000000c1000 	/usr/lib/system/libkxld.dylib
0x00000000000c1000 	/System/Library/PrivateFrameworks/AppleFSCompression.framework/Versions/A/AppleFSCompression
0x00000000000c1000 	/usr/lib/libcoretls.dylib
0x00000000000c1000 	/usr/lib/libcoretls_cfhelpers.dylib
0x00000000000c1000 	/usr/lib/libpam.2.dylib
0x00000000000c1000 	/usr/lib/libsqlite3.dylib
0x00000000000c1000 	/usr/lib/libxar.1.dylib
0x00000000000c1000 	/usr/lib/libbz2.1.0.dylib
0x00000000000c1000 	/usr/lib/libiconv.2.dylib
0x00000000000c1000 	/usr/lib/libcharset.1.dylib
0x00000000000c1000 	/usr/lib/libnetwork.dylib
0x00000000000c1000 	/usr/lib/libpcap.A.dylib
0x00000000000c1000 	/usr/lib/libapple_nghttp2.dylib
0x00000000000c1000 	/System/Library/Frameworks/CoreServices.framework/Versions/A/Frameworks/FSEvents.framework/Versions/A/FSEvents
0x00000000000c1000 	/System/Library/Frameworks/CoreServices.framework/Versions/A/Frameworks/CarbonCore.framework/Versions/A/CarbonCore
0x00000000000c1000 	/System/Library/Frameworks/CoreServices.framework/Versions/A/Frameworks/Metadata.framework/Versions/A/Metadata
0x00000000000c1000 	/System/Library/Frameworks/CoreServices.framework/Versions/A/Frameworks/OSServices.framework/Versions/A/OSServices
0x00000000000c1000 	/System/Library/Frameworks/CoreServices.framework/Versions/A/Frameworks/SearchKit.framework/Versions/A/SearchKit
0x00000000000c1000 	/System/Library/Frameworks/CoreServices.framework/Versions/A/Frameworks/AE.framework/Versions/A/AE
0x00000000000c1000 	/System/Library/Frameworks/CoreServices.framework/Versions/A/Frameworks/LaunchServices.framework/Versions/A/LaunchServices
0x00000000000c1000 	/System/Library/Frameworks/CoreServices.framework/Versions/A/Frameworks/DictionaryServices.framework/Versions/A/DictionaryServices
0x00000000000c1000 	/System/Library/Frameworks/CoreServices.framework/Versions/A/Frameworks/SharedFileList.framework/Versions/A/SharedFileList
0x00000000000c1000 	/System/Library/Frameworks/NetFS.framework/Versions/A/NetFS
0x00000000000c1000 	/System/Library/PrivateFrameworks/NetAuth.framework/Versions/A/NetAuth
0x00000000000c1000 	/System/Library/PrivateFrameworks/login.framework/Versions/A/Frameworks/loginsupport.framework/Versions/A/loginsupport
0x00000000000c1000 	/System/Library/PrivateFrameworks/TCC.framework/Versions/A/TCC
0x00000000000c1000 	/System/Library/PrivateFrameworks/CoreNLP.framework/Versions/A/CoreNLP
0x00000000000c1000 	/System/Library/PrivateFrameworks/MetadataUtilities.framework/Versions/A/MetadataUtilities
0x00000000000c1000 	/usr/lib/libmecabra.dylib
0x00000000000c1000 	/usr/lib/libmecab.dylib
0x00000000000c1000 	/usr/lib/libgermantok.dylib
0x00000000000c1000 	/usr/lib/libThaiTokenizer.dylib
0x00000000000c1000 	/usr/lib/libChineseTokenizer.dylib
0x00000000000c1000 	/System/Library/Frameworks/Accelerate.framework/Versions/A/Frameworks/vImage.framework/Versions/A/vImage
0x00000000000c1000 	/System/Library/Frameworks/Accelerate.framework/Versions/A/Frameworks/vecLib.framework/Versions/A/vecLib
0x00000000000c1000 	/System/Library/Frameworks/Accelerate.framework/Versions/A/Frameworks/vecLib.framework/Versions/A/libvMisc.dylib
0x00000000000c1000 	/System/Library/Frameworks/Accelerate.framework/Versions/A/Frameworks/vecLib.framework/Versions/A/libvDSP.dylib
0x00000000000c1000 	/System/Library/Frameworks/Accelerate.framework/Versions/A/Frameworks/vecLib.framework/Versions/A/libBLAS.dylib
0x00000000000c1000 	/System/Library/Frameworks/Accelerate.framework/Versions/A/Frameworks/vecLib.framework/Versions/A/libLAPACK.dylib
0x00000000000c1000 	/System/Library/Frameworks/Accelerate.framework/Versions/A/Frameworks/vecLib.framework/Versions/A/libLinearAlgebra.dylib
0x00000000000c1000 	/System/Library/Frameworks/Accelerate.framework/Versions/A/Frameworks/vecLib.framework/Versions/A/libSparseBLAS.dylib
0x00000000000c1000 	/System/Library/Frameworks/Accelerate.framework/Versions/A/Frameworks/vecLib.framework/Versions/A/libQuadrature.dylib
0x00000000000c1000 	/System/Library/Frameworks/Accelerate.framework/Versions/A/Frameworks/vecLib.framework/Versions/A/libBNNS.dylib
0x00000000000c1000 	/System/Library/Frameworks/Accelerate.framework/Versions/A/Frameworks/vecLib.framework/Versions/A/libSparse.dylib
0x00000000000c1000 	/System/Library/PrivateFrameworks/LanguageModeling.framework/Versions/A/LanguageModeling
0x00000000000c1000 	/System/Library/PrivateFrameworks/CoreEmoji.framework/Versions/A/CoreEmoji
0x00000000000c1000 	/System/Library/PrivateFrameworks/LinguisticData.framework/Versions/A/LinguisticData
0x00000000000c1000 	/System/Library/PrivateFrameworks/Lexicon.framework/Versions/A/Lexicon
0x00000000000c1000 	/usr/lib/libcmph.dylib
0x00000000000c1000 	/System/Library/Frameworks/OpenDirectory.framework/Versions/A/Frameworks/CFOpenDirectory.framework/Versions/A/CFOpenDirectory
0x00000000000c1000 	/System/Library/Frameworks/OpenDirectory.framework/Versions/A/OpenDirectory
0x00000000000c1000 	/System/Library/PrivateFrameworks/APFS.framework/Versions/A/APFS
0x00000000000c1000 	/System/Library/Frameworks/SecurityFoundation.framework/Versions/A/SecurityFoundation
0x00000000000c1000 	/usr/lib/libutil.dylib
0x00000000000c1000 	/System/Library/PrivateFrameworks/CoreServicesStore.framework/Versions/A/CoreServicesStore
0x00000000000c1000 	/System/Library/Frameworks/ServiceManagement.framework/Versions/A/ServiceManagement
0x00000000000c1000 	/System/Library/PrivateFrameworks/BackgroundTaskManagement.framework/Versions/A/BackgroundTaskManagement
0x00000000000c1000 	/usr/lib/libxslt.1.dylib
0x00000000000c1000 	/System/Library/PrivateFrameworks/AppleSystemInfo.framework/Versions/A/AppleSystemInfo
0x00000000000c1000 	/System/Library/Frameworks/ImageIO.framework/Versions/A/Resources/libJPEG.dylib
0x00000000000c1000 	/System/Library/Frameworks/ImageIO.framework/Versions/A/Resources/libTIFF.dylib
0x00000000000c1000 	/System/Library/Frameworks/ImageIO.framework/Versions/A/Resources/libPng.dylib
0x00000000000c1000 	/System/Library/Frameworks/ImageIO.framework/Versions/A/Resources/libGIF.dylib
0x00000000000c1000 	/System/Library/Frameworks/ImageIO.framework/Versions/A/Resources/libJP2.dylib
0x00000000000c1000 	/System/Library/Frameworks/ImageIO.framework/Versions/A/Resources/libRadiance.dylib
0x00000000000c1000 	/usr/lib/libexpat.1.dylib
0x00000000000c1000 	/System/Library/PrivateFrameworks/AppleJPEG.framework/Versions/A/AppleJPEG
0x00000000000c1000 	/System/Library/PrivateFrameworks/FontServices.framework/libFontParser.dylib
0x00000000000c1000 	/System/Library/PrivateFrameworks/WatchdogClient.framework/Versions/A/WatchdogClient
0x00000000000c1000 	/System/Library/PrivateFrameworks/IOAccelerator.framework/Versions/A/IOAccelerator
0x00000000000c1000 	/System/Library/Frameworks/MetalPerformanceShaders.framework/Versions/A/MetalPerformanceShaders
0x00000000000c1000 	/System/Library/PrivateFrameworks/GPUWrangler.framework/Versions/A/GPUWrangler
0x00000000000c1000 	/System/Library/PrivateFrameworks/IOPresentment.framework/Versions/A/IOPresentment
0x00000000000c1000 	/System/Library/PrivateFrameworks/DSExternalDisplay.framework/Versions/A/DSExternalDisplay
0x00000000000c1000 	/System/Library/Frameworks/OpenGL.framework/Versions/A/Libraries/libCoreFSCache.dylib
0x00000000000c1000 	/System/Library/Frameworks/MetalPerformanceShaders.framework/Frameworks/MPSCore.framework/Versions/A/MPSCore
0x00000000000c1000 	/System/Library/Frameworks/MetalPerformanceShaders.framework/Frameworks/MPSImage.framework/Versions/A/MPSImage
0x00000000000c1000 	/System/Library/Frameworks/MetalPerformanceShaders.framework/Frameworks/MPSNeuralNetwork.framework/Versions/A/MPSNeuralNetwork
0x00000000000c1000 	/System/Library/Frameworks/MetalPerformanceShaders.framework/Frameworks/MPSMatrix.framework/Versions/A/MPSMatrix
0x00000000000c1000 	/System/Library/Frameworks/MetalPerformanceShaders.framework/Frameworks/MPSRayIntersector.framework/Versions/A/MPSRayIntersector
0x00000000000c1000 	/System/Library/Frameworks/MetalPerformanceShaders.framework/Frameworks/MPSNDArray.framework/Versions/A/MPSNDArray
0x00000000000c1000 	/System/Library/PrivateFrameworks/MetalTools.framework/Versions/A/MetalTools
0x00000000000c1000 	/System/Library/PrivateFrameworks/AggregateDictionary.framework/Versions/A/AggregateDictionary
0x00000000000c1000 	/System/Library/PrivateFrameworks/CoreAnalytics.framework/Versions/A/CoreAnalytics
0x00000000000c1000 	/System/Library/PrivateFrameworks/AppleSauce.framework/Versions/A/AppleSauce
0x00000000000c1000 	/usr/lib/libIOReport.dylib
0x00000000000c1000 	/System/Library/Frameworks/CoreVideo.framework/Versions/A/CoreVideo
0x00000000000c1000 	/System/Library/PrivateFrameworks/GraphVisualizer.framework/Versions/A/GraphVisualizer
0x00000000000c1000 	/System/Library/PrivateFrameworks/FaceCore.framework/Versions/A/FaceCore
0x00000000000c1000 	/System/Library/Frameworks/OpenCL.framework/Versions/A/OpenCL
0x00000000000c1000 	/usr/lib/libFosl_dynamic.dylib
0x00000000000c1000 	/System/Library/PrivateFrameworks/OTSVG.framework/Versions/A/OTSVG
0x00000000000c1000 	/System/Library/Frameworks/ApplicationServices.framework/Versions/A/Frameworks/ATS.framework/Versions/A/Resources/libFontRegistry.dylib
0x00000000000c1000 	/System/Library/PrivateFrameworks/FontServices.framework/libhvf.dylib
0x00000000000c1000 	/System/Library/Frameworks/OpenGL.framework/Versions/A/Libraries/libGFXShared.dylib
0x00000000000c1000 	/System/Library/Frameworks/OpenGL.framework/Versions/A/Libraries/libGLU.dylib
0x00000000000c1000 	/System/Library/Frameworks/OpenGL.framework/Versions/A/Libraries/libGL.dylib
0x00000000000c1000 	/System/Library/Frameworks/OpenGL.framework/Versions/A/Libraries/libGLImage.dylib
0x00000000000c1000 	/System/Library/Frameworks/OpenGL.framework/Versions/A/Libraries/libCVMSPluginSupport.dylib
0x00000000000c1000 	/System/Library/Frameworks/OpenGL.framework/Versions/A/Libraries/libCoreVMClient.dylib
0x00000000000c1000 	/usr/lib/libncurses.5.4.dylib
0x00000000000c1000 	/System/Library/Frameworks/ApplicationServices.framework/Versions/A/Frameworks/ATS.framework/Versions/A/ATS
0x00000000000c1000 	/System/Library/Frameworks/ApplicationServices.framework/Versions/A/Frameworks/ColorSyncLegacy.framework/Versions/A/ColorSyncLegacy
0x00000000000c1000 	/System/Library/Frameworks/ApplicationServices.framework/Versions/A/Frameworks/HIServices.framework/Versions/A/HIServices
0x00000000000c1000 	/System/Library/Frameworks/ApplicationServices.framework/Versions/A/Frameworks/LangAnalysis.framework/Versions/A/LangAnalysis
0x00000000000c1000 	/System/Library/Frameworks/ApplicationServices.framework/Versions/A/Frameworks/PrintCore.framework/Versions/A/PrintCore
0x00000000000c1000 	/System/Library/Frameworks/ApplicationServices.framework/Versions/A/Frameworks/QD.framework/Versions/A/QD
0x00000000000c1000 	/System/Library/Frameworks/ApplicationServices.framework/Versions/A/Frameworks/SpeechSynthesis.framework/Versions/A/SpeechSynthesis
0x00000000000c1000 	/System/Library/Frameworks/ApplicationServices.framework/Versions/A/Frameworks/ATSUI.framework/Versions/A/ATSUI
0x00000000000c1000 	/usr/lib/libcups.2.dylib
0x00000000000c1000 	/System/Library/Frameworks/Kerberos.framework/Versions/A/Kerberos
0x00000000000c1000 	/System/Library/Frameworks/GSS.framework/Versions/A/GSS
0x00000000000c1000 	/usr/lib/libresolv.9.dylib
0x00000000000c1000 	/System/Library/PrivateFrameworks/Heimdal.framework/Versions/A/Heimdal
0x00000000000c1000 	/System/Library/Frameworks/Kerberos.framework/Versions/A/Libraries/libHeimdalProxy.dylib
0x00000000000c1000 	/usr/lib/libheimdal-asn1.dylib
0x00000000000c1000 	/System/Library/PrivateFrameworks/CommonAuth.framework/Versions/A/CommonAuth
0x00000000000c1000 	/System/Library/PrivateFrameworks/AssertionServices.framework/Versions/A/AssertionServices
0x00000000000c1000 	/System/Library/PrivateFrameworks/AudioToolboxCore.framework/Versions/A/AudioToolboxCore
0x00000000000c1000 	/System/Library/PrivateFrameworks/caulk.framework/Versions/A/caulk
0x00000000000c1000 	/System/Library/PrivateFrameworks/BaseBoard.framework/Versions/A/BaseBoard
0x00000000000c1000 	/System/Library/PrivateFrameworks/RunningBoardServices.framework/Versions/A/RunningBoardServices
0x00000000000c1000 	/System/Library/PrivateFrameworks/PersistentConnection.framework/Versions/A/PersistentConnection
0x00000000000c1000 	/System/Library/PrivateFrameworks/ProtocolBuffer.framework/Versions/A/ProtocolBuffer
0x00000000000c1000 	/System/Library/PrivateFrameworks/CommonUtilities.framework/Versions/A/CommonUtilities
0x00000000000c1000 	/System/Library/PrivateFrameworks/Bom.framework/Versions/A/Bom
0x00000000000c1000 	/usr/lib/libAudioToolboxUtility.dylib
0x00000000000c1000 	/System/Library/PrivateFrameworks/Backup.framework/Versions/A/Backup
0x00000000000c1000 	/System/Library/PrivateFrameworks/CrashReporterSupport.framework/Versions/A/CrashReporterSupport
0x00000000000c1000 	/System/Library/PrivateFrameworks/Sharing.framework/Versions/A/Sharing
0x00000000000c1000 	/System/Library/PrivateFrameworks/Apple80211.framework/Versions/A/Apple80211
0x00000000000c1000 	/System/Library/PrivateFrameworks/AuthKit.framework/Versions/A/AuthKit
0x00000000000c1000 	/System/Library/PrivateFrameworks/CoreUtils.framework/Versions/A/CoreUtils
0x00000000000c1000 	/System/Library/Frameworks/CoreWLAN.framework/Versions/A/CoreWLAN
0x00000000000c1000 	/System/Library/Frameworks/IOBluetooth.framework/Versions/A/IOBluetooth
0x00000000000c1000 	/System/Library/PrivateFrameworks/MobileKeyBag.framework/Versions/A/MobileKeyBag
0x00000000000c1000 	/System/Library/PrivateFrameworks/CorePhoneNumbers.framework/Versions/A/CorePhoneNumbers
0x00000000000c1000 	/System/Library/PrivateFrameworks/AppleIDAuthSupport.framework/Versions/A/AppleIDAuthSupport
0x00000000000c1000 	/System/Library/Frameworks/Network.framework/Versions/A/Network
0x00000000000c1000 	/System/Library/PrivateFrameworks/KeychainCircle.framework/Versions/A/KeychainCircle
0x00000000000c1000 	/System/Library/Frameworks/CoreBluetooth.framework/Versions/A/CoreBluetooth
0x00000000000c1000 	/System/Library/PrivateFrameworks/SpeechRecognitionCore.framework/Versions/A/SpeechRecognitionCore
0x0000000103c00000 	/Library/Java/JavaVirtualMachines/jdk1.8.0_45.jdk/Contents/Home/jre/lib/server/libjvm.dylib
0x00000000000c1000 	/usr/lib/libstdc++.6.dylib
0x0000000102bd4000 	/Library/Java/JavaVirtualMachines/jdk1.8.0_45.jdk/Contents/Home/jre/lib/libverify.dylib
0x0000000104b69000 	/Library/Java/JavaVirtualMachines/jdk1.8.0_45.jdk/Contents/Home/jre/lib/libjava.dylib
0x0000000104b9e000 	/Library/Java/JavaVirtualMachines/jdk1.8.0_45.jdk/Contents/Home/jre/lib/libinstrument.dylib
0x0000000102bec000 	/Library/Java/JavaVirtualMachines/jdk1.8.0_45.jdk/Contents/Home/jre/lib/libzip.dylib
0x00000000000c1000 	/System/Library/Frameworks/JavaVM.framework/Versions/A/Frameworks/JavaRuntimeSupport.framework/Versions/A/JavaRuntimeSupport
0x00000000000c1000 	/System/Library/Frameworks/JavaVM.framework/Versions/A/Frameworks/JavaNativeFoundation.framework/Versions/A/JavaNativeFoundation
0x00000000000c1000 	/System/Library/Frameworks/JavaVM.framework/Versions/A/JavaVM
0x00000000000c1000 	/System/Library/Frameworks/Carbon.framework/Versions/A/Carbon
0x00000000000c1000 	/System/Library/PrivateFrameworks/CoreSymbolication.framework/Versions/A/CoreSymbolication
0x00000000000c1000 	/System/Library/PrivateFrameworks/JavaLaunching.framework/Versions/A/JavaLaunching
0x00000000000c1000 	/System/Library/Frameworks/Carbon.framework/Versions/A/Frameworks/CommonPanels.framework/Versions/A/CommonPanels
0x00000000000c1000 	/System/Library/Frameworks/Carbon.framework/Versions/A/Frameworks/Help.framework/Versions/A/Help
0x00000000000c1000 	/System/Library/Frameworks/Carbon.framework/Versions/A/Frameworks/ImageCapture.framework/Versions/A/ImageCapture
0x00000000000c1000 	/System/Library/Frameworks/Carbon.framework/Versions/A/Frameworks/OpenScripting.framework/Versions/A/OpenScripting
0x00000000000c1000 	/System/Library/Frameworks/Carbon.framework/Versions/A/Frameworks/Ink.framework/Versions/A/Ink
0x00000000000c1000 	/System/Library/Frameworks/Carbon.framework/Versions/A/Frameworks/Print.framework/Versions/A/Print
0x00000000000c1000 	/System/Library/Frameworks/Carbon.framework/Versions/A/Frameworks/SecurityHI.framework/Versions/A/SecurityHI
0x00000000000c1000 	/System/Library/PrivateFrameworks/DebugSymbols.framework/Versions/A/DebugSymbols
0x000000010f118000 	/Library/Java/JavaVirtualMachines/jdk1.8.0_45.jdk/Contents/Home/jre/lib/libnet.dylib
0x000000010f35b000 	/private/var/folders/tc/dww5xbg95jd7fky8pq6jdr0c0000gp/T/libneanderthal-mkl-0.30.06751222321989306359.jnilib
0x00000001222a3000 	/opt/intel/compilers_and_libraries_2018.3.185/mac/mkl/lib/libmkl_intel_lp64.dylib
0x000000012371f000 	/opt/intel/compilers_and_libraries_2018.3.185/mac/mkl/lib/libmkl_intel_thread.dylib
0x0000000126175000 	/opt/intel/compilers_and_libraries_2018.3.185/mac/mkl/lib/libmkl_core.dylib
0x000000012a091000 	/opt/intel/compilers_and_libraries_2018.3.185/mac/compiler/lib/libiomp5.dylib
0x000000012a21c000 	/opt/intel/compilers_and_libraries_2018.3.185/mac/mkl/lib/libmkl_vml_avx2.dylib
0x000000012b458000 	/opt/intel/compilers_and_libraries_2018.3.185/mac/mkl/lib/libmkl_avx2.dylib
0x000000010f385000 	/private/var/folders/tc/dww5xbg95jd7fky8pq6jdr0c0000gp/T/libneanderthal-mkl-0.30.01603803097252325606.jnilib
0x000000010f3ff000 	/private/var/folders/tc/dww5xbg95jd7fky8pq6jdr0c0000gp/T/libneanderthal-mkl-0.30.07744190032045526605.jnilib

VM Arguments:
jvm_args: -javaagent:/Users/Mark1/Library/Application Support/JetBrains/Toolbox/apps/IDEA-C/ch-0/201.7846.76/IntelliJ IDEA CE.app/Contents/lib/idea_rt.jar=52250:/Users/Mark1/Library/Application Support/JetBrains/Toolbox/apps/IDEA-C/ch-0/201.7846.76/IntelliJ IDEA CE.app/Contents/bin -Dfile.encoding=UTF-8 
java_command: clojure.main -i /private/var/folders/tc/dww5xbg95jd7fky8pq6jdr0c0000gp/T/form-init696368168370706817.clj
java_class_path (initial): /Users/Mark1/Library/Application Support/JetBrains/Toolbox/apps/IDEA-C/ch-0/201.7846.76/IntelliJ IDEA CE.app.plugins/clojure-plugin/lib/nrepl-0.6.0.jar:/Library/Java/JavaVirtualMachines/jdk1.8.0_45.jdk/Contents/Home/lib/ant-javafx.jar:/Library/Java/JavaVirtualMachines/jdk1.8.0_45.jdk/Contents/Home/lib/dt.jar:/Library/Java/JavaVirtualMachines/jdk1.8.0_45.jdk/Contents/Home/lib/javafx-mx.jar:/Library/Java/JavaVirtualMachines/jdk1.8.0_45.jdk/Contents/Home/lib/jconsole.jar:/Library/Java/JavaVirtualMachines/jdk1.8.0_45.jdk/Contents/Home/lib/packager.jar:/Library/Java/JavaVirtualMachines/jdk1.8.0_45.jdk/Contents/Home/lib/sa-jdi.jar:/Library/Java/JavaVirtualMachines/jdk1.8.0_45.jdk/Contents/Home/lib/tools.jar:/Library/Java/JavaVirtualMachines/jdk1.8.0_45.jdk/Contents/Home/jre/lib/charsets.jar:/Library/Java/JavaVirtualMachines/jdk1.8.0_45.jdk/Contents/Home/jre/lib/deploy.jar:/Library/Java/JavaVirtualMachines/jdk1.8.0_45.jdk/Contents/Home/jre/lib/javaws.jar:/Library/Java/JavaVirtualMachines/jdk1.8.0_45.jdk/Contents/Home/jre/lib/jce.jar:/Library/Java/JavaVirtualMachines/jdk1.8.0_45.jdk/Contents/Home/jre/lib/jfr.jar:/Library/Java/JavaVirtualMachines/jdk1.8.0_45.jdk/Contents/Home/jre/lib/jfxswt.jar:/Library/Java/JavaVirtualMachines/jdk1.8.0_45.jdk/Contents/Home/jre/lib/jsse.jar:/Library/Java/JavaVirtualMachines/jdk1.8.0_45.jdk/Contents/Home/jre/lib/management-agent.jar:/Library/Java/JavaVirtualMachines/jdk1.8.0_45.jdk/Contents/Home/jre/lib/plugin.jar:/Library/Java/JavaVirtualMachines/jdk1.8.0_45.jdk/Contents/Home/jre/lib/resources.jar:/Library/Java/JavaVirtualMachines/jdk1.8.0_45.jdk/Contents/Home/jre/lib/rt.jar:/Library/Java/JavaVirtualMachines/jdk1.8.0_45.jdk/Contents/Home/jre/lib/ext/cldrdata.jar:/Library/Java/JavaVirtualMachines/jdk1.8.0_45.jdk/Contents/Home/jre/lib/ext/dnsns.jar:/Library/Java/JavaVirtualMachines/jdk1.8.0_45.jdk/Contents/Home/jre/lib/ext/jfxrt.jar:/Library/Java/JavaVirtualMachines/jdk1.8.0_45.jdk/Contents/Home/jre/lib/ext/localed
Launcher Type: SUN_STANDARD

Environment Variables:
PATH=/usr/local/bin:/usr/bin:/bin:/usr/sbin:/sbin:/Users/Mark1/anaconda3/bin:/usr/local/git/bin:/usr/local/go/bin:/usr/texbin:
SHELL=/usr/local/bin/fish

Signal Handlers:
SIGSEGV: [libjvm.dylib+0x58ef95], sa_mask[0]=11111111011111110111111111111111, sa_flags=SA_ONSTACK|SA_RESTART|SA_SIGINFO
SIGBUS: [libjvm.dylib+0x58ef95], sa_mask[0]=11111111011111110111111111111111, sa_flags=SA_RESTART|SA_SIGINFO
SIGFPE: [libjvm.dylib+0x46c108], sa_mask[0]=11111111011111110111111111111111, sa_flags=SA_RESTART|SA_SIGINFO
SIGPIPE: [libjvm.dylib+0x46c108], sa_mask[0]=11111111011111110111111111111111, sa_flags=SA_RESTART|SA_SIGINFO
SIGXFSZ: [libjvm.dylib+0x46c108], sa_mask[0]=11111111011111110111111111111111, sa_flags=SA_RESTART|SA_SIGINFO
SIGILL: [libjvm.dylib+0x46c108], sa_mask[0]=11111111011111110111111111111111, sa_flags=SA_RESTART|SA_SIGINFO
SIGUSR1: SIG_DFL, sa_mask[0]=00000000000000000000000000000000, sa_flags=none
SIGUSR2: [libjvm.dylib+0x46bc26], sa_mask[0]=00100000000000000000000000000000, sa_flags=SA_RESTART|SA_SIGINFO
SIGHUP: [libjvm.dylib+0x46a1f9], sa_mask[0]=11111111011111110111111111111111, sa_flags=SA_RESTART|SA_SIGINFO
SIGINT: [libjvm.dylib+0x46a1f9], sa_mask[0]=11111111011111110111111111111111, sa_flags=SA_RESTART|SA_SIGINFO
SIGTERM: [libjvm.dylib+0x46a1f9], sa_mask[0]=11111111011111110111111111111111, sa_flags=SA_RESTART|SA_SIGINFO
SIGQUIT: [libjvm.dylib+0x46a1f9], sa_mask[0]=11111111011111110111111111111111, sa_flags=SA_RESTART|SA_SIGINFO


---------------  S Y S T E M  ---------------

OS:Bsduname:Darwin 19.5.0 Darwin Kernel Version 19.5.0: Tue May 26 20:41:44 PDT 2020; root:xnu-6153.121.2~2/RELEASE_X86_64 x86_64
rlimit: STACK 8192k, CORE 0k, NPROC 2784, NOFILE 10240, AS infinity
load average:3.30 2.95 2.80

CPU:total 8 (4 cores per cpu, 2 threads per core) family 6 model 70 stepping 1, cmov, cx8, fxsr, mmx, sse, sse2, sse3, ssse3, sse4.1, sse4.2, popcnt, avx, avx2, aes, clmul, erms, lzcnt, ht, tsc, tscinvbit, bmi1, bmi2

Memory: 4k page, physical 16777216k(1514628k free)

/proc/meminfo:


vm_info: Java HotSpot(TM) 64-Bit Server VM (25.45-b02) for bsd-amd64 JRE (1.8.0_45-b14), built on Apr 10 2015 10:46:38 by "java_re" with gcc 4.2.1 (Based on Apple Inc. build 5658) (LLVM build 2336.11.00)

time: Tue Jun 23 19:12:20 2020
elapsed time: 17 seconds (0d 0h 0m 17s)

