#
# A fatal error has been detected by the Java Runtime Environment:
#
#  SIGSEGV (0xb) at pc=0x00007fff6b9bbe52, pid=77852, tid=43011
#
# JRE version: Java(TM) SE Runtime Environment (8.0_45-b14) (build 1.8.0_45-b14)
# Java VM: Java HotSpot(TM) 64-Bit Server VM (25.45-b02 mixed mode bsd-amd64 compressed oops)
# Problematic frame:
# C  [libsystem_platform.dylib+0xe52]  _platform_strlen+0x12
#
# Failed to write core dump. Core dumps have been disabled. To enable core dumping, try "ulimit -c unlimited" before starting Java again
#
# If you would like to submit a bug report, please visit:
#   http://bugreport.java.com/bugreport/crash.jsp
# The crash happened outside the Java Virtual Machine in native code.
# See problematic frame for where to report the bug.
#

---------------  T H R E A D  ---------------

Current thread (0x00007fcb40672800):  JavaThread "clojure-agent-send-off-pool-0" [_thread_in_native, id=43011, stack(0x000070000c742000,0x000070000c842000)]

siginfo: si_signo: 11 (SIGSEGV), si_code: 1 (SEGV_MAPERR), si_addr: 0x0000000000000000

Registers:
RAX=0x000000000000000b, RBX=0x0000000000000001, RCX=0x000000000000000b, RDX=0x000000000000000b
RSP=0x000070000c83ed20, RBP=0x000070000c83ed20, RSI=0x0000000000000001, RDI=0x0000000000000000
R8 =0x0000000000000000, R9 =0x000070000c83f840, R10=0x00007fff922df388, R11=0x00007fff2dd6303c
R12=0x0000000000000073, R13=0x0000000000000000, R14=0xffffffffffffffff, R15=0x00007fff2dd6303e
RIP=0x00007fff6b9bbe52, EFLAGS=0x0000000000010246, ERR=0x0000000000000004
  TRAPNO=0x000000000000000e

Top of Stack: (sp=0x000070000c83ed20)
0x000070000c83ed20:   000070000c83f0b0 00007fff6b857891
0x000070000c83ed30:   00007000272d9600 000070000c83ff34
0x000070000c83ed40:   000070000c83ed90 0000000000000000
0x000070000c83ed50:   000070000c83ed70 0000000106652c3e
0x000070000c83ed60:   000070000c840090 000070000c83ee20
0x000070000c83ed70:   000070000c83ff40 000070000c83f1b8
0x000070000c83ed80:   0000000000000001 00007fcb3f70b7bc
0x000070000c83ed90:   0000000000000001 0000000000000000
0x000070000c83eda0:   0000000000000001 0000000106652c3e
0x000070000c83edb0:   00007fff2dd63031 000070000c83ee70
0x000070000c83edc0:   000070000c83ede0 000000010664d60e
0x000070000c83edd0:   00007fff2dd6303c 000070000c83fdd0
0x000070000c83ede0:   0000000000000000 0000000000000000
0x000070000c83edf0:   0000000000000009 000070000c83f1b8
0x000070000c83ee00:   000070000c83ee10 0000000b00000001
0x000070000c83ee10:   00007fff2dd63031 000000000000000b
0x000070000c83ee20:   000070000c83efe7 0000000000000009
0x000070000c83ee30:   000000010f49b8a0 0000000100000176
0x000070000c83ee40:   000000010f49a510 0000000027663c30
0x000070000c83ee50:   000070000c83ee70 00007fcb40672800
0x000070000c83ee60:   000070000c83eef0 00000001090db719
0x000070000c83ee70:   00007000000000b8 00000001090db798
0x000070000c83ee80:   00007fcb40672800 00000001090db798
0x000070000c83ee90:   00007fcb40672800 00000001090db378
0x000070000c83eea0:   00007fcb40672800 0000000000000000
0x000070000c83eeb0:   00000001090db378 0000000100000000
0x000070000c83eec0:   00000001000db798 0000000000000000
0x000070000c83eed0:   000070000c83f840 000070000c83f848
0x000070000c83eee0:   000070000c83f5e8 0000000028ee1484
0x000070000c83eef0:   0000000000000000 000000000000000b
0x000070000c83ef00:   000000020c83ef80 ffffffffffffffff
0x000070000c83ef10:   000000000000000b 00007fff922df388 

Instructions: (pc=0x00007fff6b9bbe52)
0x00007fff6b9bbe32:   90 90 90 90 90 90 90 90 90 90 90 90 90 90 55 48
0x00007fff6b9bbe42:   89 e5 48 89 f9 48 89 fa 48 83 e7 f0 66 0f ef c0
0x00007fff6b9bbe52:   66 0f 74 07 66 0f d7 f0 48 83 e1 0f 48 83 c8 ff
0x00007fff6b9bbe62:   48 d3 e0 21 c6 74 17 0f bc c6 48 29 d7 48 01 f8 

Register to memory mapping:

RAX=0x000000000000000b is an unknown value
RBX=0x0000000000000001 is an unknown value
RCX=0x000000000000000b is an unknown value
RDX=0x000000000000000b is an unknown value
RSP=0x000070000c83ed20 is pointing into the stack for thread: 0x00007fcb40672800
RBP=0x000070000c83ed20 is pointing into the stack for thread: 0x00007fcb40672800
RSI=0x0000000000000001 is an unknown value
RDI=0x0000000000000000 is an unknown value
R8 =0x0000000000000000 is an unknown value
R9 =0x000070000c83f840 is pointing into the stack for thread: 0x00007fcb40672800
R10=0x00007fff922df388: __global_locale+0 in /usr/lib/system/libsystem_c.dylib at 0x00007fff6b815000
R11=0x00007fff2dd6303c: ATLU_DestroyThreadMemory+0x1379 in /System/Library/Frameworks/Accelerate.framework/Versions/A/Frameworks/vecLib.framework/Versions/A/libBLAS.dylib at 0x00007fff2dafe000
R12=0x0000000000000073 is an unknown value
R13=0x0000000000000000 is an unknown value
R14=0xffffffffffffffff is an unknown value
R15=0x00007fff2dd6303e: ATLU_DestroyThreadMemory+0x137b in /System/Library/Frameworks/Accelerate.framework/Versions/A/Frameworks/vecLib.framework/Versions/A/libBLAS.dylib at 0x00007fff2dafe000


Stack: [0x000070000c742000,0x000070000c842000],  sp=0x000070000c83ed20,  free space=1011k
Native frames: (J=compiled Java code, j=interpreted, Vv=VM code, C=native code)
C  [libsystem_platform.dylib+0xe52]  _platform_strlen+0x12
C  [libsystem_c.dylib+0x42891]  __vfprintf+0x1503
C  [libsystem_c.dylib+0x68ad3]  __v2printf+0x1db
C  [libsystem_c.dylib+0x68d5b]  __xvprintf+0x140
C  [libsystem_c.dylib+0x412b2]  vfprintf_l+0x36
C  [libsystem_c.dylib+0x3a15d]  fprintf+0xa0
C  [libBLAS.dylib+0x263b62]  cblas_ztrsv+0xca9
C  [libBLAS.dylib+0x263bbf]  cblas_xerbla+0x23
C  [libmkl_intel_lp64.dylib+0x10dd17]  cblas_dgemm+0x1f7
j  uncomplicate.neanderthal.internal.host.CBLAS.dgemm(IIIIIIDLjava/nio/Buffer;IILjava/nio/Buffer;IIDLjava/nio/Buffer;II)V+0
j  uncomplicate.neanderthal.internal.host.mkl.DoubleGEEngine.mm(Ljava/lang/Object;Ljava/lang/Object;Ljava/lang/Object;Ljava/lang/Object;Ljava/lang/Object;Ljava/lang/Object;)Ljava/lang/Object;+350
J 5211 C1 uncomplicate.neanderthal.core$mm_BANG_.invokeStatic(Ljava/lang/Object;Ljava/lang/Object;Ljava/lang/Object;Ljava/lang/Object;Ljava/lang/Object;)Ljava/lang/Object; (939 bytes) @ 0x000000010eb680dc [0x000000010eb65400+0x2cdc]
J 5210 C1 uncomplicate.neanderthal.core$mm_BANG_.invoke(Ljava/lang/Object;Ljava/lang/Object;Ljava/lang/Object;Ljava/lang/Object;Ljava/lang/Object;)Ljava/lang/Object; (23 bytes) @ 0x000000010f0d5b04 [0x000000010f0d5a80+0x84]
J 5219 C1 uncomplicate.neanderthal.core$mm_STAR_.invokeStatic(Ljava/lang/Object;Ljava/lang/Object;Ljava/lang/Object;)Ljava/lang/Object; (495 bytes) @ 0x000000010eb6124c [0x000000010eb5f880+0x19cc]
J 5218 C1 uncomplicate.neanderthal.core$mm_STAR_.invoke(Ljava/lang/Object;Ljava/lang/Object;Ljava/lang/Object;)Ljava/lang/Object; (13 bytes) @ 0x000000010f0d27c4 [0x000000010f0d2740+0x84]
j  uncomplicate.neanderthal.core$mm.invokeStatic(Ljava/lang/Object;Ljava/lang/Object;)Ljava/lang/Object;+18
j  uncomplicate.neanderthal.core$mm.invoke(Ljava/lang/Object;Ljava/lang/Object;)Ljava/lang/Object;+6
j  provisdom.neanderthal_matrix$mx_STAR_.invokeStatic(Ljava/lang/Object;Ljava/lang/Object;)Ljava/lang/Object;+15
j  provisdom.neanderthal_matrix$mx_STAR_.invoke(Ljava/lang/Object;Ljava/lang/Object;)Ljava/lang/Object;+6
J 5234 C1 provisdom.neanderthal_matrix$lls_with_error.invokeStatic(Ljava/lang/Object;Ljava/lang/Object;)Ljava/lang/Object; (697 bytes) @ 0x000000010f16a804 [0x000000010f168f20+0x18e4]

Java frames: (J=compiled Java code, j=interpreted, Vv=VM code)
j  uncomplicate.neanderthal.internal.host.CBLAS.dgemm(IIIIIIDLjava/nio/Buffer;IILjava/nio/Buffer;IIDLjava/nio/Buffer;II)V+0
j  uncomplicate.neanderthal.internal.host.mkl.DoubleGEEngine.mm(Ljava/lang/Object;Ljava/lang/Object;Ljava/lang/Object;Ljava/lang/Object;Ljava/lang/Object;Ljava/lang/Object;)Ljava/lang/Object;+350
J 5211 C1 uncomplicate.neanderthal.core$mm_BANG_.invokeStatic(Ljava/lang/Object;Ljava/lang/Object;Ljava/lang/Object;Ljava/lang/Object;Ljava/lang/Object;)Ljava/lang/Object; (939 bytes) @ 0x000000010eb680dc [0x000000010eb65400+0x2cdc]
J 5210 C1 uncomplicate.neanderthal.core$mm_BANG_.invoke(Ljava/lang/Object;Ljava/lang/Object;Ljava/lang/Object;Ljava/lang/Object;Ljava/lang/Object;)Ljava/lang/Object; (23 bytes) @ 0x000000010f0d5b04 [0x000000010f0d5a80+0x84]
J 5219 C1 uncomplicate.neanderthal.core$mm_STAR_.invokeStatic(Ljava/lang/Object;Ljava/lang/Object;Ljava/lang/Object;)Ljava/lang/Object; (495 bytes) @ 0x000000010eb6124c [0x000000010eb5f880+0x19cc]
J 5218 C1 uncomplicate.neanderthal.core$mm_STAR_.invoke(Ljava/lang/Object;Ljava/lang/Object;Ljava/lang/Object;)Ljava/lang/Object; (13 bytes) @ 0x000000010f0d27c4 [0x000000010f0d2740+0x84]
j  uncomplicate.neanderthal.core$mm.invokeStatic(Ljava/lang/Object;Ljava/lang/Object;)Ljava/lang/Object;+18
j  uncomplicate.neanderthal.core$mm.invoke(Ljava/lang/Object;Ljava/lang/Object;)Ljava/lang/Object;+6
j  provisdom.neanderthal_matrix$mx_STAR_.invokeStatic(Ljava/lang/Object;Ljava/lang/Object;)Ljava/lang/Object;+15
j  provisdom.neanderthal_matrix$mx_STAR_.invoke(Ljava/lang/Object;Ljava/lang/Object;)Ljava/lang/Object;+6
J 5234 C1 provisdom.neanderthal_matrix$lls_with_error.invokeStatic(Ljava/lang/Object;Ljava/lang/Object;)Ljava/lang/Object; (697 bytes) @ 0x000000010f16a804 [0x000000010f168f20+0x18e4]
J 5233 C1 provisdom.neanderthal_matrix$lls_with_error.invoke(Ljava/lang/Object;Ljava/lang/Object;)Ljava/lang/Object; (10 bytes) @ 0x000000010f2249bc [0x000000010f224940+0x7c]
J 4346 C2 clojure.lang.AFn.applyToHelper(Lclojure/lang/IFn;Lclojure/lang/ISeq;)Ljava/lang/Object; (3238 bytes) @ 0x000000010f3e2300 [0x000000010f3e16a0+0xc60]
J 3525 C2 clojure.lang.AFn.applyTo(Lclojure/lang/ISeq;)Ljava/lang/Object; (12 bytes) @ 0x000000010e79bf14 [0x000000010e79bee0+0x34]
J 5232 C1 orchestra.spec.test$spec_checking_fn$fn__1466.doInvoke(Ljava/lang/Object;)Ljava/lang/Object; (447 bytes) @ 0x000000010f22664c [0x000000010f2250e0+0x156c]
J 4161 C2 clojure.lang.RestFn.applyTo(Lclojure/lang/ISeq;)Ljava/lang/Object; (3076 bytes) @ 0x000000010f2e3d60 [0x000000010f2e38c0+0x4a0]
J 4333 C2 clojure.core$apply.invoke(Ljava/lang/Object;Ljava/lang/Object;)Ljava/lang/Object; (10 bytes) @ 0x000000010f01dd68 [0x000000010f01dcc0+0xa8]
J 5297 C1 clojure.spec.test.alpha$check_call.invokeStatic(Ljava/lang/Object;Ljava/lang/Object;Ljava/lang/Object;)Ljava/lang/Object; (792 bytes) @ 0x000000010ead36d4 [0x000000010ead0d40+0x2994]
J 5183 C1 clojure.spec.test.alpha$check_call.invoke(Ljava/lang/Object;Ljava/lang/Object;Ljava/lang/Object;)Ljava/lang/Object; (13 bytes) @ 0x000000010e376244 [0x000000010e3761c0+0x84]
J 5182 C1 clojure.spec.test.alpha$quick_check$fn__3069.invoke(Ljava/lang/Object;)Ljava/lang/Object; (28 bytes) @ 0x000000010e376854 [0x000000010e3765a0+0x2b4]
J 4346 C2 clojure.lang.AFn.applyToHelper(Lclojure/lang/IFn;Lclojure/lang/ISeq;)Ljava/lang/Object; (3238 bytes) @ 0x000000010f3e2288 [0x000000010f3e16a0+0xbe8]
J 3525 C2 clojure.lang.AFn.applyTo(Lclojure/lang/ISeq;)Ljava/lang/Object; (12 bytes) @ 0x000000010e79bf14 [0x000000010e79bee0+0x34]
J 4333 C2 clojure.core$apply.invoke(Ljava/lang/Object;Ljava/lang/Object;)Ljava/lang/Object; (10 bytes) @ 0x000000010f01dd68 [0x000000010f01dcc0+0xa8]
J 5181 C1 clojure.test.check.properties$apply_gen$fn__34117$fn__34118.invoke()Ljava/lang/Object; (112 bytes) @ 0x000000010e376f5c [0x000000010e376c80+0x2dc]
J 5179 C1 clojure.test.check.properties$apply_gen$fn__34117.invoke(Ljava/lang/Object;)Ljava/lang/Object; (67 bytes) @ 0x000000010e372eac [0x000000010e372c60+0x24c]
J 5060 C2 clojure.test.check.generators$fmap$fn__33585.invoke(Ljava/lang/Object;)Ljava/lang/Object; (24 bytes) @ 0x000000010f26de28 [0x000000010f26dd20+0x108]
J 4835 C2 clojure.test.check.generators$gen_fmap$fn__33559.invoke(Ljava/lang/Object;Ljava/lang/Object;)Ljava/lang/Object; (33 bytes) @ 0x000000010ebe4650 [0x000000010ebe45a0+0xb0]
J 4793 C2 clojure.test.check.generators$call_gen.invoke(Ljava/lang/Object;Ljava/lang/Object;Ljava/lang/Object;)Ljava/lang/Object; (13 bytes) @ 0x000000010ec62544 [0x000000010ec62400+0x144]
j  clojure.test.check$quick_check.invokeStatic(Ljava/lang/Object;Ljava/lang/Object;Lclojure/lang/ISeq;)Ljava/lang/Object;+425
j  clojure.test.check$quick_check.doInvoke(Ljava/lang/Object;Ljava/lang/Object;Ljava/lang/Object;)Ljava/lang/Object;+12
J 2550 C1 clojure.lang.RestFn.invoke(Ljava/lang/Object;Ljava/lang/Object;)Ljava/lang/Object; (119 bytes) @ 0x000000010ec6c8e4 [0x000000010ec6b8a0+0x1044]
J 4346 C2 clojure.lang.AFn.applyToHelper(Lclojure/lang/IFn;Lclojure/lang/ISeq;)Ljava/lang/Object; (3238 bytes) @ 0x000000010f3e2300 [0x000000010f3e16a0+0xc60]
J 4161 C2 clojure.lang.RestFn.applyTo(Lclojure/lang/ISeq;)Ljava/lang/Object; (3076 bytes) @ 0x000000010f2e396c [0x000000010f2e38c0+0xac]
J 4333 C2 clojure.core$apply.invoke(Ljava/lang/Object;Ljava/lang/Object;)Ljava/lang/Object; (10 bytes) @ 0x000000010f01dd68 [0x000000010f01dcc0+0xa8]
j  clojure.spec.gen.alpha$quick_check.invokeStatic(Lclojure/lang/ISeq;)Ljava/lang/Object;+32
j  clojure.spec.gen.alpha$quick_check.doInvoke(Ljava/lang/Object;)Ljava/lang/Object;+6
J 4161 C2 clojure.lang.RestFn.applyTo(Lclojure/lang/ISeq;)Ljava/lang/Object; (3076 bytes) @ 0x000000010f2e3d60 [0x000000010f2e38c0+0x4a0]
j  clojure.core$apply.invokeStatic(Ljava/lang/Object;Ljava/lang/Object;Ljava/lang/Object;Ljava/lang/Object;)Ljava/lang/Object;+21
j  clojure.core$apply.invoke(Ljava/lang/Object;Ljava/lang/Object;Ljava/lang/Object;Ljava/lang/Object;)Ljava/lang/Object;+14
j  clojure.spec.test.alpha$quick_check.invokeStatic(Ljava/lang/Object;Ljava/lang/Object;Ljava/lang/Object;)Ljava/lang/Object;+327
j  clojure.spec.test.alpha$quick_check.invoke(Ljava/lang/Object;Ljava/lang/Object;Ljava/lang/Object;)Ljava/lang/Object;+9
j  clojure.spec.test.alpha$check_1.invokeStatic(Ljava/lang/Object;Ljava/lang/Object;)Ljava/lang/Object;+548
j  clojure.spec.test.alpha$check_1.invoke(Ljava/lang/Object;Ljava/lang/Object;)Ljava/lang/Object;+6
j  clojure.spec.test.alpha$check$fn__3088.invoke(Ljava/lang/Object;)Ljava/lang/Object;+32
j  clojure.core$pmap$fn__8462$fn__8463.invoke()Ljava/lang/Object;+23
j  clojure.core$binding_conveyor_fn$fn__5754.invoke()Ljava/lang/Object;+16
j  clojure.lang.AFn.call()Ljava/lang/Object;+1
j  java.util.concurrent.FutureTask.run()V+42
j  java.util.concurrent.ThreadPoolExecutor.runWorker(Ljava/util/concurrent/ThreadPoolExecutor$Worker;)V+95
j  java.util.concurrent.ThreadPoolExecutor$Worker.run()V+5
j  java.lang.Thread.run()V+11
v  ~StubRoutines::call_stub

---------------  P R O C E S S  ---------------

Java Threads: ( => current thread )
  0x00007fcb40677000 JavaThread "nRepl-session-a1325c61-3780-4330-a8d1-752cad4c2afd" daemon [_thread_blocked, id=41731, stack(0x000070000cc51000,0x000070000cd51000)]
  0x00007fcb4066c000 JavaThread "nRepl-session-6a1d54e6-8954-4119-a96f-0ee583594514" daemon [_thread_blocked, id=23299, stack(0x000070000cb4e000,0x000070000cc4e000)]
  0x00007fcb433d1000 JavaThread "clojure-agent-send-off-pool-3" [_thread_in_native, id=42243, stack(0x000070000ca4b000,0x000070000cb4b000)]
  0x00007fcb40dd5000 JavaThread "clojure-agent-send-off-pool-2" [_thread_in_native, id=22787, stack(0x000070000c948000,0x000070000ca48000)]
  0x00007fcb438d3800 JavaThread "clojure-agent-send-off-pool-1" [_thread_blocked, id=22531, stack(0x000070000c845000,0x000070000c945000)]
=>0x00007fcb40672800 JavaThread "clojure-agent-send-off-pool-0" [_thread_in_native, id=43011, stack(0x000070000c742000,0x000070000c842000)]
  0x00007fcb3fbb5800 JavaThread "Attach Listener" daemon [_thread_blocked, id=22019, stack(0x000070000c63f000,0x000070000c73f000)]
  0x00007fcb4300c000 JavaThread "Service Thread" daemon [_thread_blocked, id=15875, stack(0x000070000c439000,0x000070000c539000)]
  0x00007fcb400e0800 JavaThread "C1 CompilerThread3" daemon [_thread_blocked, id=16387, stack(0x000070000c336000,0x000070000c436000)]
  0x00007fcb400df800 JavaThread "C2 CompilerThread2" daemon [_thread_blocked, id=15107, stack(0x000070000c233000,0x000070000c333000)]
  0x00007fcb400df000 JavaThread "C2 CompilerThread1" daemon [_thread_blocked, id=14595, stack(0x000070000c130000,0x000070000c230000)]
  0x00007fcb400de000 JavaThread "C2 CompilerThread0" daemon [_thread_in_native, id=14083, stack(0x000070000c02d000,0x000070000c12d000)]
  0x00007fcb41013800 JavaThread "Monitor Ctrl-Break" daemon [_thread_in_native, id=16899, stack(0x000070000bf2a000,0x000070000c02a000)]
  0x00007fcb40033000 JavaThread "Signal Dispatcher" daemon [_thread_blocked, id=17411, stack(0x000070000be27000,0x000070000bf27000)]
  0x00007fcb3f825000 JavaThread "Finalizer" daemon [_thread_blocked, id=12035, stack(0x000070000bc1e000,0x000070000bd1e000)]
  0x00007fcb42808800 JavaThread "Reference Handler" daemon [_thread_blocked, id=19459, stack(0x000070000bb1b000,0x000070000bc1b000)]
  0x00007fcb41009800 JavaThread "main" [_thread_blocked, id=3331, stack(0x000070000b0fd000,0x000070000b1fd000)]

Other Threads:
  0x00007fcb3f824800 VMThread [stack: 0x000070000ba18000,0x000070000bb18000] [id=11523]
  0x00007fcb40859800 WatcherThread [stack: 0x000070000c53c000,0x000070000c63c000] [id=21763]

VM state:not at safepoint (normal execution)

VM Mutex/Monitor currently owned by a thread: None

Heap:
 PSYoungGen      total 418816K, used 103838K [0x000000076ab00000, 0x0000000788000000, 0x00000007c0000000)
  eden space 403968K, 22% used [0x000000076ab00000,0x00000007704a8650,0x0000000783580000)
  from space 14848K, 81% used [0x0000000783580000,0x000000078413f4c8,0x0000000784400000)
  to   space 15872K, 0% used [0x0000000787080000,0x0000000787080000,0x0000000788000000)
 ParOldGen       total 245248K, used 28061K [0x00000006c0000000, 0x00000006cef80000, 0x000000076ab00000)
  object space 245248K, 11% used [0x00000006c0000000,0x00000006c1b67610,0x00000006cef80000)
 Metaspace       used 47718K, capacity 68440K, committed 68608K, reserved 1099776K
  class space    used 11991K, capacity 18345K, committed 18432K, reserved 1048576K

Card table byte_map: [0x000000010753a000,0x0000000107d3b000] byte_map_base: 0x0000000103f3a000

Marking Bits: (ParMarkBitMap*) 0x0000000106ac27a0
 Begin Bits: [0x000000011d20f000, 0x000000012120f000)
 End Bits:   [0x000000012120f000, 0x000000012520f000)

Polling page: 0x0000000105165000

CodeCache: size=245760Kb used=18882Kb max_used=18897Kb free=226877Kb
 bounds [0x000000010e20f000, 0x000000010f49f000, 0x000000011d20f000]
 total_blobs=4561 nmethods=4044 adapters=429
 compilation: enabled

Compilation events (10 events):
Event: 24.805 Thread 0x00007fcb400df800 nmethod 5314 0x000000010eac6f50 code [0x000000010eac70c0, 0x000000010eac7438]
Event: 24.807 Thread 0x00007fcb400df000 nmethod 5315 0x000000010eac8390 code [0x000000010eac8520, 0x000000010eac8a78]
Event: 24.809 Thread 0x00007fcb400df800 5320       4       provisdom.math.matrix$matrix_QMARK_$fn__4643::invoke (112 bytes)
Event: 24.809 Thread 0x00007fcb400df000 5321       4       java.nio.Buffer::limit (62 bytes)
Event: 24.810 Thread 0x00007fcb400df000 nmethod 5321 0x000000010f496f50 code [0x000000010f4970a0, 0x000000010f497198]
Event: 24.813 Thread 0x00007fcb400df000 5322 %s    4       java.lang.Throwable::getOurStackTrace @ 39 (80 bytes)
Event: 24.815 Thread 0x00007fcb400df000 nmethod 5322% 0x000000010eac7d10 code [0x000000010eac7e80, 0x000000010eac81e8]
Event: 24.819 Thread 0x00007fcb400df000 5323       4       java.nio.Buffer::<init> (121 bytes)
Event: 24.821 Thread 0x00007fcb400df000 nmethod 5323 0x000000010eac7810 code [0x000000010eac7980, 0x000000010eac7b38]
Event: 24.825 Thread 0x00007fcb400df800 nmethod 5320 0x000000010f49a510 code [0x000000010f49a7e0, 0x000000010f49b7e0]

GC Heap History (10 events):
Event: 14.598 GC heap before
{Heap before GC invocations=14 (full 3):
 PSYoungGen      total 338944K, used 7966K [0x000000076ab00000, 0x0000000785100000, 0x00000007c0000000)
  eden space 328704K, 0% used [0x000000076ab00000,0x000000076ab00000,0x000000077ec00000)
  from space 10240K, 77% used [0x000000077ec00000,0x000000077f3c79f8,0x000000077f600000)
  to   space 10240K, 0% used [0x0000000784700000,0x0000000784700000,0x0000000785100000)
 ParOldGen       total 167936K, used 14930K [0x00000006c0000000, 0x00000006ca400000, 0x000000076ab00000)
  object space 167936K, 8% used [0x00000006c0000000,0x00000006c0e948e8,0x00000006ca400000)
 Metaspace       used 41900K, capacity 59054K, committed 59160K, reserved 1093632K
  class space    used 10805K, capacity 15912K, committed 16000K, reserved 1048576K
Event: 14.779 GC heap after
Heap after GC invocations=14 (full 3):
 PSYoungGen      total 338944K, used 0K [0x000000076ab00000, 0x0000000785100000, 0x00000007c0000000)
  eden space 328704K, 0% used [0x000000076ab00000,0x000000076ab00000,0x000000077ec00000)
  from space 10240K, 0% used [0x000000077ec00000,0x000000077ec00000,0x000000077f600000)
  to   space 10240K, 0% used [0x0000000784700000,0x0000000784700000,0x0000000785100000)
 ParOldGen       total 245248K, used 22445K [0x00000006c0000000, 0x00000006cef80000, 0x000000076ab00000)
  object space 245248K, 9% used [0x00000006c0000000,0x00000006c15eb610,0x00000006cef80000)
 Metaspace       used 41893K, capacity 59042K, committed 59160K, reserved 1093632K
  class space    used 10802K, capacity 15908K, committed 16000K, reserved 1048576K
}
Event: 18.498 GC heap before
{Heap before GC invocations=15 (full 3):
 PSYoungGen      total 338944K, used 328704K [0x000000076ab00000, 0x0000000785100000, 0x00000007c0000000)
  eden space 328704K, 100% used [0x000000076ab00000,0x000000077ec00000,0x000000077ec00000)
  from space 10240K, 0% used [0x000000077ec00000,0x000000077ec00000,0x000000077f600000)
  to   space 10240K, 0% used [0x0000000784700000,0x0000000784700000,0x0000000785100000)
 ParOldGen       total 245248K, used 22445K [0x00000006c0000000, 0x00000006cef80000, 0x000000076ab00000)
  object space 245248K, 9% used [0x00000006c0000000,0x00000006c15eb610,0x00000006cef80000)
 Metaspace       used 43209K, capacity 61046K, committed 61336K, reserved 1093632K
  class space    used 11002K, capacity 16308K, committed 16384K, reserved 1048576K
Event: 18.500 GC heap after
Heap after GC invocations=15 (full 3):
 PSYoungGen      total 369664K, used 1600K [0x000000076ab00000, 0x0000000784900000, 0x00000007c0000000)
  eden space 367616K, 0% used [0x000000076ab00000,0x000000076ab00000,0x0000000781200000)
  from space 2048K, 78% used [0x0000000784700000,0x0000000784890000,0x0000000784900000)
  to   space 10752K, 0% used [0x0000000783400000,0x0000000783400000,0x0000000783e80000)
 ParOldGen       total 245248K, used 22453K [0x00000006c0000000, 0x00000006cef80000, 0x000000076ab00000)
  object space 245248K, 9% used [0x00000006c0000000,0x00000006c15ed610,0x00000006cef80000)
 Metaspace       used 43209K, capacity 61046K, committed 61336K, reserved 1093632K
  class space    used 11002K, capacity 16308K, committed 16384K, reserved 1048576K
}
Event: 19.160 GC heap before
{Heap before GC invocations=16 (full 3):
 PSYoungGen      total 369664K, used 369216K [0x000000076ab00000, 0x0000000784900000, 0x00000007c0000000)
  eden space 367616K, 100% used [0x000000076ab00000,0x0000000781200000,0x0000000781200000)
  from space 2048K, 78% used [0x0000000784700000,0x0000000784890000,0x0000000784900000)
  to   space 10752K, 0% used [0x0000000783400000,0x0000000783400000,0x0000000783e80000)
 ParOldGen       total 245248K, used 22453K [0x00000006c0000000, 0x00000006cef80000, 0x000000076ab00000)
  object space 245248K, 9% used [0x00000006c0000000,0x00000006c15ed610,0x00000006cef80000)
 Metaspace       used 44537K, capacity 62940K, committed 63104K, reserved 1095680K
  class space    used 11188K, capacity 16718K, committed 16768K, reserved 1048576K
Event: 19.162 GC heap after
Heap after GC invocations=16 (full 3):
 PSYoungGen      total 413184K, used 1088K [0x000000076ab00000, 0x0000000784f00000, 0x00000007c0000000)
  eden space 402432K, 0% used [0x000000076ab00000,0x000000076ab00000,0x0000000783400000)
  from space 10752K, 10% used [0x0000000783400000,0x0000000783510000,0x0000000783e80000)
  to   space 11264K, 0% used [0x0000000784400000,0x0000000784400000,0x0000000784f00000)
 ParOldGen       total 245248K, used 22453K [0x00000006c0000000, 0x00000006cef80000, 0x000000076ab00000)
  object space 245248K, 9% used [0x00000006c0000000,0x00000006c15ed610,0x00000006cef80000)
 Metaspace       used 44537K, capacity 62940K, committed 63104K, reserved 1095680K
  class space    used 11188K, capacity 16718K, committed 16768K, reserved 1048576K
}
Event: 20.103 GC heap before
{Heap before GC invocations=17 (full 3):
 PSYoungGen      total 413184K, used 403520K [0x000000076ab00000, 0x0000000784f00000, 0x00000007c0000000)
  eden space 402432K, 100% used [0x000000076ab00000,0x0000000783400000,0x0000000783400000)
  from space 10752K, 10% used [0x0000000783400000,0x0000000783510000,0x0000000783e80000)
  to   space 11264K, 0% used [0x0000000784400000,0x0000000784400000,0x0000000784f00000)
 ParOldGen       total 245248K, used 22453K [0x00000006c0000000, 0x00000006cef80000, 0x000000076ab00000)
  object space 245248K, 9% used [0x00000006c0000000,0x00000006c15ed610,0x00000006cef80000)
 Metaspace       used 45806K, capacity 65106K, committed 65280K, reserved 1097728K
  class space    used 11433K, capacity 17335K, committed 17408K, reserved 1048576K
Event: 20.113 GC heap after
Heap after GC invocations=17 (full 3):
 PSYoungGen      total 415232K, used 11255K [0x000000076ab00000, 0x0000000788400000, 0x00000007c0000000)
  eden space 403968K, 0% used [0x000000076ab00000,0x000000076ab00000,0x0000000783580000)
  from space 11264K, 99% used [0x0000000784400000,0x0000000784efdf38,0x0000000784f00000)
  to   space 14848K, 0% used [0x0000000783580000,0x0000000783580000,0x0000000784400000)
 ParOldGen       total 245248K, used 28053K [0x00000006c0000000, 0x00000006cef80000, 0x000000076ab00000)
  object space 245248K, 11% used [0x00000006c0000000,0x00000006c1b65610,0x00000006cef80000)
 Metaspace       used 45806K, capacity 65106K, committed 65280K, reserved 1097728K
  class space    used 11433K, capacity 17335K, committed 17408K, reserved 1048576K
}
Event: 24.649 GC heap before
{Heap before GC invocations=18 (full 3):
 PSYoungGen      total 415232K, used 415223K [0x000000076ab00000, 0x0000000788400000, 0x00000007c0000000)
  eden space 403968K, 100% used [0x000000076ab00000,0x0000000783580000,0x0000000783580000)
  from space 11264K, 99% used [0x0000000784400000,0x0000000784efdf38,0x0000000784f00000)
  to   space 14848K, 0% used [0x0000000783580000,0x0000000783580000,0x0000000784400000)
 ParOldGen       total 245248K, used 28053K [0x00000006c0000000, 0x00000006cef80000, 0x000000076ab00000)
  object space 245248K, 11% used [0x00000006c0000000,0x00000006c1b65610,0x00000006cef80000)
 Metaspace       used 47655K, capacity 68292K, committed 68608K, reserved 1099776K
  class space    used 11991K, capacity 18345K, committed 18432K, reserved 1048576K
Event: 24.656 GC heap after
Heap after GC invocations=18 (full 3):
 PSYoungGen      total 418816K, used 12029K [0x000000076ab00000, 0x0000000788000000, 0x00000007c0000000)
  eden space 403968K, 0% used [0x000000076ab00000,0x000000076ab00000,0x0000000783580000)
  from space 14848K, 81% used [0x0000000783580000,0x000000078413f4c8,0x0000000784400000)
  to   space 15872K, 0% used [0x0000000787080000,0x0000000787080000,0x0000000788000000)
 ParOldGen       total 245248K, used 28061K [0x00000006c0000000, 0x00000006cef80000, 0x000000076ab00000)
  object space 245248K, 11% used [0x00000006c0000000,0x00000006c1b67610,0x00000006cef80000)
 Metaspace       used 47655K, capacity 68292K, committed 68608K, reserved 1099776K
  class space    used 11991K, capacity 18345K, committed 18432K, reserved 1048576K
}

Deoptimization events (10 events):
Event: 22.168 Thread 0x00007fcb40672800 Uncommon trap: reason=class_check action=maybe_recompile pc=0x000000010e8355a8 method=clojure.lang.Numbers.dec(Ljava/lang/Object;)Ljava/lang/Number; @ 8
Event: 22.168 Thread 0x00007fcb40672800 Uncommon trap: reason=class_check action=maybe_recompile pc=0x000000010e4c5d70 method=clojure.lang.Numbers.isPos(Ljava/lang/Object;)Z @ 8
Event: 22.168 Thread 0x00007fcb40672800 Uncommon trap: reason=class_check action=maybe_recompile pc=0x000000010e8355a8 method=clojure.lang.Numbers.dec(Ljava/lang/Object;)Ljava/lang/Number; @ 8
Event: 22.168 Thread 0x00007fcb40672800 Uncommon trap: reason=class_check action=maybe_recompile pc=0x000000010e4c5d70 method=clojure.lang.Numbers.isPos(Ljava/lang/Object;)Z @ 8
Event: 22.168 Thread 0x00007fcb40672800 Uncommon trap: reason=class_check action=maybe_recompile pc=0x000000010e8355a8 method=clojure.lang.Numbers.dec(Ljava/lang/Object;)Ljava/lang/Number; @ 8
Event: 22.168 Thread 0x00007fcb40672800 Uncommon trap: reason=class_check action=maybe_recompile pc=0x000000010e330364 method=clojure.lang.Numbers.isPos(Ljava/lang/Object;)Z @ 8
Event: 22.177 Thread 0x00007fcb40672800 Uncommon trap: reason=bimorphic action=maybe_recompile pc=0x000000010f42e1a4 method=clojure.lang.Util.pcequiv(Ljava/lang/Object;Ljava/lang/Object;)Z @ 23
Event: 23.123 Thread 0x00007fcb40672800 Uncommon trap: reason=unstable_if action=reinterpret pc=0x000000010e6f7cf4 method=java.lang.Long.stringSize(J)I @ 11
Event: 23.269 Thread 0x00007fcb40672800 Uncommon trap: reason=bimorphic action=maybe_recompile pc=0x000000010f42e1a4 method=clojure.lang.Util.pcequiv(Ljava/lang/Object;Ljava/lang/Object;)Z @ 23
Event: 23.272 Thread 0x00007fcb40672800 Uncommon trap: reason=bimorphic action=maybe_recompile pc=0x000000010e935314 method=clojure.lang.Util.pcequiv(Ljava/lang/Object;Ljava/lang/Object;)Z @ 23

Internal exceptions (10 events):
Event: 1.119 Thread 0x00007fcb41009800 Implicit null exception at 0x000000010e6aa03f to 0x000000010e6aa149
Event: 1.183 Thread 0x00007fcb41009800 Implicit null exception at 0x000000010e6ec2b1 to 0x000000010e6ec3d1
Event: 1.205 Thread 0x00007fcb41009800 Implicit null exception at 0x000000010e778b34 to 0x000000010e7793a5
Event: 1.408 Thread 0x00007fcb41009800 Exception <a 'java/lang/NullPointerException'> (0x000000076bbda2d8) thrown at [/Users/java_re/workspace/8-2-build-macosx-x86_64/jdk8u45/3457/hotspot/src/share/vm/interpreter/linkResolver.cpp, line 1178]
Event: 1.409 Thread 0x00007fcb41009800 Implicit null exception at 0x000000010e925f8f to 0x000000010e926179
Event: 1.912 Thread 0x00007fcb41009800 Implicit null exception at 0x000000010eaffd40 to 0x000000010eafff31
Event: 3.120 Thread 0x00007fcb438d3800 Exception <a 'java/net/SocketException': Socket closed> (0x0000000771cf60a8) thrown at [/Users/java_re/workspace/8-2-build-macosx-x86_64/jdk8u45/3457/hotspot/src/share/vm/prims/jni.cpp, line 735]
Event: 10.416 Thread 0x00007fcb4066c000 Implicit null exception at 0x000000010ef49d78 to 0x000000010ef49e94
Event: 12.331 Thread 0x00007fcb4066c000 Implicit null exception at 0x000000010edb5f7f to 0x000000010edb6051
Event: 13.755 Thread 0x00007fcb4066c000 Implicit null exception at 0x000000010eb4486f to 0x000000010eb46bc9

Events (10 events):
Event: 24.420 Executing VM operation: ForceSafepoint
Event: 24.420 Executing VM operation: ForceSafepoint done
Event: 24.522 Thread 0x00007fcb40672800 DEOPT PACKING pc=0x000000010e8f68ba sp=0x000070000c83fdf0
Event: 24.522 Thread 0x00007fcb40672800 DEOPT UNPACKING pc=0x000000010e256633 sp=0x000070000c83fb28 mode 0
Event: 24.649 Executing VM operation: ParallelGCFailedAllocation
Event: 24.656 Executing VM operation: ParallelGCFailedAllocation done
Event: 24.658 Executing VM operation: RevokeBias
Event: 24.658 Executing VM operation: RevokeBias done
Event: 24.658 Executing VM operation: RevokeBias
Event: 24.658 Executing VM operation: RevokeBias done


Dynamic libraries:
0x00000000046be000 	/System/Library/Frameworks/Cocoa.framework/Versions/A/Cocoa
0x00000000046be000 	/System/Library/Frameworks/Security.framework/Versions/A/Security
0x00000000046be000 	/System/Library/Frameworks/ApplicationServices.framework/Versions/A/ApplicationServices
0x00000000046be000 	/usr/lib/libz.1.dylib
0x00000000046be000 	/usr/lib/libSystem.B.dylib
0x00000000046be000 	/usr/lib/libobjc.A.dylib
0x00000000046be000 	/System/Library/Frameworks/CoreFoundation.framework/Versions/A/CoreFoundation
0x00000000046be000 	/System/Library/Frameworks/Foundation.framework/Versions/C/Foundation
0x00000000046be000 	/System/Library/Frameworks/AppKit.framework/Versions/C/AppKit
0x00000000046be000 	/System/Library/Frameworks/CoreData.framework/Versions/A/CoreData
0x00000000046be000 	/System/Library/PrivateFrameworks/UIFoundation.framework/Versions/A/UIFoundation
0x00000000046be000 	/System/Library/PrivateFrameworks/RemoteViewServices.framework/Versions/A/RemoteViewServices
0x00000000046be000 	/System/Library/PrivateFrameworks/XCTTargetBootstrap.framework/Versions/A/XCTTargetBootstrap
0x00000000046be000 	/System/Library/Frameworks/CoreDisplay.framework/Versions/A/CoreDisplay
0x00000000046be000 	/System/Library/Frameworks/Metal.framework/Versions/A/Metal
0x00000000046be000 	/System/Library/PrivateFrameworks/DesktopServicesPriv.framework/Versions/A/DesktopServicesPriv
0x00000000046be000 	/usr/lib/liblangid.dylib
0x00000000046be000 	/System/Library/PrivateFrameworks/CoreSVG.framework/Versions/A/CoreSVG
0x00000000046be000 	/System/Library/PrivateFrameworks/SkyLight.framework/Versions/A/SkyLight
0x00000000046be000 	/System/Library/Frameworks/CoreGraphics.framework/Versions/A/CoreGraphics
0x00000000046be000 	/System/Library/Frameworks/Accelerate.framework/Versions/A/Accelerate
0x00000000046be000 	/usr/lib/libxml2.2.dylib
0x00000000046be000 	/System/Library/PrivateFrameworks/IconServices.framework/Versions/A/IconServices
0x00000000046be000 	/System/Library/Frameworks/IOSurface.framework/Versions/A/IOSurface
0x00000000046be000 	/usr/lib/libDiagnosticMessagesClient.dylib
0x00000000046be000 	/System/Library/PrivateFrameworks/DFRFoundation.framework/Versions/A/DFRFoundation
0x00000000046be000 	/usr/lib/libicucore.A.dylib
0x00000000046be000 	/System/Library/Frameworks/AudioToolbox.framework/Versions/A/AudioToolbox
0x00000000046be000 	/System/Library/Frameworks/AudioUnit.framework/Versions/A/AudioUnit
0x00000000046be000 	/usr/lib/libauto.dylib
0x00000000046be000 	/System/Library/PrivateFrameworks/DataDetectorsCore.framework/Versions/A/DataDetectorsCore
0x00000000046be000 	/System/Library/Frameworks/Carbon.framework/Versions/A/Frameworks/HIToolbox.framework/Versions/A/HIToolbox
0x00000000046be000 	/System/Library/Frameworks/QuartzCore.framework/Versions/A/QuartzCore
0x00000000046be000 	/System/Library/Frameworks/Carbon.framework/Versions/A/Frameworks/SpeechRecognition.framework/Versions/A/SpeechRecognition
0x00000000046be000 	/System/Library/PrivateFrameworks/CoreUI.framework/Versions/A/CoreUI
0x00000000046be000 	/System/Library/Frameworks/CoreAudio.framework/Versions/A/CoreAudio
0x00000000046be000 	/System/Library/Frameworks/DiskArbitration.framework/Versions/A/DiskArbitration
0x00000000046be000 	/System/Library/PrivateFrameworks/MultitouchSupport.framework/Versions/A/MultitouchSupport
0x00000000046be000 	/usr/lib/libenergytrace.dylib
0x00000000046be000 	/System/Library/Frameworks/IOKit.framework/Versions/A/IOKit
0x00000000046be000 	/System/Library/Frameworks/CoreServices.framework/Versions/A/CoreServices
0x00000000046be000 	/System/Library/PrivateFrameworks/PerformanceAnalysis.framework/Versions/A/PerformanceAnalysis
0x00000000046be000 	/System/Library/Frameworks/OpenGL.framework/Versions/A/OpenGL
0x00000000046be000 	/System/Library/Frameworks/ColorSync.framework/Versions/A/ColorSync
0x00000000046be000 	/System/Library/Frameworks/CoreImage.framework/Versions/A/CoreImage
0x00000000046be000 	/System/Library/Frameworks/CoreText.framework/Versions/A/CoreText
0x00000000046be000 	/System/Library/Frameworks/ImageIO.framework/Versions/A/ImageIO
0x00000000046be000 	/usr/lib/libc++.1.dylib
0x00000000046be000 	/usr/lib/libcompression.dylib
0x00000000046be000 	/usr/lib/libMobileGestalt.dylib
0x00000000046be000 	/System/Library/PrivateFrameworks/TextureIO.framework/Versions/A/TextureIO
0x00000000046be000 	/usr/lib/libate.dylib
0x00000000046be000 	/System/Library/PrivateFrameworks/InternationalSupport.framework/Versions/A/InternationalSupport
0x00000000046be000 	/usr/lib/system/libcache.dylib
0x00000000046be000 	/usr/lib/system/libcommonCrypto.dylib
0x00000000046be000 	/usr/lib/system/libcompiler_rt.dylib
0x00000000046be000 	/usr/lib/system/libcopyfile.dylib
0x00000000046be000 	/usr/lib/system/libcorecrypto.dylib
0x00000000046be000 	/usr/lib/system/libdispatch.dylib
0x00000000046be000 	/usr/lib/system/libdyld.dylib
0x00000000046be000 	/usr/lib/system/libkeymgr.dylib
0x00000000046be000 	/usr/lib/system/liblaunch.dylib
0x00000000046be000 	/usr/lib/system/libmacho.dylib
0x00000000046be000 	/usr/lib/system/libquarantine.dylib
0x00000000046be000 	/usr/lib/system/libremovefile.dylib
0x00000000046be000 	/usr/lib/system/libsystem_asl.dylib
0x00000000046be000 	/usr/lib/system/libsystem_blocks.dylib
0x00000000046be000 	/usr/lib/system/libsystem_c.dylib
0x00000000046be000 	/usr/lib/system/libsystem_configuration.dylib
0x00000000046be000 	/usr/lib/system/libsystem_coreservices.dylib
0x00000000046be000 	/usr/lib/system/libsystem_darwin.dylib
0x00000000046be000 	/usr/lib/system/libsystem_dnssd.dylib
0x00000000046be000 	/usr/lib/system/libsystem_featureflags.dylib
0x00000000046be000 	/usr/lib/system/libsystem_info.dylib
0x00000000046be000 	/usr/lib/system/libsystem_m.dylib
0x00000000046be000 	/usr/lib/system/libsystem_malloc.dylib
0x00000000046be000 	/usr/lib/system/libsystem_networkextension.dylib
0x00000000046be000 	/usr/lib/system/libsystem_notify.dylib
0x00000000046be000 	/usr/lib/system/libsystem_sandbox.dylib
0x00000000046be000 	/usr/lib/system/libsystem_secinit.dylib
0x00000000046be000 	/usr/lib/system/libsystem_kernel.dylib
0x00000000046be000 	/usr/lib/system/libsystem_platform.dylib
0x00000000046be000 	/usr/lib/system/libsystem_pthread.dylib
0x00000000046be000 	/usr/lib/system/libsystem_symptoms.dylib
0x00000000046be000 	/usr/lib/system/libsystem_trace.dylib
0x00000000046be000 	/usr/lib/system/libunwind.dylib
0x00000000046be000 	/usr/lib/system/libxpc.dylib
0x00000000046be000 	/usr/lib/libc++abi.dylib
0x00000000046be000 	/usr/lib/liblzma.5.dylib
0x00000000046be000 	/usr/lib/libfakelink.dylib
0x00000000046be000 	/usr/lib/libarchive.2.dylib
0x00000000046be000 	/System/Library/Frameworks/SystemConfiguration.framework/Versions/A/SystemConfiguration
0x00000000046be000 	/usr/lib/libCRFSuite.dylib
0x00000000046be000 	/System/Library/Frameworks/CFNetwork.framework/Versions/A/CFNetwork
0x00000000046be000 	/usr/lib/libbsm.0.dylib
0x00000000046be000 	/usr/lib/system/libkxld.dylib
0x00000000046be000 	/System/Library/PrivateFrameworks/AppleFSCompression.framework/Versions/A/AppleFSCompression
0x00000000046be000 	/usr/lib/libcoretls.dylib
0x00000000046be000 	/usr/lib/libcoretls_cfhelpers.dylib
0x00000000046be000 	/usr/lib/libpam.2.dylib
0x00000000046be000 	/usr/lib/libsqlite3.dylib
0x00000000046be000 	/usr/lib/libxar.1.dylib
0x00000000046be000 	/usr/lib/libbz2.1.0.dylib
0x00000000046be000 	/usr/lib/libiconv.2.dylib
0x00000000046be000 	/usr/lib/libcharset.1.dylib
0x00000000046be000 	/usr/lib/libnetwork.dylib
0x00000000046be000 	/usr/lib/libpcap.A.dylib
0x00000000046be000 	/usr/lib/libapple_nghttp2.dylib
0x00000000046be000 	/System/Library/Frameworks/CoreServices.framework/Versions/A/Frameworks/FSEvents.framework/Versions/A/FSEvents
0x00000000046be000 	/System/Library/Frameworks/CoreServices.framework/Versions/A/Frameworks/CarbonCore.framework/Versions/A/CarbonCore
0x00000000046be000 	/System/Library/Frameworks/CoreServices.framework/Versions/A/Frameworks/Metadata.framework/Versions/A/Metadata
0x00000000046be000 	/System/Library/Frameworks/CoreServices.framework/Versions/A/Frameworks/OSServices.framework/Versions/A/OSServices
0x00000000046be000 	/System/Library/Frameworks/CoreServices.framework/Versions/A/Frameworks/SearchKit.framework/Versions/A/SearchKit
0x00000000046be000 	/System/Library/Frameworks/CoreServices.framework/Versions/A/Frameworks/AE.framework/Versions/A/AE
0x00000000046be000 	/System/Library/Frameworks/CoreServices.framework/Versions/A/Frameworks/LaunchServices.framework/Versions/A/LaunchServices
0x00000000046be000 	/System/Library/Frameworks/CoreServices.framework/Versions/A/Frameworks/DictionaryServices.framework/Versions/A/DictionaryServices
0x00000000046be000 	/System/Library/Frameworks/CoreServices.framework/Versions/A/Frameworks/SharedFileList.framework/Versions/A/SharedFileList
0x00000000046be000 	/System/Library/Frameworks/NetFS.framework/Versions/A/NetFS
0x00000000046be000 	/System/Library/PrivateFrameworks/NetAuth.framework/Versions/A/NetAuth
0x00000000046be000 	/System/Library/PrivateFrameworks/login.framework/Versions/A/Frameworks/loginsupport.framework/Versions/A/loginsupport
0x00000000046be000 	/System/Library/PrivateFrameworks/TCC.framework/Versions/A/TCC
0x00000000046be000 	/System/Library/PrivateFrameworks/CoreNLP.framework/Versions/A/CoreNLP
0x00000000046be000 	/System/Library/PrivateFrameworks/MetadataUtilities.framework/Versions/A/MetadataUtilities
0x00000000046be000 	/usr/lib/libmecabra.dylib
0x00000000046be000 	/usr/lib/libmecab.dylib
0x00000000046be000 	/usr/lib/libgermantok.dylib
0x00000000046be000 	/usr/lib/libThaiTokenizer.dylib
0x00000000046be000 	/usr/lib/libChineseTokenizer.dylib
0x00000000046be000 	/System/Library/Frameworks/Accelerate.framework/Versions/A/Frameworks/vImage.framework/Versions/A/vImage
0x00000000046be000 	/System/Library/Frameworks/Accelerate.framework/Versions/A/Frameworks/vecLib.framework/Versions/A/vecLib
0x00000000046be000 	/System/Library/Frameworks/Accelerate.framework/Versions/A/Frameworks/vecLib.framework/Versions/A/libvMisc.dylib
0x00000000046be000 	/System/Library/Frameworks/Accelerate.framework/Versions/A/Frameworks/vecLib.framework/Versions/A/libvDSP.dylib
0x00000000046be000 	/System/Library/Frameworks/Accelerate.framework/Versions/A/Frameworks/vecLib.framework/Versions/A/libBLAS.dylib
0x00000000046be000 	/System/Library/Frameworks/Accelerate.framework/Versions/A/Frameworks/vecLib.framework/Versions/A/libLAPACK.dylib
0x00000000046be000 	/System/Library/Frameworks/Accelerate.framework/Versions/A/Frameworks/vecLib.framework/Versions/A/libLinearAlgebra.dylib
0x00000000046be000 	/System/Library/Frameworks/Accelerate.framework/Versions/A/Frameworks/vecLib.framework/Versions/A/libSparseBLAS.dylib
0x00000000046be000 	/System/Library/Frameworks/Accelerate.framework/Versions/A/Frameworks/vecLib.framework/Versions/A/libQuadrature.dylib
0x00000000046be000 	/System/Library/Frameworks/Accelerate.framework/Versions/A/Frameworks/vecLib.framework/Versions/A/libBNNS.dylib
0x00000000046be000 	/System/Library/Frameworks/Accelerate.framework/Versions/A/Frameworks/vecLib.framework/Versions/A/libSparse.dylib
0x00000000046be000 	/System/Library/PrivateFrameworks/LanguageModeling.framework/Versions/A/LanguageModeling
0x00000000046be000 	/System/Library/PrivateFrameworks/CoreEmoji.framework/Versions/A/CoreEmoji
0x00000000046be000 	/System/Library/PrivateFrameworks/LinguisticData.framework/Versions/A/LinguisticData
0x00000000046be000 	/System/Library/PrivateFrameworks/Lexicon.framework/Versions/A/Lexicon
0x00000000046be000 	/usr/lib/libcmph.dylib
0x00000000046be000 	/System/Library/Frameworks/OpenDirectory.framework/Versions/A/Frameworks/CFOpenDirectory.framework/Versions/A/CFOpenDirectory
0x00000000046be000 	/System/Library/Frameworks/OpenDirectory.framework/Versions/A/OpenDirectory
0x00000000046be000 	/System/Library/PrivateFrameworks/APFS.framework/Versions/A/APFS
0x00000000046be000 	/System/Library/Frameworks/SecurityFoundation.framework/Versions/A/SecurityFoundation
0x00000000046be000 	/usr/lib/libutil.dylib
0x00000000046be000 	/System/Library/PrivateFrameworks/CoreServicesStore.framework/Versions/A/CoreServicesStore
0x00000000046be000 	/System/Library/Frameworks/ServiceManagement.framework/Versions/A/ServiceManagement
0x00000000046be000 	/System/Library/PrivateFrameworks/BackgroundTaskManagement.framework/Versions/A/BackgroundTaskManagement
0x00000000046be000 	/usr/lib/libxslt.1.dylib
0x00000000046be000 	/System/Library/PrivateFrameworks/AppleSystemInfo.framework/Versions/A/AppleSystemInfo
0x00000000046be000 	/System/Library/Frameworks/ImageIO.framework/Versions/A/Resources/libJPEG.dylib
0x00000000046be000 	/System/Library/Frameworks/ImageIO.framework/Versions/A/Resources/libTIFF.dylib
0x00000000046be000 	/System/Library/Frameworks/ImageIO.framework/Versions/A/Resources/libPng.dylib
0x00000000046be000 	/System/Library/Frameworks/ImageIO.framework/Versions/A/Resources/libGIF.dylib
0x00000000046be000 	/System/Library/Frameworks/ImageIO.framework/Versions/A/Resources/libJP2.dylib
0x00000000046be000 	/System/Library/Frameworks/ImageIO.framework/Versions/A/Resources/libRadiance.dylib
0x00000000046be000 	/usr/lib/libexpat.1.dylib
0x00000000046be000 	/System/Library/PrivateFrameworks/AppleJPEG.framework/Versions/A/AppleJPEG
0x00000000046be000 	/System/Library/PrivateFrameworks/FontServices.framework/libFontParser.dylib
0x00000000046be000 	/System/Library/PrivateFrameworks/WatchdogClient.framework/Versions/A/WatchdogClient
0x00000000046be000 	/System/Library/PrivateFrameworks/IOAccelerator.framework/Versions/A/IOAccelerator
0x00000000046be000 	/System/Library/Frameworks/MetalPerformanceShaders.framework/Versions/A/MetalPerformanceShaders
0x00000000046be000 	/System/Library/PrivateFrameworks/GPUWrangler.framework/Versions/A/GPUWrangler
0x00000000046be000 	/System/Library/PrivateFrameworks/IOPresentment.framework/Versions/A/IOPresentment
0x00000000046be000 	/System/Library/PrivateFrameworks/DSExternalDisplay.framework/Versions/A/DSExternalDisplay
0x00000000046be000 	/System/Library/Frameworks/OpenGL.framework/Versions/A/Libraries/libCoreFSCache.dylib
0x00000000046be000 	/System/Library/Frameworks/MetalPerformanceShaders.framework/Frameworks/MPSCore.framework/Versions/A/MPSCore
0x00000000046be000 	/System/Library/Frameworks/MetalPerformanceShaders.framework/Frameworks/MPSImage.framework/Versions/A/MPSImage
0x00000000046be000 	/System/Library/Frameworks/MetalPerformanceShaders.framework/Frameworks/MPSNeuralNetwork.framework/Versions/A/MPSNeuralNetwork
0x00000000046be000 	/System/Library/Frameworks/MetalPerformanceShaders.framework/Frameworks/MPSMatrix.framework/Versions/A/MPSMatrix
0x00000000046be000 	/System/Library/Frameworks/MetalPerformanceShaders.framework/Frameworks/MPSRayIntersector.framework/Versions/A/MPSRayIntersector
0x00000000046be000 	/System/Library/Frameworks/MetalPerformanceShaders.framework/Frameworks/MPSNDArray.framework/Versions/A/MPSNDArray
0x00000000046be000 	/System/Library/PrivateFrameworks/MetalTools.framework/Versions/A/MetalTools
0x00000000046be000 	/System/Library/PrivateFrameworks/AggregateDictionary.framework/Versions/A/AggregateDictionary
0x00000000046be000 	/System/Library/PrivateFrameworks/CoreAnalytics.framework/Versions/A/CoreAnalytics
0x00000000046be000 	/System/Library/PrivateFrameworks/AppleSauce.framework/Versions/A/AppleSauce
0x00000000046be000 	/usr/lib/libIOReport.dylib
0x00000000046be000 	/System/Library/Frameworks/CoreVideo.framework/Versions/A/CoreVideo
0x00000000046be000 	/System/Library/PrivateFrameworks/GraphVisualizer.framework/Versions/A/GraphVisualizer
0x00000000046be000 	/System/Library/PrivateFrameworks/FaceCore.framework/Versions/A/FaceCore
0x00000000046be000 	/System/Library/Frameworks/OpenCL.framework/Versions/A/OpenCL
0x00000000046be000 	/usr/lib/libFosl_dynamic.dylib
0x00000000046be000 	/System/Library/PrivateFrameworks/OTSVG.framework/Versions/A/OTSVG
0x00000000046be000 	/System/Library/Frameworks/ApplicationServices.framework/Versions/A/Frameworks/ATS.framework/Versions/A/Resources/libFontRegistry.dylib
0x00000000046be000 	/System/Library/PrivateFrameworks/FontServices.framework/libhvf.dylib
0x00000000046be000 	/System/Library/Frameworks/OpenGL.framework/Versions/A/Libraries/libGFXShared.dylib
0x00000000046be000 	/System/Library/Frameworks/OpenGL.framework/Versions/A/Libraries/libGLU.dylib
0x00000000046be000 	/System/Library/Frameworks/OpenGL.framework/Versions/A/Libraries/libGL.dylib
0x00000000046be000 	/System/Library/Frameworks/OpenGL.framework/Versions/A/Libraries/libGLImage.dylib
0x00000000046be000 	/System/Library/Frameworks/OpenGL.framework/Versions/A/Libraries/libCVMSPluginSupport.dylib
0x00000000046be000 	/System/Library/Frameworks/OpenGL.framework/Versions/A/Libraries/libCoreVMClient.dylib
0x00000000046be000 	/usr/lib/libncurses.5.4.dylib
0x00000000046be000 	/System/Library/Frameworks/ApplicationServices.framework/Versions/A/Frameworks/ATS.framework/Versions/A/ATS
0x00000000046be000 	/System/Library/Frameworks/ApplicationServices.framework/Versions/A/Frameworks/ColorSyncLegacy.framework/Versions/A/ColorSyncLegacy
0x00000000046be000 	/System/Library/Frameworks/ApplicationServices.framework/Versions/A/Frameworks/HIServices.framework/Versions/A/HIServices
0x00000000046be000 	/System/Library/Frameworks/ApplicationServices.framework/Versions/A/Frameworks/LangAnalysis.framework/Versions/A/LangAnalysis
0x00000000046be000 	/System/Library/Frameworks/ApplicationServices.framework/Versions/A/Frameworks/PrintCore.framework/Versions/A/PrintCore
0x00000000046be000 	/System/Library/Frameworks/ApplicationServices.framework/Versions/A/Frameworks/QD.framework/Versions/A/QD
0x00000000046be000 	/System/Library/Frameworks/ApplicationServices.framework/Versions/A/Frameworks/SpeechSynthesis.framework/Versions/A/SpeechSynthesis
0x00000000046be000 	/System/Library/Frameworks/ApplicationServices.framework/Versions/A/Frameworks/ATSUI.framework/Versions/A/ATSUI
0x00000000046be000 	/usr/lib/libcups.2.dylib
0x00000000046be000 	/System/Library/Frameworks/Kerberos.framework/Versions/A/Kerberos
0x00000000046be000 	/System/Library/Frameworks/GSS.framework/Versions/A/GSS
0x00000000046be000 	/usr/lib/libresolv.9.dylib
0x00000000046be000 	/System/Library/PrivateFrameworks/Heimdal.framework/Versions/A/Heimdal
0x00000000046be000 	/System/Library/Frameworks/Kerberos.framework/Versions/A/Libraries/libHeimdalProxy.dylib
0x00000000046be000 	/usr/lib/libheimdal-asn1.dylib
0x00000000046be000 	/System/Library/PrivateFrameworks/CommonAuth.framework/Versions/A/CommonAuth
0x00000000046be000 	/System/Library/PrivateFrameworks/AssertionServices.framework/Versions/A/AssertionServices
0x00000000046be000 	/System/Library/PrivateFrameworks/AudioToolboxCore.framework/Versions/A/AudioToolboxCore
0x00000000046be000 	/System/Library/PrivateFrameworks/caulk.framework/Versions/A/caulk
0x00000000046be000 	/System/Library/PrivateFrameworks/BaseBoard.framework/Versions/A/BaseBoard
0x00000000046be000 	/System/Library/PrivateFrameworks/RunningBoardServices.framework/Versions/A/RunningBoardServices
0x00000000046be000 	/System/Library/PrivateFrameworks/PersistentConnection.framework/Versions/A/PersistentConnection
0x00000000046be000 	/System/Library/PrivateFrameworks/ProtocolBuffer.framework/Versions/A/ProtocolBuffer
0x00000000046be000 	/System/Library/PrivateFrameworks/CommonUtilities.framework/Versions/A/CommonUtilities
0x00000000046be000 	/System/Library/PrivateFrameworks/Bom.framework/Versions/A/Bom
0x00000000046be000 	/usr/lib/libAudioToolboxUtility.dylib
0x00000000046be000 	/System/Library/PrivateFrameworks/Backup.framework/Versions/A/Backup
0x00000000046be000 	/System/Library/PrivateFrameworks/CrashReporterSupport.framework/Versions/A/CrashReporterSupport
0x00000000046be000 	/System/Library/PrivateFrameworks/Sharing.framework/Versions/A/Sharing
0x00000000046be000 	/System/Library/PrivateFrameworks/Apple80211.framework/Versions/A/Apple80211
0x00000000046be000 	/System/Library/PrivateFrameworks/AuthKit.framework/Versions/A/AuthKit
0x00000000046be000 	/System/Library/PrivateFrameworks/CoreUtils.framework/Versions/A/CoreUtils
0x00000000046be000 	/System/Library/Frameworks/CoreWLAN.framework/Versions/A/CoreWLAN
0x00000000046be000 	/System/Library/Frameworks/IOBluetooth.framework/Versions/A/IOBluetooth
0x00000000046be000 	/System/Library/PrivateFrameworks/MobileKeyBag.framework/Versions/A/MobileKeyBag
0x00000000046be000 	/System/Library/PrivateFrameworks/CorePhoneNumbers.framework/Versions/A/CorePhoneNumbers
0x00000000046be000 	/System/Library/PrivateFrameworks/AppleIDAuthSupport.framework/Versions/A/AppleIDAuthSupport
0x00000000046be000 	/System/Library/Frameworks/Network.framework/Versions/A/Network
0x00000000046be000 	/System/Library/PrivateFrameworks/KeychainCircle.framework/Versions/A/KeychainCircle
0x00000000046be000 	/System/Library/Frameworks/CoreBluetooth.framework/Versions/A/CoreBluetooth
0x00000000046be000 	/System/Library/PrivateFrameworks/SpeechRecognitionCore.framework/Versions/A/SpeechRecognitionCore
0x0000000106200000 	/Library/Java/JavaVirtualMachines/jdk1.8.0_45.jdk/Contents/Home/jre/lib/server/libjvm.dylib
0x00000000046be000 	/usr/lib/libstdc++.6.dylib
0x0000000105122000 	/Library/Java/JavaVirtualMachines/jdk1.8.0_45.jdk/Contents/Home/jre/lib/libverify.dylib
0x0000000105130000 	/Library/Java/JavaVirtualMachines/jdk1.8.0_45.jdk/Contents/Home/jre/lib/libjava.dylib
0x0000000105166000 	/Library/Java/JavaVirtualMachines/jdk1.8.0_45.jdk/Contents/Home/jre/lib/libinstrument.dylib
0x0000000107171000 	/Library/Java/JavaVirtualMachines/jdk1.8.0_45.jdk/Contents/Home/jre/lib/libzip.dylib
0x00000000046be000 	/System/Library/Frameworks/JavaVM.framework/Versions/A/Frameworks/JavaRuntimeSupport.framework/Versions/A/JavaRuntimeSupport
0x00000000046be000 	/System/Library/Frameworks/JavaVM.framework/Versions/A/Frameworks/JavaNativeFoundation.framework/Versions/A/JavaNativeFoundation
0x00000000046be000 	/System/Library/Frameworks/JavaVM.framework/Versions/A/JavaVM
0x00000000046be000 	/System/Library/Frameworks/Carbon.framework/Versions/A/Carbon
0x00000000046be000 	/System/Library/PrivateFrameworks/CoreSymbolication.framework/Versions/A/CoreSymbolication
0x00000000046be000 	/System/Library/PrivateFrameworks/JavaLaunching.framework/Versions/A/JavaLaunching
0x00000000046be000 	/System/Library/Frameworks/Carbon.framework/Versions/A/Frameworks/CommonPanels.framework/Versions/A/CommonPanels
0x00000000046be000 	/System/Library/Frameworks/Carbon.framework/Versions/A/Frameworks/Help.framework/Versions/A/Help
0x00000000046be000 	/System/Library/Frameworks/Carbon.framework/Versions/A/Frameworks/ImageCapture.framework/Versions/A/ImageCapture
0x00000000046be000 	/System/Library/Frameworks/Carbon.framework/Versions/A/Frameworks/OpenScripting.framework/Versions/A/OpenScripting
0x00000000046be000 	/System/Library/Frameworks/Carbon.framework/Versions/A/Frameworks/Ink.framework/Versions/A/Ink
0x00000000046be000 	/System/Library/Frameworks/Carbon.framework/Versions/A/Frameworks/Print.framework/Versions/A/Print
0x00000000046be000 	/System/Library/Frameworks/Carbon.framework/Versions/A/Frameworks/SecurityHI.framework/Versions/A/SecurityHI
0x00000000046be000 	/System/Library/PrivateFrameworks/DebugSymbols.framework/Versions/A/DebugSymbols
0x000000010cf78000 	/Library/Java/JavaVirtualMachines/jdk1.8.0_45.jdk/Contents/Home/jre/lib/libnet.dylib
0x000000010d0e6000 	/private/var/folders/tc/dww5xbg95jd7fky8pq6jdr0c0000gp/T/libneanderthal-mkl-0.30.04733497990063913121.jnilib
0x000000012811c000 	/opt/intel/compilers_and_libraries_2018.3.185/mac/mkl/lib/libmkl_intel_lp64.dylib
0x0000000129598000 	/opt/intel/compilers_and_libraries_2018.3.185/mac/mkl/lib/libmkl_intel_thread.dylib
0x000000012bfee000 	/opt/intel/compilers_and_libraries_2018.3.185/mac/mkl/lib/libmkl_core.dylib
0x00000001256b0000 	/opt/intel/compilers_and_libraries_2018.3.185/mac/compiler/lib/libiomp5.dylib
0x000000012ff0a000 	/opt/intel/compilers_and_libraries_2018.3.185/mac/mkl/lib/libmkl_vml_avx2.dylib
0x0000000130f46000 	/opt/intel/compilers_and_libraries_2018.3.185/mac/mkl/lib/libmkl_avx2.dylib
0x000000010d0bc000 	/private/var/folders/tc/dww5xbg95jd7fky8pq6jdr0c0000gp/T/libneanderthal-mkl-0.30.06117086799328160724.jnilib
0x000000010d160000 	/private/var/folders/tc/dww5xbg95jd7fky8pq6jdr0c0000gp/T/libneanderthal-mkl-0.30.04504984696620514368.jnilib

VM Arguments:
jvm_args: -javaagent:/Users/Mark1/Library/Application Support/JetBrains/Toolbox/apps/IDEA-C/ch-0/201.7223.91/IntelliJ IDEA CE.app/Contents/lib/idea_rt.jar=53529:/Users/Mark1/Library/Application Support/JetBrains/Toolbox/apps/IDEA-C/ch-0/201.7223.91/IntelliJ IDEA CE.app/Contents/bin -Dfile.encoding=UTF-8 
java_command: clojure.main -i /private/var/folders/tc/dww5xbg95jd7fky8pq6jdr0c0000gp/T/form-init17119428505266539546.clj
java_class_path (initial): /Users/Mark1/Library/Application Support/JetBrains/Toolbox/apps/IDEA-C/ch-0/201.7223.91/IntelliJ IDEA CE.app.plugins/clojure-plugin/lib/nrepl-0.6.0.jar:/Library/Java/JavaVirtualMachines/jdk1.8.0_45.jdk/Contents/Home/lib/ant-javafx.jar:/Library/Java/JavaVirtualMachines/jdk1.8.0_45.jdk/Contents/Home/lib/dt.jar:/Library/Java/JavaVirtualMachines/jdk1.8.0_45.jdk/Contents/Home/lib/javafx-mx.jar:/Library/Java/JavaVirtualMachines/jdk1.8.0_45.jdk/Contents/Home/lib/jconsole.jar:/Library/Java/JavaVirtualMachines/jdk1.8.0_45.jdk/Contents/Home/lib/packager.jar:/Library/Java/JavaVirtualMachines/jdk1.8.0_45.jdk/Contents/Home/lib/sa-jdi.jar:/Library/Java/JavaVirtualMachines/jdk1.8.0_45.jdk/Contents/Home/lib/tools.jar:/Library/Java/JavaVirtualMachines/jdk1.8.0_45.jdk/Contents/Home/jre/lib/charsets.jar:/Library/Java/JavaVirtualMachines/jdk1.8.0_45.jdk/Contents/Home/jre/lib/deploy.jar:/Library/Java/JavaVirtualMachines/jdk1.8.0_45.jdk/Contents/Home/jre/lib/javaws.jar:/Library/Java/JavaVirtualMachines/jdk1.8.0_45.jdk/Contents/Home/jre/lib/jce.jar:/Library/Java/JavaVirtualMachines/jdk1.8.0_45.jdk/Contents/Home/jre/lib/jfr.jar:/Library/Java/JavaVirtualMachines/jdk1.8.0_45.jdk/Contents/Home/jre/lib/jfxswt.jar:/Library/Java/JavaVirtualMachines/jdk1.8.0_45.jdk/Contents/Home/jre/lib/jsse.jar:/Library/Java/JavaVirtualMachines/jdk1.8.0_45.jdk/Contents/Home/jre/lib/management-agent.jar:/Library/Java/JavaVirtualMachines/jdk1.8.0_45.jdk/Contents/Home/jre/lib/plugin.jar:/Library/Java/JavaVirtualMachines/jdk1.8.0_45.jdk/Contents/Home/jre/lib/resources.jar:/Library/Java/JavaVirtualMachines/jdk1.8.0_45.jdk/Contents/Home/jre/lib/rt.jar:/Library/Java/JavaVirtualMachines/jdk1.8.0_45.jdk/Contents/Home/jre/lib/ext/cldrdata.jar:/Library/Java/JavaVirtualMachines/jdk1.8.0_45.jdk/Contents/Home/jre/lib/ext/dnsns.jar:/Library/Java/JavaVirtualMachines/jdk1.8.0_45.jdk/Contents/Home/jre/lib/ext/jfxrt.jar:/Library/Java/JavaVirtualMachines/jdk1.8.0_45.jdk/Contents/Home/jre/lib/ext/localed
Launcher Type: SUN_STANDARD

Environment Variables:
PATH=/usr/local/bin:/usr/bin:/bin:/usr/sbin:/sbin:/Users/Mark1/anaconda3/bin:/usr/local/git/bin:/usr/local/go/bin:/usr/texbin:
SHELL=/usr/local/bin/fish

Signal Handlers:
SIGSEGV: [libjvm.dylib+0x58ef95], sa_mask[0]=11111111011111110111111111111111, sa_flags=SA_ONSTACK|SA_RESTART|SA_SIGINFO
SIGBUS: [libjvm.dylib+0x58ef95], sa_mask[0]=11111111011111110111111111111111, sa_flags=SA_RESTART|SA_SIGINFO
SIGFPE: [libjvm.dylib+0x46c108], sa_mask[0]=11111111011111110111111111111111, sa_flags=SA_RESTART|SA_SIGINFO
SIGPIPE: [libjvm.dylib+0x46c108], sa_mask[0]=11111111011111110111111111111111, sa_flags=SA_RESTART|SA_SIGINFO
SIGXFSZ: [libjvm.dylib+0x46c108], sa_mask[0]=11111111011111110111111111111111, sa_flags=SA_RESTART|SA_SIGINFO
SIGILL: [libjvm.dylib+0x46c108], sa_mask[0]=11111111011111110111111111111111, sa_flags=SA_RESTART|SA_SIGINFO
SIGUSR1: SIG_DFL, sa_mask[0]=00000000000000000000000000000000, sa_flags=none
SIGUSR2: [libjvm.dylib+0x46bc26], sa_mask[0]=00100000000000000000000000000000, sa_flags=SA_RESTART|SA_SIGINFO
SIGHUP: [libjvm.dylib+0x46a1f9], sa_mask[0]=11111111011111110111111111111111, sa_flags=SA_RESTART|SA_SIGINFO
SIGINT: [libjvm.dylib+0x46a1f9], sa_mask[0]=11111111011111110111111111111111, sa_flags=SA_RESTART|SA_SIGINFO
SIGTERM: [libjvm.dylib+0x46a1f9], sa_mask[0]=11111111011111110111111111111111, sa_flags=SA_RESTART|SA_SIGINFO
SIGQUIT: [libjvm.dylib+0x46a1f9], sa_mask[0]=11111111011111110111111111111111, sa_flags=SA_RESTART|SA_SIGINFO


---------------  S Y S T E M  ---------------

OS:Bsduname:Darwin 19.4.0 Darwin Kernel Version 19.4.0: Wed Mar  4 22:28:40 PST 2020; root:xnu-6153.101.6~15/RELEASE_X86_64 x86_64
rlimit: STACK 8192k, CORE 0k, NPROC 2784, NOFILE 10240, AS infinity
load average:3.20 3.14 2.95

CPU:total 8 (4 cores per cpu, 2 threads per core) family 6 model 70 stepping 1, cmov, cx8, fxsr, mmx, sse, sse2, sse3, ssse3, sse4.1, sse4.2, popcnt, avx, avx2, aes, clmul, erms, lzcnt, ht, tsc, tscinvbit, bmi1, bmi2

Memory: 4k page, physical 16777216k(29992k free)

/proc/meminfo:


vm_info: Java HotSpot(TM) 64-Bit Server VM (25.45-b02) for bsd-amd64 JRE (1.8.0_45-b14), built on Apr 10 2015 10:46:38 by "java_re" with gcc 4.2.1 (Based on Apple Inc. build 5658) (LLVM build 2336.11.00)

time: Thu May 21 15:13:56 2020
elapsed time: 24 seconds (0d 0h 0m 24s)

